{"contracts/dp-token-smart-contract.sol":{"l":{"122":163,"126":0,"130":0,"323":8,"324":8,"331":0,"339":0,"356":0,"363":0,"370":520,"382":0,"383":0,"384":0,"394":163,"411":0,"412":0,"413":0,"437":0,"438":0,"439":0,"440":0,"454":133,"455":0,"457":133,"458":0,"460":133,"471":141,"473":8,"475":133,"476":133,"477":0,"479":133,"481":133,"485":141,"486":0,"488":0,"491":141,"493":141,"497":141,"509":8,"510":0,"512":8,"524":0,"525":0,"527":0,"546":158,"572":158,"573":0,"575":158,"576":0,"578":158,"579":158,"580":158,"597":0,"598":0,"599":0,"600":0,"606":0,"607":0,"615":0,"616":0,"617":0,"621":0,"622":0,"623":0,"627":0,"631":0,"637":0,"650":8,"654":45,"655":41,"659":45,"663":45,"667":0,"671":0,"675":0,"679":8,"680":8,"681":8,"695":238,"702":7,"703":7,"710":7,"711":7,"718":8,"725":7,"726":7,"733":7,"734":7,"745":8,"749":0,"750":0,"751":0,"755":0,"757":0,"761":0,"765":0,"806":110,"807":108,"811":8,"812":8,"813":8,"814":8,"815":8,"816":8,"817":8,"818":8,"819":8,"820":8,"821":8,"822":8,"826":9,"833":48,"838":48,"845":0,"846":0,"850":0,"851":0,"859":108,"861":108,"863":106,"866":2,"870":2,"873":108,"880":7,"881":7,"882":7,"889":4,"893":2,"894":2,"899":3,"900":2,"901":2,"908":2,"912":2,"913":2,"917":1,"918":1,"919":1,"923":1,"924":1,"925":1,"931":2,"932":2,"933":2,"934":2,"935":2,"939":2,"940":2,"941":2,"942":2,"946":2,"947":2,"948":2,"949":2,"950":2,"954":2,"955":2,"956":2,"957":2,"961":1,"962":1,"966":275,"970":279,"978":276,"979":276,"982":276,"988":275,"989":0,"993":275,"998":0,"1003":132,"1007":0,"1011":0,"1024":132,"1025":132,"1026":132,"1034":27,"1038":26,"1044":26,"1045":2,"1052":25,"1053":24,"1060":23,"1063":23,"1066":23,"1067":23,"1070":23,"1071":1,"1075":23,"1076":2,"1080":23,"1089":113,"1093":113,"1098":113,"1099":105,"1104":111,"1105":107,"1111":110,"1112":110,"1117":110,"1120":110,"1126":109,"1127":0,"1131":109,"1132":109,"1133":109,"1134":109,"1136":109,"1137":0,"1140":109,"1148":133,"1152":133,"1156":133,"1158":133},"path":"/Volumes/Data/DPMC/dpmc-github-repo_jan06/dpmc-smart-contracts/contracts/dp-token-smart-contract.sol","s":{"1":163,"2":0,"3":0,"4":0,"5":0,"6":0,"7":0,"8":520,"9":0,"10":0,"11":0,"12":163,"13":0,"14":0,"15":0,"16":0,"17":0,"18":0,"19":0,"20":133,"21":133,"22":133,"23":141,"24":133,"25":133,"26":141,"27":141,"28":8,"29":8,"30":0,"31":0,"32":158,"33":158,"34":158,"35":158,"36":158,"37":0,"38":0,"39":0,"40":0,"41":0,"42":0,"43":0,"44":0,"45":0,"46":0,"47":0,"48":8,"49":45,"50":45,"51":45,"52":0,"53":0,"54":0,"55":8,"56":8,"57":238,"58":7,"59":7,"60":7,"61":7,"62":0,"63":0,"64":0,"65":0,"66":110,"67":8,"68":8,"69":8,"70":8,"71":9,"72":48,"73":48,"74":0,"75":0,"76":0,"77":0,"78":108,"79":108,"80":2,"81":108,"82":7,"83":7,"84":4,"85":2,"86":3,"87":2,"88":2,"89":2,"90":1,"91":1,"92":1,"93":1,"94":2,"95":2,"96":2,"97":2,"98":2,"99":2,"100":2,"101":2,"102":2,"103":2,"104":2,"105":2,"106":2,"107":2,"108":1,"109":275,"110":279,"111":276,"112":276,"113":275,"114":0,"115":275,"116":0,"117":132,"118":0,"119":0,"120":132,"121":132,"122":132,"123":27,"124":26,"125":26,"126":2,"127":25,"128":24,"129":23,"130":23,"131":23,"132":23,"133":23,"134":1,"135":23,"136":2,"137":23,"138":113,"139":113,"140":113,"141":105,"142":111,"143":107,"144":110,"145":110,"146":110,"147":110,"148":109,"149":0,"150":109,"151":109,"152":109,"153":109,"154":109,"155":0,"156":109,"157":133,"158":133,"159":133,"160":133},"b":{"1":[0,133],"2":[0,133],"3":[8,133],"4":[0,133],"5":[0,141],"6":[0,8],"7":[0,0],"8":[0,158],"9":[0,158],"10":[158,0],"11":[0,0],"12":[0,0],"13":[0,0],"14":[41,4],"15":[0,0],"16":[0,0],"17":[0,0],"18":[7,0],"19":[7,0],"20":[7,1],"21":[7,0],"22":[7,0],"23":[7,0],"24":[0,0],"25":[108,2],"26":[8,0],"27":[8,0],"28":[8,0],"29":[0,0],"30":[108,2],"31":[108,0],"32":[106,2],"33":[2,0],"34":[7,2],"35":[7,0],"36":[4,0],"37":[2,2],"38":[3,1],"39":[2,1],"40":[2,0],"41":[2,0],"42":[1,0],"43":[1,0],"44":[1,0],"45":[1,0],"46":[2,0],"47":[2,0],"48":[2,0],"49":[2,0],"50":[2,0],"51":[2,0],"52":[2,0],"53":[2,0],"54":[2,0],"55":[2,0],"56":[2,0],"57":[2,0],"58":[2,0],"59":[2,0],"60":[1,0],"61":[0,275],"62":[0,0],"63":[0,0],"64":[0,0],"65":[0,0],"66":[132,0],"67":[26,1],"68":[26,0],"69":[2,24],"70":[1,1],"71":[24,1],"72":[22,2],"73":[1,22],"74":[1,22],"75":[2,21],"76":[113,0],"77":[113,0],"78":[105,8],"79":[103,2],"80":[107,4],"81":[106,1],"82":[110,0],"83":[109,1],"84":[0,109],"85":[0,109],"86":[0,109],"87":[133,0],"88":[133,0]},"f":{"1":163,"2":0,"3":0,"4":8,"5":0,"6":0,"7":0,"8":0,"9":520,"10":0,"11":163,"12":0,"13":0,"14":133,"15":141,"16":8,"17":0,"18":158,"19":158,"20":0,"21":0,"22":0,"23":0,"24":0,"25":0,"26":8,"27":45,"28":45,"29":45,"30":0,"31":0,"32":8,"33":238,"34":7,"35":7,"36":8,"37":7,"38":7,"39":8,"40":0,"41":0,"42":0,"43":0,"44":110,"45":8,"46":9,"47":48,"48":0,"49":108,"50":7,"51":4,"52":3,"53":2,"54":1,"55":1,"56":2,"57":2,"58":2,"59":2,"60":1,"61":275,"62":279,"63":276,"64":275,"65":0,"66":132,"67":0,"68":0,"69":132,"70":27,"71":113,"72":133},"fnMap":{"1":{"name":"_msgSender","line":121,"loc":{"start":{"line":121,"column":4},"end":{"line":123,"column":4}}},"2":{"name":"_msgData","line":125,"loc":{"start":{"line":125,"column":4},"end":{"line":127,"column":4}}},"3":{"name":"_contextSuffixLength","line":129,"loc":{"start":{"line":129,"column":4},"end":{"line":131,"column":4}}},"4":{"name":"constructor","line":322,"loc":{"start":{"line":322,"column":4},"end":{"line":325,"column":4}}},"5":{"name":"name","line":330,"loc":{"start":{"line":330,"column":4},"end":{"line":332,"column":4}}},"6":{"name":"symbol","line":338,"loc":{"start":{"line":338,"column":4},"end":{"line":340,"column":4}}},"7":{"name":"decimals","line":355,"loc":{"start":{"line":355,"column":4},"end":{"line":357,"column":4}}},"8":{"name":"totalSupply","line":362,"loc":{"start":{"line":362,"column":4},"end":{"line":364,"column":4}}},"9":{"name":"balanceOf","line":369,"loc":{"start":{"line":369,"column":4},"end":{"line":371,"column":4}}},"10":{"name":"transfer","line":381,"loc":{"start":{"line":381,"column":4},"end":{"line":385,"column":4}}},"11":{"name":"allowance","line":390,"loc":{"start":{"line":390,"column":4},"end":{"line":395,"column":4}}},"12":{"name":"approve","line":407,"loc":{"start":{"line":407,"column":4},"end":{"line":414,"column":4}}},"13":{"name":"transferFrom","line":432,"loc":{"start":{"line":432,"column":4},"end":{"line":441,"column":4}}},"14":{"name":"_transfer","line":453,"loc":{"start":{"line":453,"column":4},"end":{"line":461,"column":4}}},"15":{"name":"_update","line":470,"loc":{"start":{"line":470,"column":4},"end":{"line":498,"column":4}}},"16":{"name":"_mint","line":508,"loc":{"start":{"line":508,"column":4},"end":{"line":513,"column":4}}},"17":{"name":"_burn","line":523,"loc":{"start":{"line":523,"column":4},"end":{"line":528,"column":4}}},"18":{"name":"_approve","line":545,"loc":{"start":{"line":545,"column":4},"end":{"line":547,"column":4}}},"19":{"name":"_approve","line":566,"loc":{"start":{"line":566,"column":4},"end":{"line":582,"column":4}}},"20":{"name":"_spendAllowance","line":592,"loc":{"start":{"line":592,"column":4},"end":{"line":610,"column":4}}},"21":{"name":"sub","line":614,"loc":{"start":{"line":614,"column":4},"end":{"line":618,"column":4}}},"22":{"name":"add","line":620,"loc":{"start":{"line":620,"column":4},"end":{"line":624,"column":4}}},"23":{"name":"mul","line":626,"loc":{"start":{"line":626,"column":4},"end":{"line":628,"column":4}}},"24":{"name":"div","line":630,"loc":{"start":{"line":630,"column":4},"end":{"line":632,"column":4}}},"25":{"name":"safeTransfer","line":636,"loc":{"start":{"line":636,"column":4},"end":{"line":638,"column":4}}},"26":{"name":"constructor","line":649,"loc":{"start":{"line":649,"column":4},"end":{"line":651,"column":4}}},"27":{"name":"onlyOwner","line":653,"loc":{"start":{"line":653,"column":4},"end":{"line":656,"column":4}}},"28":{"name":"owner","line":658,"loc":{"start":{"line":658,"column":4},"end":{"line":660,"column":4}}},"29":{"name":"_checkOwner","line":662,"loc":{"start":{"line":662,"column":4},"end":{"line":664,"column":4}}},"30":{"name":"renounceOwnership","line":666,"loc":{"start":{"line":666,"column":4},"end":{"line":668,"column":4}}},"31":{"name":"transferOwnership","line":670,"loc":{"start":{"line":670,"column":4},"end":{"line":676,"column":4}}},"32":{"name":"_transferOwnership","line":678,"loc":{"start":{"line":678,"column":4},"end":{"line":682,"column":4}}},"33":{"name":"paused","line":694,"loc":{"start":{"line":694,"column":4},"end":{"line":696,"column":4}}},"34":{"name":"whenNotPaused","line":701,"loc":{"start":{"line":701,"column":4},"end":{"line":704,"column":4}}},"35":{"name":"whenPaused","line":709,"loc":{"start":{"line":709,"column":4},"end":{"line":712,"column":4}}},"36":{"name":"constructor","line":717,"loc":{"start":{"line":717,"column":4},"end":{"line":719,"column":4}}},"37":{"name":"pause","line":724,"loc":{"start":{"line":724,"column":4},"end":{"line":727,"column":4}}},"38":{"name":"unpause","line":732,"loc":{"start":{"line":732,"column":4},"end":{"line":735,"column":4}}},"39":{"name":"constructor","line":744,"loc":{"start":{"line":744,"column":4},"end":{"line":746,"column":4}}},"40":{"name":"nonReentrant","line":748,"loc":{"start":{"line":748,"column":4},"end":{"line":752,"column":4}}},"41":{"name":"_nonReentrantBefore","line":754,"loc":{"start":{"line":754,"column":4},"end":{"line":758,"column":4}}},"42":{"name":"_nonReentrantAfter","line":760,"loc":{"start":{"line":760,"column":4},"end":{"line":762,"column":4}}},"43":{"name":"_reentrancyGuardEntered","line":764,"loc":{"start":{"line":764,"column":4},"end":{"line":766,"column":4}}},"44":{"name":"onlyStakingContract","line":805,"loc":{"start":{"line":805,"column":4},"end":{"line":808,"column":4}}},"45":{"name":"constructor","line":810,"loc":{"start":{"line":810,"column":4},"end":{"line":823,"column":4}}},"46":{"name":"decimals","line":825,"loc":{"start":{"line":825,"column":4},"end":{"line":827,"column":4}}},"47":{"name":"increaseAllowance","line":829,"loc":{"start":{"line":829,"column":4},"end":{"line":839,"column":4}}},"48":{"name":"decreaseAllowance","line":841,"loc":{"start":{"line":841,"column":4},"end":{"line":852,"column":4}}},"49":{"name":"updateLockedAmount","line":858,"loc":{"start":{"line":854,"column":4},"end":{"line":874,"column":4}}},"50":{"name":"setStakingContract","line":879,"loc":{"start":{"line":876,"column":4},"end":{"line":883,"column":4}}},"51":{"name":"updateBuyTaxPercentage","line":888,"loc":{"start":{"line":886,"column":4},"end":{"line":895,"column":4}}},"52":{"name":"updateTaxAddress","line":898,"loc":{"start":{"line":898,"column":4},"end":{"line":902,"column":4}}},"53":{"name":"updateV4PoolManager","line":907,"loc":{"start":{"line":907,"column":4},"end":{"line":914,"column":4}}},"54":{"name":"updateV4Router","line":916,"loc":{"start":{"line":916,"column":4},"end":{"line":920,"column":4}}},"55":{"name":"updatePermit2","line":922,"loc":{"start":{"line":922,"column":4},"end":{"line":926,"column":4}}},"56":{"name":"addBlacklist","line":930,"loc":{"start":{"line":930,"column":4},"end":{"line":936,"column":4}}},"57":{"name":"removeFromBlacklist","line":938,"loc":{"start":{"line":938,"column":4},"end":{"line":943,"column":4}}},"58":{"name":"addWhitelist","line":945,"loc":{"start":{"line":945,"column":4},"end":{"line":951,"column":4}}},"59":{"name":"removeFromWhitelist","line":953,"loc":{"start":{"line":953,"column":4},"end":{"line":958,"column":4}}},"60":{"name":"setDebug","line":960,"loc":{"start":{"line":960,"column":4},"end":{"line":963,"column":4}}},"61":{"name":"isWhitelisted","line":965,"loc":{"start":{"line":965,"column":4},"end":{"line":967,"column":4}}},"62":{"name":"isBlacklisted","line":969,"loc":{"start":{"line":969,"column":4},"end":{"line":971,"column":4}}},"63":{"name":"isContract","line":973,"loc":{"start":{"line":973,"column":4},"end":{"line":983,"column":4}}},"64":{"name":"isWhitelistedOrUniswapAdress","line":985,"loc":{"start":{"line":985,"column":4},"end":{"line":995,"column":4}}},"65":{"name":"isUniswapRouter","line":997,"loc":{"start":{"line":997,"column":4},"end":{"line":999,"column":4}}},"66":{"name":"isUniswapV4Manager","line":1002,"loc":{"start":{"line":1002,"column":4},"end":{"line":1004,"column":4}}},"67":{"name":"isUniswapV4Router","line":1006,"loc":{"start":{"line":1006,"column":4},"end":{"line":1008,"column":4}}},"68":{"name":"isUniswapV4","line":1010,"loc":{"start":{"line":1010,"column":4},"end":{"line":1016,"column":4}}},"69":{"name":"calculateFee","line":1020,"loc":{"start":{"line":1020,"column":4},"end":{"line":1027,"column":4}}},"70":{"name":"transfer","line":1029,"loc":{"start":{"line":1029,"column":4},"end":{"line":1081,"column":4}}},"71":{"name":"transferFrom","line":1083,"loc":{"start":{"line":1083,"column":4},"end":{"line":1141,"column":4}}},"72":{"name":"_tokenTransfer","line":1143,"loc":{"start":{"line":1143,"column":4},"end":{"line":1159,"column":4}}}},"statementMap":{"1":{"start":{"line":122,"column":8},"end":{"line":122,"column":25}},"2":{"start":{"line":126,"column":8},"end":{"line":126,"column":23}},"3":{"start":{"line":130,"column":8},"end":{"line":130,"column":16}},"4":{"start":{"line":331,"column":8},"end":{"line":331,"column":20}},"5":{"start":{"line":339,"column":8},"end":{"line":339,"column":22}},"6":{"start":{"line":356,"column":8},"end":{"line":356,"column":17}},"7":{"start":{"line":363,"column":8},"end":{"line":363,"column":27}},"8":{"start":{"line":370,"column":8},"end":{"line":370,"column":33}},"9":{"start":{"line":382,"column":8},"end":{"line":382,"column":36}},"10":{"start":{"line":383,"column":8},"end":{"line":383,"column":34}},"11":{"start":{"line":384,"column":8},"end":{"line":384,"column":19}},"12":{"start":{"line":394,"column":8},"end":{"line":394,"column":42}},"13":{"start":{"line":411,"column":8},"end":{"line":411,"column":36}},"14":{"start":{"line":412,"column":8},"end":{"line":412,"column":38}},"15":{"start":{"line":413,"column":8},"end":{"line":413,"column":19}},"16":{"start":{"line":437,"column":8},"end":{"line":437,"column":38}},"17":{"start":{"line":438,"column":8},"end":{"line":438,"column":44}},"18":{"start":{"line":439,"column":8},"end":{"line":439,"column":33}},"19":{"start":{"line":440,"column":8},"end":{"line":440,"column":19}},"20":{"start":{"line":454,"column":8},"end":{"line":454,"column":15038}},"21":{"start":{"line":457,"column":8},"end":{"line":457,"column":15133}},"22":{"start":{"line":460,"column":8},"end":{"line":460,"column":31}},"23":{"start":{"line":471,"column":8},"end":{"line":471,"column":15659}},"24":{"start":{"line":475,"column":12},"end":{"line":475,"column":49}},"25":{"start":{"line":476,"column":12},"end":{"line":476,"column":15906}},"26":{"start":{"line":485,"column":8},"end":{"line":485,"column":16209}},"27":{"start":{"line":497,"column":8},"end":{"line":497,"column":38}},"28":{"start":{"line":509,"column":8},"end":{"line":509,"column":17090}},"29":{"start":{"line":512,"column":8},"end":{"line":512,"column":42}},"30":{"start":{"line":524,"column":8},"end":{"line":524,"column":17616}},"31":{"start":{"line":527,"column":8},"end":{"line":527,"column":42}},"32":{"start":{"line":546,"column":8},"end":{"line":546,"column":44}},"33":{"start":{"line":572,"column":8},"end":{"line":572,"column":19398}},"34":{"start":{"line":575,"column":8},"end":{"line":575,"column":19496}},"35":{"start":{"line":579,"column":8},"end":{"line":579,"column":19640}},"36":{"start":{"line":580,"column":12},"end":{"line":580,"column":48}},"37":{"start":{"line":597,"column":8},"end":{"line":597,"column":60}},"38":{"start":{"line":598,"column":8},"end":{"line":598,"column":20195}},"39":{"start":{"line":599,"column":12},"end":{"line":599,"column":20256}},"40":{"start":{"line":607,"column":16},"end":{"line":607,"column":72}},"41":{"start":{"line":616,"column":8},"end":{"line":616,"column":31}},"42":{"start":{"line":617,"column":8},"end":{"line":617,"column":16}},"43":{"start":{"line":622,"column":8},"end":{"line":622,"column":31}},"44":{"start":{"line":623,"column":8},"end":{"line":623,"column":16}},"45":{"start":{"line":627,"column":8},"end":{"line":627,"column":20}},"46":{"start":{"line":631,"column":8},"end":{"line":631,"column":20}},"47":{"start":{"line":637,"column":8},"end":{"line":637,"column":44}},"48":{"start":{"line":650,"column":8},"end":{"line":650,"column":39}},"49":{"start":{"line":654,"column":8},"end":{"line":654,"column":20}},"50":{"start":{"line":659,"column":8},"end":{"line":659,"column":21}},"51":{"start":{"line":663,"column":8},"end":{"line":663,"column":75}},"52":{"start":{"line":667,"column":8},"end":{"line":667,"column":37}},"53":{"start":{"line":671,"column":8},"end":{"line":671,"column":22016}},"54":{"start":{"line":675,"column":8},"end":{"line":675,"column":35}},"55":{"start":{"line":679,"column":8},"end":{"line":679,"column":33}},"56":{"start":{"line":681,"column":8},"end":{"line":681,"column":53}},"57":{"start":{"line":695,"column":8},"end":{"line":695,"column":22}},"58":{"start":{"line":702,"column":8},"end":{"line":702,"column":44}},"59":{"start":{"line":710,"column":8},"end":{"line":710,"column":47}},"60":{"start":{"line":726,"column":8},"end":{"line":726,"column":33}},"61":{"start":{"line":734,"column":8},"end":{"line":734,"column":35}},"62":{"start":{"line":749,"column":8},"end":{"line":749,"column":28}},"63":{"start":{"line":751,"column":8},"end":{"line":751,"column":27}},"64":{"start":{"line":755,"column":8},"end":{"line":755,"column":70}},"65":{"start":{"line":765,"column":8},"end":{"line":765,"column":34}},"66":{"start":{"line":806,"column":8},"end":{"line":806,"column":67}},"67":{"start":{"line":811,"column":8},"end":{"line":811,"column":59}},"68":{"start":{"line":812,"column":8},"end":{"line":812,"column":71}},"69":{"start":{"line":813,"column":8},"end":{"line":813,"column":83}},"70":{"start":{"line":822,"column":8},"end":{"line":822,"column":52}},"71":{"start":{"line":826,"column":8},"end":{"line":826,"column":17}},"72":{"start":{"line":833,"column":8},"end":{"line":833,"column":26565}},"73":{"start":{"line":838,"column":8},"end":{"line":838,"column":19}},"74":{"start":{"line":845,"column":8},"end":{"line":845,"column":67}},"75":{"start":{"line":846,"column":8},"end":{"line":846,"column":26915}},"76":{"start":{"line":850,"column":8},"end":{"line":850,"column":74}},"77":{"start":{"line":851,"column":8},"end":{"line":851,"column":19}},"78":{"start":{"line":859,"column":8},"end":{"line":859,"column":56}},"79":{"start":{"line":861,"column":8},"end":{"line":861,"column":27350}},"80":{"start":{"line":866,"column":12},"end":{"line":866,"column":27526}},"81":{"start":{"line":873,"column":8},"end":{"line":873,"column":62}},"82":{"start":{"line":880,"column":8},"end":{"line":880,"column":65}},"83":{"start":{"line":882,"column":8},"end":{"line":882,"column":52}},"84":{"start":{"line":889,"column":8},"end":{"line":889,"column":28173}},"85":{"start":{"line":894,"column":8},"end":{"line":894,"column":57}},"86":{"start":{"line":899,"column":8},"end":{"line":899,"column":73}},"87":{"start":{"line":901,"column":8},"end":{"line":901,"column":45}},"88":{"start":{"line":908,"column":8},"end":{"line":908,"column":28798}},"89":{"start":{"line":913,"column":8},"end":{"line":913,"column":51}},"90":{"start":{"line":917,"column":8},"end":{"line":917,"column":76}},"91":{"start":{"line":919,"column":8},"end":{"line":919,"column":41}},"92":{"start":{"line":923,"column":8},"end":{"line":923,"column":74}},"93":{"start":{"line":925,"column":8},"end":{"line":925,"column":39}},"94":{"start":{"line":931,"column":8},"end":{"line":931,"column":71}},"95":{"start":{"line":932,"column":8},"end":{"line":932,"column":69}},"96":{"start":{"line":933,"column":8},"end":{"line":933,"column":77}},"97":{"start":{"line":935,"column":8},"end":{"line":935,"column":44}},"98":{"start":{"line":939,"column":8},"end":{"line":939,"column":71}},"99":{"start":{"line":940,"column":8},"end":{"line":940,"column":72}},"100":{"start":{"line":942,"column":8},"end":{"line":942,"column":45}},"101":{"start":{"line":946,"column":8},"end":{"line":946,"column":71}},"102":{"start":{"line":947,"column":8},"end":{"line":947,"column":69}},"103":{"start":{"line":948,"column":8},"end":{"line":948,"column":77}},"104":{"start":{"line":950,"column":8},"end":{"line":950,"column":44}},"105":{"start":{"line":954,"column":8},"end":{"line":954,"column":71}},"106":{"start":{"line":955,"column":8},"end":{"line":955,"column":72}},"107":{"start":{"line":957,"column":8},"end":{"line":957,"column":45}},"108":{"start":{"line":962,"column":8},"end":{"line":962,"column":35}},"109":{"start":{"line":966,"column":8},"end":{"line":966,"column":33}},"110":{"start":{"line":970,"column":8},"end":{"line":970,"column":33}},"111":{"start":{"line":978,"column":8},"end":{"line":978,"column":20}},"112":{"start":{"line":982,"column":8},"end":{"line":982,"column":23}},"113":{"start":{"line":988,"column":8},"end":{"line":988,"column":31689}},"114":{"start":{"line":989,"column":12},"end":{"line":989,"column":31759}},"115":{"start":{"line":993,"column":12},"end":{"line":993,"column":42}},"116":{"start":{"line":998,"column":8},"end":{"line":998,"column":30}},"117":{"start":{"line":1003,"column":8},"end":{"line":1003,"column":40}},"118":{"start":{"line":1007,"column":8},"end":{"line":1007,"column":35}},"119":{"start":{"line":1011,"column":8},"end":{"line":1011,"column":32402}},"120":{"start":{"line":1024,"column":8},"end":{"line":1024,"column":57}},"121":{"start":{"line":1025,"column":8},"end":{"line":1025,"column":66}},"122":{"start":{"line":1026,"column":8},"end":{"line":1026,"column":19}},"123":{"start":{"line":1034,"column":8},"end":{"line":1034,"column":32976}},"124":{"start":{"line":1038,"column":8},"end":{"line":1038,"column":33136}},"125":{"start":{"line":1044,"column":8},"end":{"line":1044,"column":33393}},"126":{"start":{"line":1045,"column":12},"end":{"line":1045,"column":33458}},"127":{"start":{"line":1052,"column":8},"end":{"line":1052,"column":33719}},"128":{"start":{"line":1053,"column":12},"end":{"line":1053,"column":33777}},"129":{"start":{"line":1060,"column":8},"end":{"line":1060,"column":73}},"130":{"start":{"line":1063,"column":8},"end":{"line":1063,"column":45}},"131":{"start":{"line":1066,"column":8},"end":{"line":1066,"column":55}},"132":{"start":{"line":1067,"column":8},"end":{"line":1067,"column":49}},"133":{"start":{"line":1070,"column":8},"end":{"line":1070,"column":34455}},"134":{"start":{"line":1071,"column":12},"end":{"line":1071,"column":59}},"135":{"start":{"line":1075,"column":8},"end":{"line":1075,"column":34599}},"136":{"start":{"line":1076,"column":12},"end":{"line":1076,"column":73}},"137":{"start":{"line":1080,"column":8},"end":{"line":1080,"column":61}},"138":{"start":{"line":1089,"column":8},"end":{"line":1089,"column":35018}},"139":{"start":{"line":1093,"column":8},"end":{"line":1093,"column":35174}},"140":{"start":{"line":1098,"column":8},"end":{"line":1098,"column":35340}},"141":{"start":{"line":1099,"column":12},"end":{"line":1099,"column":35400}},"142":{"start":{"line":1104,"column":8},"end":{"line":1104,"column":35588}},"143":{"start":{"line":1105,"column":12},"end":{"line":1105,"column":35646}},"144":{"start":{"line":1111,"column":8},"end":{"line":1111,"column":63}},"145":{"start":{"line":1112,"column":8},"end":{"line":1112,"column":35903}},"146":{"start":{"line":1117,"column":8},"end":{"line":1117,"column":61}},"147":{"start":{"line":1120,"column":8},"end":{"line":1120,"column":36128}},"148":{"start":{"line":1126,"column":8},"end":{"line":1126,"column":36302}},"149":{"start":{"line":1127,"column":12},"end":{"line":1127,"column":61}},"150":{"start":{"line":1131,"column":8},"end":{"line":1131,"column":68}},"151":{"start":{"line":1132,"column":8},"end":{"line":1132,"column":45}},"152":{"start":{"line":1133,"column":8},"end":{"line":1133,"column":55}},"153":{"start":{"line":1134,"column":8},"end":{"line":1134,"column":49}},"154":{"start":{"line":1136,"column":8},"end":{"line":1136,"column":36674}},"155":{"start":{"line":1137,"column":12},"end":{"line":1137,"column":54}},"156":{"start":{"line":1140,"column":8},"end":{"line":1140,"column":56}},"157":{"start":{"line":1148,"column":8},"end":{"line":1148,"column":36970}},"158":{"start":{"line":1152,"column":8},"end":{"line":1152,"column":37091}},"159":{"start":{"line":1156,"column":8},"end":{"line":1156,"column":42}},"160":{"start":{"line":1158,"column":8},"end":{"line":1158,"column":19}}},"branchMap":{"1":{"line":454,"type":"if","locations":[{"start":{"line":454,"column":8},"end":{"line":454,"column":8}},{"start":{"line":454,"column":8},"end":{"line":454,"column":8}}]},"2":{"line":457,"type":"if","locations":[{"start":{"line":457,"column":8},"end":{"line":457,"column":8}},{"start":{"line":457,"column":8},"end":{"line":457,"column":8}}]},"3":{"line":471,"type":"if","locations":[{"start":{"line":471,"column":8},"end":{"line":471,"column":8}},{"start":{"line":471,"column":8},"end":{"line":471,"column":8}}]},"4":{"line":476,"type":"if","locations":[{"start":{"line":476,"column":12},"end":{"line":476,"column":12}},{"start":{"line":476,"column":12},"end":{"line":476,"column":12}}]},"5":{"line":485,"type":"if","locations":[{"start":{"line":485,"column":8},"end":{"line":485,"column":8}},{"start":{"line":485,"column":8},"end":{"line":485,"column":8}}]},"6":{"line":509,"type":"if","locations":[{"start":{"line":509,"column":8},"end":{"line":509,"column":8}},{"start":{"line":509,"column":8},"end":{"line":509,"column":8}}]},"7":{"line":524,"type":"if","locations":[{"start":{"line":524,"column":8},"end":{"line":524,"column":8}},{"start":{"line":524,"column":8},"end":{"line":524,"column":8}}]},"8":{"line":572,"type":"if","locations":[{"start":{"line":572,"column":8},"end":{"line":572,"column":8}},{"start":{"line":572,"column":8},"end":{"line":572,"column":8}}]},"9":{"line":575,"type":"if","locations":[{"start":{"line":575,"column":8},"end":{"line":575,"column":8}},{"start":{"line":575,"column":8},"end":{"line":575,"column":8}}]},"10":{"line":579,"type":"if","locations":[{"start":{"line":579,"column":8},"end":{"line":579,"column":8}},{"start":{"line":579,"column":8},"end":{"line":579,"column":8}}]},"11":{"line":598,"type":"if","locations":[{"start":{"line":598,"column":8},"end":{"line":598,"column":8}},{"start":{"line":598,"column":8},"end":{"line":598,"column":8}}]},"12":{"line":599,"type":"if","locations":[{"start":{"line":599,"column":12},"end":{"line":599,"column":12}},{"start":{"line":599,"column":12},"end":{"line":599,"column":12}}]},"13":{"line":637,"type":"if","locations":[{"start":{"line":637,"column":8},"end":{"line":637,"column":8}},{"start":{"line":637,"column":8},"end":{"line":637,"column":8}}]},"14":{"line":663,"type":"if","locations":[{"start":{"line":663,"column":8},"end":{"line":663,"column":8}},{"start":{"line":663,"column":8},"end":{"line":663,"column":8}}]},"15":{"line":666,"type":"if","locations":[{"start":{"line":666,"column":48},"end":{"line":666,"column":48}},{"start":{"line":666,"column":48},"end":{"line":666,"column":48}}]},"16":{"line":670,"type":"if","locations":[{"start":{"line":670,"column":64},"end":{"line":670,"column":64}},{"start":{"line":670,"column":64},"end":{"line":670,"column":64}}]},"17":{"line":671,"type":"if","locations":[{"start":{"line":671,"column":8},"end":{"line":671,"column":8}},{"start":{"line":671,"column":8},"end":{"line":671,"column":8}}]},"18":{"line":702,"type":"if","locations":[{"start":{"line":702,"column":8},"end":{"line":702,"column":8}},{"start":{"line":702,"column":8},"end":{"line":702,"column":8}}]},"19":{"line":710,"type":"if","locations":[{"start":{"line":710,"column":8},"end":{"line":710,"column":8}},{"start":{"line":710,"column":8},"end":{"line":710,"column":8}}]},"20":{"line":724,"type":"if","locations":[{"start":{"line":724,"column":28},"end":{"line":724,"column":28}},{"start":{"line":724,"column":28},"end":{"line":724,"column":28}}]},"21":{"line":724,"type":"if","locations":[{"start":{"line":724,"column":38},"end":{"line":724,"column":38}},{"start":{"line":724,"column":38},"end":{"line":724,"column":38}}]},"22":{"line":732,"type":"if","locations":[{"start":{"line":732,"column":30},"end":{"line":732,"column":30}},{"start":{"line":732,"column":30},"end":{"line":732,"column":30}}]},"23":{"line":732,"type":"if","locations":[{"start":{"line":732,"column":40},"end":{"line":732,"column":40}},{"start":{"line":732,"column":40},"end":{"line":732,"column":40}}]},"24":{"line":755,"type":"if","locations":[{"start":{"line":755,"column":8},"end":{"line":755,"column":8}},{"start":{"line":755,"column":8},"end":{"line":755,"column":8}}]},"25":{"line":806,"type":"if","locations":[{"start":{"line":806,"column":8},"end":{"line":806,"column":8}},{"start":{"line":806,"column":8},"end":{"line":806,"column":8}}]},"26":{"line":811,"type":"if","locations":[{"start":{"line":811,"column":8},"end":{"line":811,"column":8}},{"start":{"line":811,"column":8},"end":{"line":811,"column":8}}]},"27":{"line":812,"type":"if","locations":[{"start":{"line":812,"column":8},"end":{"line":812,"column":8}},{"start":{"line":812,"column":8},"end":{"line":812,"column":8}}]},"28":{"line":813,"type":"if","locations":[{"start":{"line":813,"column":8},"end":{"line":813,"column":8}},{"start":{"line":813,"column":8},"end":{"line":813,"column":8}}]},"29":{"line":846,"type":"if","locations":[{"start":{"line":846,"column":8},"end":{"line":846,"column":8}},{"start":{"line":846,"column":8},"end":{"line":846,"column":8}}]},"30":{"line":858,"type":"if","locations":[{"start":{"line":858,"column":15},"end":{"line":858,"column":15}},{"start":{"line":858,"column":15},"end":{"line":858,"column":15}}]},"31":{"line":859,"type":"if","locations":[{"start":{"line":859,"column":8},"end":{"line":859,"column":8}},{"start":{"line":859,"column":8},"end":{"line":859,"column":8}}]},"32":{"line":861,"type":"if","locations":[{"start":{"line":861,"column":8},"end":{"line":861,"column":8}},{"start":{"line":861,"column":8},"end":{"line":861,"column":8}}]},"33":{"line":866,"type":"if","locations":[{"start":{"line":866,"column":12},"end":{"line":866,"column":12}},{"start":{"line":866,"column":12},"end":{"line":866,"column":12}}]},"34":{"line":879,"type":"if","locations":[{"start":{"line":879,"column":15},"end":{"line":879,"column":15}},{"start":{"line":879,"column":15},"end":{"line":879,"column":15}}]},"35":{"line":880,"type":"if","locations":[{"start":{"line":880,"column":8},"end":{"line":880,"column":8}},{"start":{"line":880,"column":8},"end":{"line":880,"column":8}}]},"36":{"line":888,"type":"if","locations":[{"start":{"line":888,"column":13},"end":{"line":888,"column":13}},{"start":{"line":888,"column":13},"end":{"line":888,"column":13}}]},"37":{"line":889,"type":"if","locations":[{"start":{"line":889,"column":8},"end":{"line":889,"column":8}},{"start":{"line":889,"column":8},"end":{"line":889,"column":8}}]},"38":{"line":898,"type":"if","locations":[{"start":{"line":898,"column":60},"end":{"line":898,"column":60}},{"start":{"line":898,"column":60},"end":{"line":898,"column":60}}]},"39":{"line":899,"type":"if","locations":[{"start":{"line":899,"column":8},"end":{"line":899,"column":8}},{"start":{"line":899,"column":8},"end":{"line":899,"column":8}}]},"40":{"line":907,"type":"if","locations":[{"start":{"line":907,"column":66},"end":{"line":907,"column":66}},{"start":{"line":907,"column":66},"end":{"line":907,"column":66}}]},"41":{"line":908,"type":"if","locations":[{"start":{"line":908,"column":8},"end":{"line":908,"column":8}},{"start":{"line":908,"column":8},"end":{"line":908,"column":8}}]},"42":{"line":916,"type":"if","locations":[{"start":{"line":916,"column":56},"end":{"line":916,"column":56}},{"start":{"line":916,"column":56},"end":{"line":916,"column":56}}]},"43":{"line":917,"type":"if","locations":[{"start":{"line":917,"column":8},"end":{"line":917,"column":8}},{"start":{"line":917,"column":8},"end":{"line":917,"column":8}}]},"44":{"line":922,"type":"if","locations":[{"start":{"line":922,"column":54},"end":{"line":922,"column":54}},{"start":{"line":922,"column":54},"end":{"line":922,"column":54}}]},"45":{"line":923,"type":"if","locations":[{"start":{"line":923,"column":8},"end":{"line":923,"column":8}},{"start":{"line":923,"column":8},"end":{"line":923,"column":8}}]},"46":{"line":930,"type":"if","locations":[{"start":{"line":930,"column":50},"end":{"line":930,"column":50}},{"start":{"line":930,"column":50},"end":{"line":930,"column":50}}]},"47":{"line":931,"type":"if","locations":[{"start":{"line":931,"column":8},"end":{"line":931,"column":8}},{"start":{"line":931,"column":8},"end":{"line":931,"column":8}}]},"48":{"line":932,"type":"if","locations":[{"start":{"line":932,"column":8},"end":{"line":932,"column":8}},{"start":{"line":932,"column":8},"end":{"line":932,"column":8}}]},"49":{"line":933,"type":"if","locations":[{"start":{"line":933,"column":8},"end":{"line":933,"column":8}},{"start":{"line":933,"column":8},"end":{"line":933,"column":8}}]},"50":{"line":938,"type":"if","locations":[{"start":{"line":938,"column":57},"end":{"line":938,"column":57}},{"start":{"line":938,"column":57},"end":{"line":938,"column":57}}]},"51":{"line":939,"type":"if","locations":[{"start":{"line":939,"column":8},"end":{"line":939,"column":8}},{"start":{"line":939,"column":8},"end":{"line":939,"column":8}}]},"52":{"line":940,"type":"if","locations":[{"start":{"line":940,"column":8},"end":{"line":940,"column":8}},{"start":{"line":940,"column":8},"end":{"line":940,"column":8}}]},"53":{"line":945,"type":"if","locations":[{"start":{"line":945,"column":50},"end":{"line":945,"column":50}},{"start":{"line":945,"column":50},"end":{"line":945,"column":50}}]},"54":{"line":946,"type":"if","locations":[{"start":{"line":946,"column":8},"end":{"line":946,"column":8}},{"start":{"line":946,"column":8},"end":{"line":946,"column":8}}]},"55":{"line":947,"type":"if","locations":[{"start":{"line":947,"column":8},"end":{"line":947,"column":8}},{"start":{"line":947,"column":8},"end":{"line":947,"column":8}}]},"56":{"line":948,"type":"if","locations":[{"start":{"line":948,"column":8},"end":{"line":948,"column":8}},{"start":{"line":948,"column":8},"end":{"line":948,"column":8}}]},"57":{"line":953,"type":"if","locations":[{"start":{"line":953,"column":57},"end":{"line":953,"column":57}},{"start":{"line":953,"column":57},"end":{"line":953,"column":57}}]},"58":{"line":954,"type":"if","locations":[{"start":{"line":954,"column":8},"end":{"line":954,"column":8}},{"start":{"line":954,"column":8},"end":{"line":954,"column":8}}]},"59":{"line":955,"type":"if","locations":[{"start":{"line":955,"column":8},"end":{"line":955,"column":8}},{"start":{"line":955,"column":8},"end":{"line":955,"column":8}}]},"60":{"line":960,"type":"if","locations":[{"start":{"line":960,"column":46},"end":{"line":960,"column":46}},{"start":{"line":960,"column":46},"end":{"line":960,"column":46}}]},"61":{"line":988,"type":"if","locations":[{"start":{"line":988,"column":8},"end":{"line":988,"column":8}},{"start":{"line":988,"column":8},"end":{"line":988,"column":8}}]},"62":{"line":989,"type":"cond-expr","locations":[{"start":{"line":989,"column":20},"end":{"line":989,"column":42}},{"start":{"line":990,"column":16},"end":{"line":990,"column":40}}]},"63":{"line":989,"type":"cond-expr","locations":[{"start":{"line":989,"column":20},"end":{"line":990,"column":40}},{"start":{"line":991,"column":16},"end":{"line":991,"column":36}}]},"64":{"line":1012,"type":"cond-expr","locations":[{"start":{"line":1012,"column":12},"end":{"line":1012,"column":36}},{"start":{"line":1013,"column":12},"end":{"line":1013,"column":31}}]},"65":{"line":1012,"type":"cond-expr","locations":[{"start":{"line":1012,"column":12},"end":{"line":1013,"column":31}},{"start":{"line":1014,"column":12},"end":{"line":1014,"column":30}}]},"66":{"line":1025,"type":"if","locations":[{"start":{"line":1025,"column":8},"end":{"line":1025,"column":8}},{"start":{"line":1025,"column":8},"end":{"line":1025,"column":8}}]},"67":{"line":1034,"type":"if","locations":[{"start":{"line":1034,"column":8},"end":{"line":1034,"column":8}},{"start":{"line":1034,"column":8},"end":{"line":1034,"column":8}}]},"68":{"line":1038,"type":"if","locations":[{"start":{"line":1038,"column":8},"end":{"line":1038,"column":8}},{"start":{"line":1038,"column":8},"end":{"line":1038,"column":8}}]},"69":{"line":1044,"type":"if","locations":[{"start":{"line":1044,"column":8},"end":{"line":1044,"column":8}},{"start":{"line":1044,"column":8},"end":{"line":1044,"column":8}}]},"70":{"line":1045,"type":"if","locations":[{"start":{"line":1045,"column":12},"end":{"line":1045,"column":12}},{"start":{"line":1045,"column":12},"end":{"line":1045,"column":12}}]},"71":{"line":1052,"type":"if","locations":[{"start":{"line":1052,"column":8},"end":{"line":1052,"column":8}},{"start":{"line":1052,"column":8},"end":{"line":1052,"column":8}}]},"72":{"line":1053,"type":"if","locations":[{"start":{"line":1053,"column":12},"end":{"line":1053,"column":12}},{"start":{"line":1053,"column":12},"end":{"line":1053,"column":12}}]},"73":{"line":1063,"type":"if","locations":[{"start":{"line":1063,"column":34},"end":{"line":1063,"column":40}},{"start":{"line":1063,"column":44},"end":{"line":1063,"column":44}}]},"74":{"line":1070,"type":"if","locations":[{"start":{"line":1070,"column":8},"end":{"line":1070,"column":8}},{"start":{"line":1070,"column":8},"end":{"line":1070,"column":8}}]},"75":{"line":1075,"type":"if","locations":[{"start":{"line":1075,"column":8},"end":{"line":1075,"column":8}},{"start":{"line":1075,"column":8},"end":{"line":1075,"column":8}}]},"76":{"line":1089,"type":"if","locations":[{"start":{"line":1089,"column":8},"end":{"line":1089,"column":8}},{"start":{"line":1089,"column":8},"end":{"line":1089,"column":8}}]},"77":{"line":1093,"type":"if","locations":[{"start":{"line":1093,"column":8},"end":{"line":1093,"column":8}},{"start":{"line":1093,"column":8},"end":{"line":1093,"column":8}}]},"78":{"line":1098,"type":"if","locations":[{"start":{"line":1098,"column":8},"end":{"line":1098,"column":8}},{"start":{"line":1098,"column":8},"end":{"line":1098,"column":8}}]},"79":{"line":1099,"type":"if","locations":[{"start":{"line":1099,"column":12},"end":{"line":1099,"column":12}},{"start":{"line":1099,"column":12},"end":{"line":1099,"column":12}}]},"80":{"line":1104,"type":"if","locations":[{"start":{"line":1104,"column":8},"end":{"line":1104,"column":8}},{"start":{"line":1104,"column":8},"end":{"line":1104,"column":8}}]},"81":{"line":1105,"type":"if","locations":[{"start":{"line":1105,"column":12},"end":{"line":1105,"column":12}},{"start":{"line":1105,"column":12},"end":{"line":1105,"column":12}}]},"82":{"line":1112,"type":"if","locations":[{"start":{"line":1112,"column":8},"end":{"line":1112,"column":8}},{"start":{"line":1112,"column":8},"end":{"line":1112,"column":8}}]},"83":{"line":1120,"type":"if","locations":[{"start":{"line":1120,"column":8},"end":{"line":1120,"column":8}},{"start":{"line":1120,"column":8},"end":{"line":1120,"column":8}}]},"84":{"line":1126,"type":"if","locations":[{"start":{"line":1126,"column":8},"end":{"line":1126,"column":8}},{"start":{"line":1126,"column":8},"end":{"line":1126,"column":8}}]},"85":{"line":1132,"type":"if","locations":[{"start":{"line":1132,"column":34},"end":{"line":1132,"column":40}},{"start":{"line":1132,"column":44},"end":{"line":1132,"column":44}}]},"86":{"line":1136,"type":"if","locations":[{"start":{"line":1136,"column":8},"end":{"line":1136,"column":8}},{"start":{"line":1136,"column":8},"end":{"line":1136,"column":8}}]},"87":{"line":1148,"type":"if","locations":[{"start":{"line":1148,"column":8},"end":{"line":1148,"column":8}},{"start":{"line":1148,"column":8},"end":{"line":1148,"column":8}}]},"88":{"line":1152,"type":"if","locations":[{"start":{"line":1152,"column":8},"end":{"line":1152,"column":8}},{"start":{"line":1152,"column":8},"end":{"line":1152,"column":8}}]}}},"contracts/governance-dao-smart-contract.sol":{"l":{"201":23,"205":22,"209":4,"210":1,"217":6,"218":6,"223":2,"224":2,"229":1,"230":1,"231":1,"232":1,"237":1,"238":1,"244":2,"247":2,"253":3,"256":3,"260":2,"264":1,"265":1,"269":2,"273":1,"274":1,"280":1,"281":1,"284":1,"287":1,"295":1,"296":1,"299":1,"302":1,"311":1,"313":1,"314":1,"317":0,"330":2,"332":1,"333":1,"335":0,"339":1,"340":1,"342":0,"349":2,"350":2,"351":2,"352":2,"357":1,"358":1,"359":1,"360":1,"365":1,"366":1,"367":1,"368":1,"378":0,"379":0,"380":0,"381":0,"384":0,"385":0,"386":0,"390":0,"393":0,"394":0,"395":0,"396":0,"399":0,"412":5,"413":5,"414":5,"416":5,"417":3,"419":0,"421":0,"423":1,"425":1,"430":0,"431":0,"433":0,"435":0,"441":0,"442":0,"446":0,"450":0,"456":0,"457":0,"458":0,"459":0,"460":0,"464":0,"465":0,"474":3,"475":2,"476":2,"477":2,"478":2,"479":2,"480":1,"481":1,"482":0,"491":1,"492":0,"497":1,"503":1,"508":1,"511":1,"516":0,"517":0,"519":0,"522":0,"523":0,"527":1,"532":1,"538":1,"543":1,"545":1,"559":1,"560":1,"563":1,"565":1,"568":1,"570":1,"587":1,"588":1,"589":0,"593":0,"597":0,"598":0,"601":1,"606":1,"607":1,"608":1,"609":1,"611":1,"612":1,"615":1,"619":1,"623":1,"624":1,"625":1,"626":1,"627":1,"628":1,"629":1,"630":1,"631":1,"632":1,"634":1,"637":1,"643":1,"650":1,"665":0,"666":0,"667":0,"669":0,"671":0,"673":0,"675":0,"682":0,"683":0,"685":0,"691":0,"693":0,"697":0,"698":0,"699":0,"700":0,"703":0,"708":0,"710":0,"712":0,"713":0,"716":0,"719":0,"722":0,"723":0,"727":0,"731":0,"734":0,"742":0,"752":0,"753":0,"755":0,"756":0,"759":0,"762":0,"763":0,"766":0,"767":0,"769":0,"770":0,"771":0,"774":0,"775":0,"776":0,"783":0,"784":0,"790":0,"792":0,"793":0,"796":0,"800":0,"801":0,"805":0,"809":0,"813":6,"814":6,"821":0,"827":0,"828":0,"830":0,"831":0,"834":0,"844":0,"845":0,"847":0,"848":0,"850":0,"851":0,"852":0,"853":0,"854":0,"858":0,"862":0,"863":0,"867":0,"869":0},"path":"/Volumes/Data/DPMC/dpmc-github-repo_jan06/dpmc-smart-contracts/contracts/governance-dao-smart-contract.sol","s":{"1":23,"2":4,"3":6,"4":2,"5":2,"6":1,"7":1,"8":1,"9":1,"10":2,"11":3,"12":2,"13":1,"14":2,"15":1,"16":1,"17":1,"18":1,"19":1,"20":1,"21":1,"22":1,"23":1,"24":1,"25":1,"26":1,"27":0,"28":2,"29":1,"30":1,"31":0,"32":1,"33":1,"34":0,"35":2,"36":2,"37":2,"38":1,"39":1,"40":1,"41":1,"42":1,"43":1,"44":0,"45":0,"46":0,"47":0,"48":0,"49":0,"50":0,"51":0,"52":0,"53":5,"54":5,"55":5,"56":5,"57":3,"58":2,"59":0,"60":2,"61":0,"62":2,"63":1,"64":1,"65":1,"66":0,"67":0,"68":0,"69":0,"70":0,"71":0,"72":0,"73":0,"74":0,"75":0,"76":0,"77":0,"78":0,"79":0,"80":3,"81":1,"82":2,"83":0,"84":2,"85":0,"86":2,"87":0,"88":2,"89":0,"90":2,"91":1,"92":1,"93":0,"94":1,"95":1,"96":0,"97":1,"98":0,"99":1,"100":1,"101":1,"102":1,"103":1,"104":1,"105":1,"106":1,"107":1,"108":1,"109":1,"110":0,"111":0,"112":0,"113":1,"114":1,"115":1,"116":1,"117":1,"118":1,"119":1,"120":1,"121":1,"122":1,"123":0,"124":0,"125":0,"126":0,"127":0,"128":0,"129":0,"130":0,"131":0,"132":0,"133":0,"134":0,"135":0,"136":0,"137":0,"138":0,"139":0,"140":0,"141":0,"142":0,"143":0,"144":0,"145":0,"146":0,"147":0,"148":0,"149":0,"150":0,"151":0,"152":0,"153":0,"154":0,"155":0,"156":0,"157":0,"158":0,"159":0,"160":0,"161":0,"162":0,"163":0,"164":0,"165":6,"166":0,"167":0,"168":0,"169":0,"170":0,"171":0,"172":0,"173":0,"174":0,"175":0,"176":0,"177":0,"178":0,"179":0,"180":0,"181":0,"182":0},"b":{"1":[22,1],"2":[22,0],"3":[1,3],"4":[6,1],"5":[2,0],"6":[2,0],"7":[1,1],"8":[2,0],"9":[3,1],"10":[2,0],"11":[1,1],"12":[2,0],"13":[1,1],"14":[0,0],"15":[0,0],"16":[1,0],"17":[1,1],"18":[1,0],"19":[1,0],"20":[2,0],"21":[2,0],"22":[1,0],"23":[1,0],"24":[1,0],"25":[1,0],"26":[0,0],"27":[0,0],"28":[0,0],"29":[0,0],"30":[0,0],"31":[3,2],"32":[0,2],"33":[0,2],"34":[1,1],"35":[1,0],"36":[0,0],"37":[0,0],"38":[0,0],"39":[0,0],"40":[0,0],"41":[0,0],"42":[1,2],"43":[0,2],"44":[0,2],"45":[0,2],"46":[0,2],"47":[1,1],"48":[0,1],"49":[1,0],"50":[1,2],"51":[0,1],"52":[0,0],"53":[1,0],"54":[1,0],"55":[0,1],"56":[1,0],"57":[1,0],"58":[1,0],"59":[1,0],"60":[0,1],"61":[0,0],"62":[0,0],"63":[1,0],"64":[1,0],"65":[0,0],"66":[0,0],"67":[0,0],"68":[0,0],"69":[0,1],"70":[0,0],"71":[0,0],"72":[0,0],"73":[0,0],"74":[0,0],"75":[0,0],"76":[0,0],"77":[0,0],"78":[0,0],"79":[0,0],"80":[0,0],"81":[0,0],"82":[0,0],"83":[0,0],"84":[0,0],"85":[0,0],"86":[0,0],"87":[0,0],"88":[0,0],"89":[0,0],"90":[0,0],"91":[0,0],"92":[0,0],"93":[0,0],"94":[0,0],"95":[0,0],"96":[6,0],"97":[0,0],"98":[0,0]},"f":{"1":23,"2":4,"3":6,"4":2,"5":2,"6":3,"7":2,"8":2,"9":1,"10":1,"11":1,"12":2,"13":2,"14":1,"15":1,"16":0,"17":5,"18":0,"19":0,"20":0,"21":0,"22":0,"23":3,"24":1,"25":1,"26":0,"27":0,"28":0,"29":0,"30":0,"31":0,"32":6,"33":0,"34":0,"35":0,"36":0},"fnMap":{"1":{"name":"onlyAdmin","line":200,"loc":{"start":{"line":200,"column":4},"end":{"line":206,"column":4}}},"2":{"name":"whenNotPaused","line":208,"loc":{"start":{"line":208,"column":4},"end":{"line":211,"column":4}}},"3":{"name":"addOrRemoveAdmin","line":216,"loc":{"start":{"line":213,"column":4},"end":{"line":219,"column":4}}},"4":{"name":"createSession","line":221,"loc":{"start":{"line":221,"column":4},"end":{"line":239,"column":4}}},"5":{"name":"updateNoRulesVoteTier","line":242,"loc":{"start":{"line":242,"column":4},"end":{"line":248,"column":4}}},"6":{"name":"updateNoRulesProposalTier","line":251,"loc":{"start":{"line":251,"column":4},"end":{"line":257,"column":4}}},"7":{"name":"updateRulesVoteConfig","line":259,"loc":{"start":{"line":259,"column":4},"end":{"line":266,"column":4}}},"8":{"name":"updateRulesProposalConfig","line":268,"loc":{"start":{"line":268,"column":4},"end":{"line":275,"column":4}}},"9":{"name":"withRulesVote","line":278,"loc":{"start":{"line":278,"column":4},"end":{"line":290,"column":4}}},"10":{"name":"withRulesProposal","line":293,"loc":{"start":{"line":293,"column":4},"end":{"line":305,"column":4}}},"11":{"name":"noRulesPermission","line":307,"loc":{"start":{"line":307,"column":4},"end":{"line":318,"column":4}}},"12":{"name":"checkEligibility","line":326,"loc":{"start":{"line":326,"column":4},"end":{"line":345,"column":4}}},"13":{"name":"updateTokenLock","line":348,"loc":{"start":{"line":348,"column":4},"end":{"line":353,"column":4}}},"14":{"name":"updateUsdtStake","line":356,"loc":{"start":{"line":356,"column":4},"end":{"line":361,"column":4}}},"15":{"name":"updateUsdcStake","line":364,"loc":{"start":{"line":364,"column":4},"end":{"line":369,"column":4}}},"16":{"name":"updateTierThresholds","line":376,"loc":{"start":{"line":371,"column":4},"end":{"line":409,"column":4}}},"17":{"name":"getTier","line":411,"loc":{"start":{"line":411,"column":4},"end":{"line":427,"column":4}}},"18":{"name":"setMaxPercentage","line":429,"loc":{"start":{"line":429,"column":4},"end":{"line":436,"column":4}}},"19":{"name":"updateMaxProposalsPerSession","line":440,"loc":{"start":{"line":438,"column":4},"end":{"line":447,"column":4}}},"20":{"name":"getTotalSupply","line":449,"loc":{"start":{"line":449,"column":4},"end":{"line":451,"column":4}}},"21":{"name":"calculateVotePercentage","line":453,"loc":{"start":{"line":453,"column":4},"end":{"line":461,"column":4}}},"22":{"name":"cappedPercentage","line":463,"loc":{"start":{"line":463,"column":4},"end":{"line":469,"column":4}}},"23":{"name":"getStatusString","line":471,"loc":{"start":{"line":471,"column":4},"end":{"line":483,"column":4}}},"24":{"name":"submitProposal","line":489,"loc":{"start":{"line":485,"column":4},"end":{"line":579,"column":4}}},"25":{"name":"selectProposal","line":586,"loc":{"start":{"line":581,"column":4},"end":{"line":662,"column":4}}},"26":{"name":"getTierWeight","line":664,"loc":{"start":{"line":664,"column":4},"end":{"line":676,"column":4}}},"27":{"name":"vote","line":681,"loc":{"start":{"line":678,"column":4},"end":{"line":749,"column":4}}},"28":{"name":"cancelProposal","line":751,"loc":{"start":{"line":751,"column":4},"end":{"line":777,"column":4}}},"29":{"name":"updateProposalStatus","line":782,"loc":{"start":{"line":779,"column":4},"end":{"line":797,"column":4}}},"30":{"name":"updateVotingDuration","line":799,"loc":{"start":{"line":799,"column":4},"end":{"line":802,"column":4}}},"31":{"name":"setVoteMethod","line":804,"loc":{"start":{"line":804,"column":4},"end":{"line":810,"column":4}}},"32":{"name":"pauseDAO","line":812,"loc":{"start":{"line":812,"column":4},"end":{"line":815,"column":4}}},"33":{"name":"getProposalVote","line":817,"loc":{"start":{"line":817,"column":4},"end":{"line":822,"column":4}}},"34":{"name":"getFinalizedVotes","line":824,"loc":{"start":{"line":824,"column":4},"end":{"line":835,"column":4}}},"35":{"name":"getWinningChoice","line":837,"loc":{"start":{"line":837,"column":4},"end":{"line":859,"column":4}}},"36":{"name":"getActiveProposal","line":861,"loc":{"start":{"line":861,"column":4},"end":{"line":870,"column":4}}}},"statementMap":{"1":{"start":{"line":201,"column":8},"end":{"line":201,"column":5970}},"2":{"start":{"line":209,"column":8},"end":{"line":209,"column":43}},"3":{"start":{"line":218,"column":8},"end":{"line":218,"column":49}},"4":{"start":{"line":223,"column":8},"end":{"line":223,"column":6577}},"5":{"start":{"line":224,"column":12},"end":{"line":224,"column":6619}},"6":{"start":{"line":230,"column":8},"end":{"line":230,"column":45}},"7":{"start":{"line":231,"column":8},"end":{"line":231,"column":51}},"8":{"start":{"line":237,"column":8},"end":{"line":237,"column":49}},"9":{"start":{"line":238,"column":8},"end":{"line":238,"column":27}},"10":{"start":{"line":244,"column":8},"end":{"line":244,"column":62}},"11":{"start":{"line":253,"column":8},"end":{"line":253,"column":74}},"12":{"start":{"line":260,"column":8},"end":{"line":260,"column":7874}},"13":{"start":{"line":265,"column":8},"end":{"line":265,"column":58}},"14":{"start":{"line":269,"column":8},"end":{"line":269,"column":8179}},"15":{"start":{"line":274,"column":8},"end":{"line":274,"column":62}},"16":{"start":{"line":280,"column":8},"end":{"line":280,"column":73}},"17":{"start":{"line":281,"column":8},"end":{"line":281,"column":73}},"18":{"start":{"line":284,"column":8},"end":{"line":284,"column":38}},"19":{"start":{"line":287,"column":8},"end":{"line":287,"column":8988}},"20":{"start":{"line":295,"column":8},"end":{"line":295,"column":73}},"21":{"start":{"line":296,"column":8},"end":{"line":296,"column":73}},"22":{"start":{"line":299,"column":8},"end":{"line":299,"column":38}},"23":{"start":{"line":302,"column":8},"end":{"line":302,"column":9664}},"24":{"start":{"line":311,"column":8},"end":{"line":311,"column":38}},"25":{"start":{"line":313,"column":8},"end":{"line":313,"column":9929}},"26":{"start":{"line":314,"column":12},"end":{"line":314,"column":23}},"27":{"start":{"line":317,"column":8},"end":{"line":317,"column":20}},"28":{"start":{"line":330,"column":8},"end":{"line":330,"column":10487}},"29":{"start":{"line":332,"column":12},"end":{"line":332,"column":10584}},"30":{"start":{"line":333,"column":16},"end":{"line":333,"column":47}},"31":{"start":{"line":335,"column":16},"end":{"line":335,"column":64}},"32":{"start":{"line":339,"column":12},"end":{"line":339,"column":10838}},"33":{"start":{"line":340,"column":16},"end":{"line":340,"column":43}},"34":{"start":{"line":342,"column":16},"end":{"line":342,"column":60}},"35":{"start":{"line":349,"column":8},"end":{"line":349,"column":62}},"36":{"start":{"line":350,"column":8},"end":{"line":350,"column":47}},"37":{"start":{"line":352,"column":8},"end":{"line":352,"column":68}},"38":{"start":{"line":357,"column":8},"end":{"line":357,"column":62}},"39":{"start":{"line":358,"column":8},"end":{"line":358,"column":47}},"40":{"start":{"line":360,"column":8},"end":{"line":360,"column":68}},"41":{"start":{"line":365,"column":8},"end":{"line":365,"column":62}},"42":{"start":{"line":366,"column":8},"end":{"line":366,"column":47}},"43":{"start":{"line":368,"column":8},"end":{"line":368,"column":68}},"44":{"start":{"line":378,"column":8},"end":{"line":378,"column":42}},"45":{"start":{"line":379,"column":8},"end":{"line":379,"column":44}},"46":{"start":{"line":380,"column":8},"end":{"line":380,"column":48}},"47":{"start":{"line":381,"column":8},"end":{"line":381,"column":48}},"48":{"start":{"line":384,"column":8},"end":{"line":384,"column":71}},"49":{"start":{"line":385,"column":8},"end":{"line":385,"column":77}},"50":{"start":{"line":386,"column":8},"end":{"line":386,"column":12746}},"51":{"start":{"line":390,"column":8},"end":{"line":390,"column":70}},"52":{"start":{"line":399,"column":8},"end":{"line":399,"column":13173}},"53":{"start":{"line":412,"column":8},"end":{"line":412,"column":63}},"54":{"start":{"line":413,"column":8},"end":{"line":413,"column":60}},"55":{"start":{"line":414,"column":8},"end":{"line":414,"column":60}},"56":{"start":{"line":416,"column":8},"end":{"line":416,"column":13653}},"57":{"start":{"line":417,"column":12},"end":{"line":417,"column":27}},"58":{"start":{"line":418,"column":15},"end":{"line":418,"column":13737}},"59":{"start":{"line":419,"column":12},"end":{"line":419,"column":28}},"60":{"start":{"line":420,"column":15},"end":{"line":420,"column":13823}},"61":{"start":{"line":421,"column":12},"end":{"line":421,"column":30}},"62":{"start":{"line":422,"column":15},"end":{"line":422,"column":13913}},"63":{"start":{"line":423,"column":12},"end":{"line":423,"column":30}},"64":{"start":{"line":424,"column":15},"end":{"line":424,"column":14003}},"65":{"start":{"line":425,"column":12},"end":{"line":425,"column":30}},"66":{"start":{"line":430,"column":8},"end":{"line":430,"column":53}},"67":{"start":{"line":431,"column":8},"end":{"line":431,"column":65}},"68":{"start":{"line":435,"column":8},"end":{"line":435,"column":58}},"69":{"start":{"line":441,"column":8},"end":{"line":441,"column":61}},"70":{"start":{"line":442,"column":8},"end":{"line":442,"column":14566}},"71":{"start":{"line":450,"column":8},"end":{"line":450,"column":38}},"72":{"start":{"line":456,"column":8},"end":{"line":456,"column":63}},"73":{"start":{"line":457,"column":8},"end":{"line":457,"column":60}},"74":{"start":{"line":458,"column":8},"end":{"line":458,"column":60}},"75":{"start":{"line":459,"column":8},"end":{"line":459,"column":43}},"76":{"start":{"line":459,"column":35},"end":{"line":459,"column":43}},"77":{"start":{"line":460,"column":8},"end":{"line":460,"column":65}},"78":{"start":{"line":464,"column":8},"end":{"line":464,"column":61}},"79":{"start":{"line":465,"column":8},"end":{"line":465,"column":15414}},"80":{"start":{"line":474,"column":8},"end":{"line":474,"column":58}},"81":{"start":{"line":474,"column":40},"end":{"line":474,"column":58}},"82":{"start":{"line":475,"column":8},"end":{"line":475,"column":52}},"83":{"start":{"line":475,"column":37},"end":{"line":475,"column":52}},"84":{"start":{"line":476,"column":8},"end":{"line":476,"column":52}},"85":{"start":{"line":476,"column":37},"end":{"line":476,"column":52}},"86":{"start":{"line":477,"column":8},"end":{"line":477,"column":52}},"87":{"start":{"line":477,"column":37},"end":{"line":477,"column":52}},"88":{"start":{"line":478,"column":8},"end":{"line":478,"column":54}},"89":{"start":{"line":478,"column":38},"end":{"line":478,"column":54}},"90":{"start":{"line":479,"column":8},"end":{"line":479,"column":54}},"91":{"start":{"line":479,"column":38},"end":{"line":479,"column":54}},"92":{"start":{"line":480,"column":8},"end":{"line":480,"column":58}},"93":{"start":{"line":480,"column":40},"end":{"line":480,"column":58}},"94":{"start":{"line":481,"column":8},"end":{"line":481,"column":56}},"95":{"start":{"line":481,"column":39},"end":{"line":481,"column":56}},"96":{"start":{"line":482,"column":8},"end":{"line":482,"column":17}},"97":{"start":{"line":491,"column":8},"end":{"line":491,"column":16298}},"98":{"start":{"line":492,"column":12},"end":{"line":492,"column":16345}},"99":{"start":{"line":497,"column":12},"end":{"line":497,"column":16505}},"100":{"start":{"line":503,"column":8},"end":{"line":503,"column":16668}},"101":{"start":{"line":508,"column":8},"end":{"line":508,"column":49}},"102":{"start":{"line":511,"column":8},"end":{"line":511,"column":16913}},"103":{"start":{"line":527,"column":8},"end":{"line":527,"column":17602}},"104":{"start":{"line":532,"column":8},"end":{"line":532,"column":17745}},"105":{"start":{"line":538,"column":8},"end":{"line":538,"column":17920}},"106":{"start":{"line":559,"column":8},"end":{"line":559,"column":72}},"107":{"start":{"line":570,"column":8},"end":{"line":570,"column":18987}},"108":{"start":{"line":587,"column":8},"end":{"line":587,"column":41}},"109":{"start":{"line":588,"column":8},"end":{"line":588,"column":19469}},"110":{"start":{"line":589,"column":12},"end":{"line":589,"column":19509}},"111":{"start":{"line":593,"column":12},"end":{"line":593,"column":19647}},"112":{"start":{"line":597,"column":12},"end":{"line":597,"column":71}},"113":{"start":{"line":601,"column":8},"end":{"line":601,"column":19939}},"114":{"start":{"line":606,"column":8},"end":{"line":606,"column":42}},"115":{"start":{"line":607,"column":8},"end":{"line":607,"column":49}},"116":{"start":{"line":608,"column":8},"end":{"line":608,"column":60}},"117":{"start":{"line":609,"column":8},"end":{"line":609,"column":66}},"118":{"start":{"line":611,"column":8},"end":{"line":611,"column":20293}},"119":{"start":{"line":612,"column":12},"end":{"line":612,"column":20357}},"120":{"start":{"line":615,"column":12},"end":{"line":615,"column":20469}},"121":{"start":{"line":643,"column":8},"end":{"line":643,"column":21412}},"122":{"start":{"line":650,"column":8},"end":{"line":650,"column":21595}},"123":{"start":{"line":665,"column":8},"end":{"line":665,"column":34}},"124":{"start":{"line":666,"column":8},"end":{"line":666,"column":22045}},"125":{"start":{"line":667,"column":12},"end":{"line":667,"column":20}},"126":{"start":{"line":668,"column":15},"end":{"line":668,"column":22106}},"127":{"start":{"line":669,"column":12},"end":{"line":669,"column":20}},"128":{"start":{"line":670,"column":15},"end":{"line":670,"column":22168}},"129":{"start":{"line":671,"column":12},"end":{"line":671,"column":20}},"130":{"start":{"line":672,"column":15},"end":{"line":672,"column":22232}},"131":{"start":{"line":673,"column":12},"end":{"line":673,"column":20}},"132":{"start":{"line":675,"column":8},"end":{"line":675,"column":16}},"133":{"start":{"line":682,"column":8},"end":{"line":682,"column":22445}},"134":{"start":{"line":683,"column":12},"end":{"line":683,"column":77}},"135":{"start":{"line":685,"column":12},"end":{"line":685,"column":22585}},"136":{"start":{"line":691,"column":8},"end":{"line":691,"column":49}},"137":{"start":{"line":693,"column":8},"end":{"line":693,"column":22814}},"138":{"start":{"line":697,"column":8},"end":{"line":697,"column":58}},"139":{"start":{"line":698,"column":8},"end":{"line":698,"column":67}},"140":{"start":{"line":699,"column":8},"end":{"line":699,"column":63}},"141":{"start":{"line":700,"column":8},"end":{"line":700,"column":72}},"142":{"start":{"line":703,"column":8},"end":{"line":703,"column":23285}},"143":{"start":{"line":708,"column":8},"end":{"line":708,"column":32}},"144":{"start":{"line":710,"column":8},"end":{"line":710,"column":23455}},"145":{"start":{"line":712,"column":12},"end":{"line":712,"column":58}},"146":{"start":{"line":714,"column":15},"end":{"line":714,"column":23697}},"147":{"start":{"line":716,"column":12},"end":{"line":716,"column":23869}},"148":{"start":{"line":720,"column":15},"end":{"line":720,"column":24034}},"149":{"start":{"line":722,"column":12},"end":{"line":722,"column":73}},"150":{"start":{"line":723,"column":12},"end":{"line":723,"column":24299}},"151":{"start":{"line":742,"column":8},"end":{"line":742,"column":24929}},"152":{"start":{"line":752,"column":8},"end":{"line":752,"column":58}},"153":{"start":{"line":753,"column":8},"end":{"line":753,"column":75}},"154":{"start":{"line":755,"column":8},"end":{"line":755,"column":25303}},"155":{"start":{"line":756,"column":12},"end":{"line":756,"column":25353}},"156":{"start":{"line":762,"column":8},"end":{"line":762,"column":25521}},"157":{"start":{"line":770,"column":8},"end":{"line":770,"column":49}},"158":{"start":{"line":776,"column":8},"end":{"line":776,"column":65}},"159":{"start":{"line":783,"column":8},"end":{"line":783,"column":58}},"160":{"start":{"line":784,"column":8},"end":{"line":784,"column":26248}},"161":{"start":{"line":792,"column":8},"end":{"line":792,"column":26475}},"162":{"start":{"line":796,"column":8},"end":{"line":796,"column":56}},"163":{"start":{"line":800,"column":8},"end":{"line":800,"column":55}},"164":{"start":{"line":805,"column":8},"end":{"line":805,"column":26877}},"165":{"start":{"line":814,"column":8},"end":{"line":814,"column":37}},"166":{"start":{"line":821,"column":8},"end":{"line":821,"column":56}},"167":{"start":{"line":827,"column":8},"end":{"line":827,"column":67}},"168":{"start":{"line":828,"column":8},"end":{"line":828,"column":59}},"169":{"start":{"line":830,"column":8},"end":{"line":830,"column":27648}},"170":{"start":{"line":834,"column":8},"end":{"line":834,"column":20}},"171":{"start":{"line":844,"column":8},"end":{"line":844,"column":58}},"172":{"start":{"line":845,"column":8},"end":{"line":845,"column":53}},"173":{"start":{"line":847,"column":8},"end":{"line":847,"column":31}},"174":{"start":{"line":848,"column":8},"end":{"line":848,"column":33}},"175":{"start":{"line":850,"column":8},"end":{"line":850,"column":28149}},"176":{"start":{"line":851,"column":12},"end":{"line":851,"column":70}},"177":{"start":{"line":852,"column":12},"end":{"line":852,"column":28281}},"178":{"start":{"line":858,"column":8},"end":{"line":858,"column":43}},"179":{"start":{"line":862,"column":8},"end":{"line":862,"column":49}},"180":{"start":{"line":863,"column":8},"end":{"line":863,"column":28611}},"181":{"start":{"line":867,"column":12},"end":{"line":867,"column":31}},"182":{"start":{"line":869,"column":8},"end":{"line":869,"column":71}}},"branchMap":{"1":{"line":201,"type":"if","locations":[{"start":{"line":201,"column":8},"end":{"line":201,"column":8}},{"start":{"line":201,"column":8},"end":{"line":201,"column":8}}]},"2":{"line":202,"type":"cond-expr","locations":[{"start":{"line":202,"column":12},"end":{"line":202,"column":30}},{"start":{"line":202,"column":35},"end":{"line":202,"column":55}}]},"3":{"line":209,"type":"if","locations":[{"start":{"line":209,"column":8},"end":{"line":209,"column":8}},{"start":{"line":209,"column":8},"end":{"line":209,"column":8}}]},"4":{"line":216,"type":"if","locations":[{"start":{"line":216,"column":13},"end":{"line":216,"column":13}},{"start":{"line":216,"column":13},"end":{"line":216,"column":13}}]},"5":{"line":221,"type":"if","locations":[{"start":{"line":221,"column":36},"end":{"line":221,"column":36}},{"start":{"line":221,"column":36},"end":{"line":221,"column":36}}]},"6":{"line":223,"type":"if","locations":[{"start":{"line":223,"column":8},"end":{"line":223,"column":8}},{"start":{"line":223,"column":8},"end":{"line":223,"column":8}}]},"7":{"line":224,"type":"if","locations":[{"start":{"line":224,"column":12},"end":{"line":224,"column":12}},{"start":{"line":224,"column":12},"end":{"line":224,"column":12}}]},"8":{"line":242,"type":"if","locations":[{"start":{"line":242,"column":61},"end":{"line":242,"column":61}},{"start":{"line":242,"column":61},"end":{"line":242,"column":61}}]},"9":{"line":251,"type":"if","locations":[{"start":{"line":251,"column":69},"end":{"line":251,"column":69}},{"start":{"line":251,"column":69},"end":{"line":251,"column":69}}]},"10":{"line":259,"type":"if","locations":[{"start":{"line":259,"column":60},"end":{"line":259,"column":60}},{"start":{"line":259,"column":60},"end":{"line":259,"column":60}}]},"11":{"line":260,"type":"if","locations":[{"start":{"line":260,"column":8},"end":{"line":260,"column":8}},{"start":{"line":260,"column":8},"end":{"line":260,"column":8}}]},"12":{"line":268,"type":"if","locations":[{"start":{"line":268,"column":64},"end":{"line":268,"column":64}},{"start":{"line":268,"column":64},"end":{"line":268,"column":64}}]},"13":{"line":269,"type":"if","locations":[{"start":{"line":269,"column":8},"end":{"line":269,"column":8}},{"start":{"line":269,"column":8},"end":{"line":269,"column":8}}]},"14":{"line":288,"type":"cond-expr","locations":[{"start":{"line":288,"column":13},"end":{"line":288,"column":39}},{"start":{"line":288,"column":44},"end":{"line":288,"column":70}}]},"15":{"line":303,"type":"cond-expr","locations":[{"start":{"line":303,"column":13},"end":{"line":303,"column":39}},{"start":{"line":303,"column":44},"end":{"line":303,"column":70}}]},"16":{"line":313,"type":"if","locations":[{"start":{"line":313,"column":8},"end":{"line":313,"column":8}},{"start":{"line":313,"column":8},"end":{"line":313,"column":8}}]},"17":{"line":330,"type":"if","locations":[{"start":{"line":330,"column":8},"end":{"line":330,"column":8}},{"start":{"line":330,"column":8},"end":{"line":330,"column":8}}]},"18":{"line":332,"type":"if","locations":[{"start":{"line":332,"column":12},"end":{"line":332,"column":12}},{"start":{"line":332,"column":12},"end":{"line":332,"column":12}}]},"19":{"line":339,"type":"if","locations":[{"start":{"line":339,"column":12},"end":{"line":339,"column":12}},{"start":{"line":339,"column":12},"end":{"line":339,"column":12}}]},"20":{"line":348,"type":"if","locations":[{"start":{"line":348,"column":59},"end":{"line":348,"column":59}},{"start":{"line":348,"column":59},"end":{"line":348,"column":59}}]},"21":{"line":349,"type":"if","locations":[{"start":{"line":349,"column":8},"end":{"line":349,"column":8}},{"start":{"line":349,"column":8},"end":{"line":349,"column":8}}]},"22":{"line":356,"type":"if","locations":[{"start":{"line":356,"column":59},"end":{"line":356,"column":59}},{"start":{"line":356,"column":59},"end":{"line":356,"column":59}}]},"23":{"line":357,"type":"if","locations":[{"start":{"line":357,"column":8},"end":{"line":357,"column":8}},{"start":{"line":357,"column":8},"end":{"line":357,"column":8}}]},"24":{"line":364,"type":"if","locations":[{"start":{"line":364,"column":59},"end":{"line":364,"column":59}},{"start":{"line":364,"column":59},"end":{"line":364,"column":59}}]},"25":{"line":365,"type":"if","locations":[{"start":{"line":365,"column":8},"end":{"line":365,"column":8}},{"start":{"line":365,"column":8},"end":{"line":365,"column":8}}]},"26":{"line":376,"type":"if","locations":[{"start":{"line":376,"column":15},"end":{"line":376,"column":15}},{"start":{"line":376,"column":15},"end":{"line":376,"column":15}}]},"27":{"line":384,"type":"if","locations":[{"start":{"line":384,"column":8},"end":{"line":384,"column":8}},{"start":{"line":384,"column":8},"end":{"line":384,"column":8}}]},"28":{"line":385,"type":"if","locations":[{"start":{"line":385,"column":8},"end":{"line":385,"column":8}},{"start":{"line":385,"column":8},"end":{"line":385,"column":8}}]},"29":{"line":386,"type":"if","locations":[{"start":{"line":386,"column":8},"end":{"line":386,"column":8}},{"start":{"line":386,"column":8},"end":{"line":386,"column":8}}]},"30":{"line":390,"type":"if","locations":[{"start":{"line":390,"column":8},"end":{"line":390,"column":8}},{"start":{"line":390,"column":8},"end":{"line":390,"column":8}}]},"31":{"line":416,"type":"if","locations":[{"start":{"line":416,"column":8},"end":{"line":416,"column":8}},{"start":{"line":416,"column":8},"end":{"line":416,"column":8}}]},"32":{"line":418,"type":"if","locations":[{"start":{"line":418,"column":15},"end":{"line":418,"column":15}},{"start":{"line":418,"column":15},"end":{"line":418,"column":15}}]},"33":{"line":420,"type":"if","locations":[{"start":{"line":420,"column":15},"end":{"line":420,"column":15}},{"start":{"line":420,"column":15},"end":{"line":420,"column":15}}]},"34":{"line":422,"type":"if","locations":[{"start":{"line":422,"column":15},"end":{"line":422,"column":15}},{"start":{"line":422,"column":15},"end":{"line":422,"column":15}}]},"35":{"line":424,"type":"if","locations":[{"start":{"line":424,"column":15},"end":{"line":424,"column":15}},{"start":{"line":424,"column":15},"end":{"line":424,"column":15}}]},"36":{"line":429,"type":"if","locations":[{"start":{"line":429,"column":57},"end":{"line":429,"column":57}},{"start":{"line":429,"column":57},"end":{"line":429,"column":57}}]},"37":{"line":431,"type":"if","locations":[{"start":{"line":431,"column":8},"end":{"line":431,"column":8}},{"start":{"line":431,"column":8},"end":{"line":431,"column":8}}]},"38":{"line":440,"type":"if","locations":[{"start":{"line":440,"column":15},"end":{"line":440,"column":15}},{"start":{"line":440,"column":15},"end":{"line":440,"column":15}}]},"39":{"line":441,"type":"if","locations":[{"start":{"line":441,"column":8},"end":{"line":441,"column":8}},{"start":{"line":441,"column":8},"end":{"line":441,"column":8}}]},"40":{"line":459,"type":"if","locations":[{"start":{"line":459,"column":8},"end":{"line":459,"column":8}},{"start":{"line":459,"column":8},"end":{"line":459,"column":8}}]},"41":{"line":467,"type":"if","locations":[{"start":{"line":467,"column":18},"end":{"line":467,"column":38}},{"start":{"line":468,"column":18},"end":{"line":468,"column":27}}]},"42":{"line":474,"type":"if","locations":[{"start":{"line":474,"column":8},"end":{"line":474,"column":8}},{"start":{"line":474,"column":8},"end":{"line":474,"column":8}}]},"43":{"line":475,"type":"if","locations":[{"start":{"line":475,"column":8},"end":{"line":475,"column":8}},{"start":{"line":475,"column":8},"end":{"line":475,"column":8}}]},"44":{"line":476,"type":"if","locations":[{"start":{"line":476,"column":8},"end":{"line":476,"column":8}},{"start":{"line":476,"column":8},"end":{"line":476,"column":8}}]},"45":{"line":477,"type":"if","locations":[{"start":{"line":477,"column":8},"end":{"line":477,"column":8}},{"start":{"line":477,"column":8},"end":{"line":477,"column":8}}]},"46":{"line":478,"type":"if","locations":[{"start":{"line":478,"column":8},"end":{"line":478,"column":8}},{"start":{"line":478,"column":8},"end":{"line":478,"column":8}}]},"47":{"line":479,"type":"if","locations":[{"start":{"line":479,"column":8},"end":{"line":479,"column":8}},{"start":{"line":479,"column":8},"end":{"line":479,"column":8}}]},"48":{"line":480,"type":"if","locations":[{"start":{"line":480,"column":8},"end":{"line":480,"column":8}},{"start":{"line":480,"column":8},"end":{"line":480,"column":8}}]},"49":{"line":481,"type":"if","locations":[{"start":{"line":481,"column":8},"end":{"line":481,"column":8}},{"start":{"line":481,"column":8},"end":{"line":481,"column":8}}]},"50":{"line":489,"type":"if","locations":[{"start":{"line":489,"column":15},"end":{"line":489,"column":15}},{"start":{"line":489,"column":15},"end":{"line":489,"column":15}}]},"51":{"line":491,"type":"if","locations":[{"start":{"line":491,"column":8},"end":{"line":491,"column":8}},{"start":{"line":491,"column":8},"end":{"line":491,"column":8}}]},"52":{"line":492,"type":"if","locations":[{"start":{"line":492,"column":12},"end":{"line":492,"column":12}},{"start":{"line":492,"column":12},"end":{"line":492,"column":12}}]},"53":{"line":497,"type":"if","locations":[{"start":{"line":497,"column":12},"end":{"line":497,"column":12}},{"start":{"line":497,"column":12},"end":{"line":497,"column":12}}]},"54":{"line":503,"type":"if","locations":[{"start":{"line":503,"column":8},"end":{"line":503,"column":8}},{"start":{"line":503,"column":8},"end":{"line":503,"column":8}}]},"55":{"line":511,"type":"if","locations":[{"start":{"line":511,"column":8},"end":{"line":511,"column":8}},{"start":{"line":511,"column":8},"end":{"line":511,"column":8}}]},"56":{"line":527,"type":"if","locations":[{"start":{"line":527,"column":8},"end":{"line":527,"column":8}},{"start":{"line":527,"column":8},"end":{"line":527,"column":8}}]},"57":{"line":532,"type":"if","locations":[{"start":{"line":532,"column":8},"end":{"line":532,"column":8}},{"start":{"line":532,"column":8},"end":{"line":532,"column":8}}]},"58":{"line":538,"type":"if","locations":[{"start":{"line":538,"column":8},"end":{"line":538,"column":8}},{"start":{"line":538,"column":8},"end":{"line":538,"column":8}}]},"59":{"line":586,"type":"if","locations":[{"start":{"line":586,"column":15},"end":{"line":586,"column":15}},{"start":{"line":586,"column":15},"end":{"line":586,"column":15}}]},"60":{"line":588,"type":"if","locations":[{"start":{"line":588,"column":8},"end":{"line":588,"column":8}},{"start":{"line":588,"column":8},"end":{"line":588,"column":8}}]},"61":{"line":589,"type":"if","locations":[{"start":{"line":589,"column":12},"end":{"line":589,"column":12}},{"start":{"line":589,"column":12},"end":{"line":589,"column":12}}]},"62":{"line":593,"type":"if","locations":[{"start":{"line":593,"column":12},"end":{"line":593,"column":12}},{"start":{"line":593,"column":12},"end":{"line":593,"column":12}}]},"63":{"line":601,"type":"if","locations":[{"start":{"line":601,"column":8},"end":{"line":601,"column":8}},{"start":{"line":601,"column":8},"end":{"line":601,"column":8}}]},"64":{"line":615,"type":"if","locations":[{"start":{"line":615,"column":12},"end":{"line":615,"column":12}},{"start":{"line":615,"column":12},"end":{"line":615,"column":12}}]},"65":{"line":666,"type":"if","locations":[{"start":{"line":666,"column":8},"end":{"line":666,"column":8}},{"start":{"line":666,"column":8},"end":{"line":666,"column":8}}]},"66":{"line":668,"type":"if","locations":[{"start":{"line":668,"column":15},"end":{"line":668,"column":15}},{"start":{"line":668,"column":15},"end":{"line":668,"column":15}}]},"67":{"line":670,"type":"if","locations":[{"start":{"line":670,"column":15},"end":{"line":670,"column":15}},{"start":{"line":670,"column":15},"end":{"line":670,"column":15}}]},"68":{"line":672,"type":"if","locations":[{"start":{"line":672,"column":15},"end":{"line":672,"column":15}},{"start":{"line":672,"column":15},"end":{"line":672,"column":15}}]},"69":{"line":681,"type":"if","locations":[{"start":{"line":681,"column":15},"end":{"line":681,"column":15}},{"start":{"line":681,"column":15},"end":{"line":681,"column":15}}]},"70":{"line":681,"type":"if","locations":[{"start":{"line":681,"column":29},"end":{"line":681,"column":29}},{"start":{"line":681,"column":29},"end":{"line":681,"column":29}}]},"71":{"line":682,"type":"if","locations":[{"start":{"line":682,"column":8},"end":{"line":682,"column":8}},{"start":{"line":682,"column":8},"end":{"line":682,"column":8}}]},"72":{"line":683,"type":"if","locations":[{"start":{"line":683,"column":12},"end":{"line":683,"column":12}},{"start":{"line":683,"column":12},"end":{"line":683,"column":12}}]},"73":{"line":685,"type":"if","locations":[{"start":{"line":685,"column":12},"end":{"line":685,"column":12}},{"start":{"line":685,"column":12},"end":{"line":685,"column":12}}]},"74":{"line":693,"type":"if","locations":[{"start":{"line":693,"column":8},"end":{"line":693,"column":8}},{"start":{"line":693,"column":8},"end":{"line":693,"column":8}}]},"75":{"line":698,"type":"if","locations":[{"start":{"line":698,"column":8},"end":{"line":698,"column":8}},{"start":{"line":698,"column":8},"end":{"line":698,"column":8}}]},"76":{"line":699,"type":"if","locations":[{"start":{"line":699,"column":8},"end":{"line":699,"column":8}},{"start":{"line":699,"column":8},"end":{"line":699,"column":8}}]},"77":{"line":700,"type":"if","locations":[{"start":{"line":700,"column":8},"end":{"line":700,"column":8}},{"start":{"line":700,"column":8},"end":{"line":700,"column":8}}]},"78":{"line":703,"type":"if","locations":[{"start":{"line":703,"column":8},"end":{"line":703,"column":8}},{"start":{"line":703,"column":8},"end":{"line":703,"column":8}}]},"79":{"line":710,"type":"if","locations":[{"start":{"line":710,"column":8},"end":{"line":710,"column":8}},{"start":{"line":710,"column":8},"end":{"line":710,"column":8}}]},"80":{"line":714,"type":"if","locations":[{"start":{"line":714,"column":15},"end":{"line":714,"column":15}},{"start":{"line":714,"column":15},"end":{"line":714,"column":15}}]},"81":{"line":720,"type":"if","locations":[{"start":{"line":720,"column":15},"end":{"line":720,"column":15}},{"start":{"line":720,"column":15},"end":{"line":720,"column":15}}]},"82":{"line":725,"type":"if","locations":[{"start":{"line":725,"column":18},"end":{"line":725,"column":38}},{"start":{"line":726,"column":18},"end":{"line":726,"column":39}}]},"83":{"line":751,"type":"if","locations":[{"start":{"line":751,"column":58},"end":{"line":751,"column":58}},{"start":{"line":751,"column":58},"end":{"line":751,"column":58}}]},"84":{"line":753,"type":"if","locations":[{"start":{"line":753,"column":8},"end":{"line":753,"column":8}},{"start":{"line":753,"column":8},"end":{"line":753,"column":8}}]},"85":{"line":755,"type":"if","locations":[{"start":{"line":755,"column":8},"end":{"line":755,"column":8}},{"start":{"line":755,"column":8},"end":{"line":755,"column":8}}]},"86":{"line":762,"type":"if","locations":[{"start":{"line":762,"column":8},"end":{"line":762,"column":8}},{"start":{"line":762,"column":8},"end":{"line":762,"column":8}}]},"87":{"line":782,"type":"if","locations":[{"start":{"line":782,"column":15},"end":{"line":782,"column":15}},{"start":{"line":782,"column":15},"end":{"line":782,"column":15}}]},"88":{"line":784,"type":"if","locations":[{"start":{"line":784,"column":8},"end":{"line":784,"column":8}},{"start":{"line":784,"column":8},"end":{"line":784,"column":8}}]},"89":{"line":785,"type":"cond-expr","locations":[{"start":{"line":785,"column":12},"end":{"line":785,"column":35}},{"start":{"line":786,"column":16},"end":{"line":786,"column":39}}]},"90":{"line":785,"type":"cond-expr","locations":[{"start":{"line":785,"column":12},"end":{"line":786,"column":39}},{"start":{"line":787,"column":16},"end":{"line":787,"column":40}}]},"91":{"line":792,"type":"if","locations":[{"start":{"line":792,"column":8},"end":{"line":792,"column":8}},{"start":{"line":792,"column":8},"end":{"line":792,"column":8}}]},"92":{"line":799,"type":"if","locations":[{"start":{"line":799,"column":58},"end":{"line":799,"column":58}},{"start":{"line":799,"column":58},"end":{"line":799,"column":58}}]},"93":{"line":800,"type":"if","locations":[{"start":{"line":800,"column":8},"end":{"line":800,"column":8}},{"start":{"line":800,"column":8},"end":{"line":800,"column":8}}]},"94":{"line":804,"type":"if","locations":[{"start":{"line":804,"column":56},"end":{"line":804,"column":56}},{"start":{"line":804,"column":56},"end":{"line":804,"column":56}}]},"95":{"line":805,"type":"if","locations":[{"start":{"line":805,"column":8},"end":{"line":805,"column":8}},{"start":{"line":805,"column":8},"end":{"line":805,"column":8}}]},"96":{"line":812,"type":"if","locations":[{"start":{"line":812,"column":44},"end":{"line":812,"column":44}},{"start":{"line":812,"column":44},"end":{"line":812,"column":44}}]},"97":{"line":852,"type":"if","locations":[{"start":{"line":852,"column":12},"end":{"line":852,"column":12}},{"start":{"line":852,"column":12},"end":{"line":852,"column":12}}]},"98":{"line":863,"type":"if","locations":[{"start":{"line":863,"column":8},"end":{"line":863,"column":8}},{"start":{"line":863,"column":8},"end":{"line":863,"column":8}}]}}},"contracts/mocks/MockLockToken.sol":{"l":{"15":11,"19":15,"23":2,"24":1,"26":1,"27":1},"path":"/Volumes/Data/DPMC/dpmc-github-repo_jan06/dpmc-smart-contracts/contracts/mocks/MockLockToken.sol","s":{"1":11,"2":15,"3":2,"4":1},"b":{"1":[1,1],"2":[1,0]},"f":{"1":11,"2":15,"3":2},"fnMap":{"1":{"name":"constructor","line":14,"loc":{"start":{"line":14,"column":4},"end":{"line":16,"column":4}}},"2":{"name":"tokenLocked","line":18,"loc":{"start":{"line":18,"column":4},"end":{"line":20,"column":4}}},"3":{"name":"updateLockedAmount","line":22,"loc":{"start":{"line":22,"column":4},"end":{"line":29,"column":4}}}},"statementMap":{"1":{"start":{"line":15,"column":8},"end":{"line":15,"column":37}},"2":{"start":{"line":19,"column":8},"end":{"line":19,"column":30}},"3":{"start":{"line":23,"column":8},"end":{"line":23,"column":795}},"4":{"start":{"line":26,"column":12},"end":{"line":26,"column":75}}},"branchMap":{"1":{"line":23,"type":"if","locations":[{"start":{"line":23,"column":8},"end":{"line":23,"column":8}},{"start":{"line":23,"column":8},"end":{"line":23,"column":8}}]},"2":{"line":26,"type":"if","locations":[{"start":{"line":26,"column":12},"end":{"line":26,"column":12}},{"start":{"line":26,"column":12},"end":{"line":26,"column":12}}]}}},"contracts/mocks/MockNFE721.sol":{"l"
[...]
tart":{"line":826,"column":45},"end":{"line":826,"column":45}}]},"60":{"line":831,"type":"if","locations":[{"start":{"line":831,"column":69},"end":{"line":831,"column":69}},{"start":{"line":831,"column":69},"end":{"line":831,"column":69}}]},"61":{"line":832,"type":"if","locations":[{"start":{"line":832,"column":8},"end":{"line":832,"column":8}},{"start":{"line":832,"column":8},"end":{"line":832,"column":8}}]},"62":{"line":840,"type":"if","locations":[{"start":{"line":840,"column":15},"end":{"line":840,"column":15}},{"start":{"line":840,"column":15},"end":{"line":840,"column":15}}]},"63":{"line":841,"type":"if","locations":[{"start":{"line":841,"column":8},"end":{"line":841,"column":8}},{"start":{"line":841,"column":8},"end":{"line":841,"column":8}}]},"64":{"line":847,"type":"if","locations":[{"start":{"line":847,"column":67},"end":{"line":847,"column":67}},{"start":{"line":847,"column":67},"end":{"line":847,"column":67}}]},"65":{"line":848,"type":"if","locations":[{"start":{"line":848,"column":8},"end":{"line":848,"column":8}},{"start":{"line":848,"column":8},"end":{"line":848,"column":8}}]},"66":{"line":856,"type":"if","locations":[{"start":{"line":856,"column":15},"end":{"line":856,"column":15}},{"start":{"line":856,"column":15},"end":{"line":856,"column":15}}]},"67":{"line":857,"type":"if","locations":[{"start":{"line":857,"column":8},"end":{"line":857,"column":8}},{"start":{"line":857,"column":8},"end":{"line":857,"column":8}}]},"68":{"line":863,"type":"if","locations":[{"start":{"line":863,"column":65},"end":{"line":863,"column":65}},{"start":{"line":863,"column":65},"end":{"line":863,"column":65}}]},"69":{"line":864,"type":"if","locations":[{"start":{"line":864,"column":8},"end":{"line":864,"column":8}},{"start":{"line":864,"column":8},"end":{"line":864,"column":8}}]},"70":{"line":873,"type":"if","locations":[{"start":{"line":873,"column":15},"end":{"line":873,"column":15}},{"start":{"line":873,"column":15},"end":{"line":873,"column":15}}]},"71":{"line":874,"type":"if","locations":[{"start":{"line":874,"column":8},"end":{"line":874,"column":8}},{"start":{"line":874,"column":8},"end":{"line":874,"column":8}}]},"72":{"line":882,"type":"if","locations":[{"start":{"line":882,"column":15},"end":{"line":882,"column":15}},{"start":{"line":882,"column":15},"end":{"line":882,"column":15}}]},"73":{"line":883,"type":"if","locations":[{"start":{"line":883,"column":8},"end":{"line":883,"column":8}},{"start":{"line":883,"column":8},"end":{"line":883,"column":8}}]},"74":{"line":891,"type":"if","locations":[{"start":{"line":891,"column":62},"end":{"line":891,"column":62}},{"start":{"line":891,"column":62},"end":{"line":891,"column":62}}]},"75":{"line":892,"type":"if","locations":[{"start":{"line":892,"column":8},"end":{"line":892,"column":8}},{"start":{"line":892,"column":8},"end":{"line":892,"column":8}}]},"76":{"line":900,"type":"if","locations":[{"start":{"line":900,"column":62},"end":{"line":900,"column":62}},{"start":{"line":900,"column":62},"end":{"line":900,"column":62}}]},"77":{"line":901,"type":"if","locations":[{"start":{"line":901,"column":8},"end":{"line":901,"column":8}},{"start":{"line":901,"column":8},"end":{"line":901,"column":8}}]},"78":{"line":911,"type":"if","locations":[{"start":{"line":911,"column":8},"end":{"line":911,"column":8}},{"start":{"line":911,"column":8},"end":{"line":911,"column":8}}]},"79":{"line":912,"type":"if","locations":[{"start":{"line":912,"column":8},"end":{"line":912,"column":8}},{"start":{"line":912,"column":8},"end":{"line":912,"column":8}}]},"80":{"line":913,"type":"if","locations":[{"start":{"line":913,"column":8},"end":{"line":913,"column":8}},{"start":{"line":913,"column":8},"end":{"line":913,"column":8}}]},"81":{"line":914,"type":"if","locations":[{"start":{"line":914,"column":8},"end":{"line":914,"column":8}},{"start":{"line":914,"column":8},"end":{"line":914,"column":8}}]},"82":{"line":927,"type":"if","locations":[{"start":{"line":927,"column":8},"end":{"line":927,"column":8}},{"start":{"line":927,"column":8},"end":{"line":927,"column":8}}]},"83":{"line":931,"type":"if","locations":[{"start":{"line":931,"column":8},"end":{"line":931,"column":8}},{"start":{"line":931,"column":8},"end":{"line":931,"column":8}}]},"84":{"line":932,"type":"if","locations":[{"start":{"line":932,"column":8},"end":{"line":932,"column":8}},{"start":{"line":932,"column":8},"end":{"line":932,"column":8}}]},"85":{"line":933,"type":"if","locations":[{"start":{"line":933,"column":8},"end":{"line":933,"column":8}},{"start":{"line":933,"column":8},"end":{"line":933,"column":8}}]},"86":{"line":934,"type":"if","locations":[{"start":{"line":934,"column":8},"end":{"line":934,"column":8}},{"start":{"line":934,"column":8},"end":{"line":934,"column":8}}]},"87":{"line":948,"type":"if","locations":[{"start":{"line":948,"column":8},"end":{"line":948,"column":8}},{"start":{"line":948,"column":8},"end":{"line":948,"column":8}}]},"88":{"line":978,"type":"if","locations":[{"start":{"line":978,"column":12},"end":{"line":978,"column":12}},{"start":{"line":978,"column":12},"end":{"line":978,"column":12}}]},"89":{"line":988,"type":"if","locations":[{"start":{"line":988,"column":18},"end":{"line":988,"column":38}},{"start":{"line":989,"column":18},"end":{"line":989,"column":33}}]},"90":{"line":1007,"type":"if","locations":[{"start":{"line":1007,"column":8},"end":{"line":1007,"column":8}},{"start":{"line":1007,"column":8},"end":{"line":1007,"column":8}}]},"91":{"line":1014,"type":"if","locations":[{"start":{"line":1014,"column":14},"end":{"line":1014,"column":28}},{"start":{"line":1015,"column":14},"end":{"line":1015,"column":20}}]},"92":{"line":1036,"type":"if","locations":[{"start":{"line":1036,"column":13},"end":{"line":1036,"column":13}},{"start":{"line":1036,"column":13},"end":{"line":1036,"column":13}}]},"93":{"line":1037,"type":"if","locations":[{"start":{"line":1037,"column":8},"end":{"line":1037,"column":8}},{"start":{"line":1037,"column":8},"end":{"line":1037,"column":8}}]},"94":{"line":1038,"type":"if","locations":[{"start":{"line":1038,"column":8},"end":{"line":1038,"column":8}},{"start":{"line":1038,"column":8},"end":{"line":1038,"column":8}}]},"95":{"line":1039,"type":"if","locations":[{"start":{"line":1039,"column":8},"end":{"line":1039,"column":8}},{"start":{"line":1039,"column":8},"end":{"line":1039,"column":8}}]},"96":{"line":1057,"type":"if","locations":[{"start":{"line":1057,"column":13},"end":{"line":1057,"column":13}},{"start":{"line":1057,"column":13},"end":{"line":1057,"column":13}}]},"97":{"line":1058,"type":"if","locations":[{"start":{"line":1058,"column":8},"end":{"line":1058,"column":8}},{"start":{"line":1058,"column":8},"end":{"line":1058,"column":8}}]},"98":{"line":1062,"type":"if","locations":[{"start":{"line":1062,"column":8},"end":{"line":1062,"column":8}},{"start":{"line":1062,"column":8},"end":{"line":1062,"column":8}}]},"99":{"line":1063,"type":"if","locations":[{"start":{"line":1063,"column":8},"end":{"line":1063,"column":8}},{"start":{"line":1063,"column":8},"end":{"line":1063,"column":8}}]},"100":{"line":1075,"type":"if","locations":[{"start":{"line":1075,"column":8},"end":{"line":1075,"column":8}},{"start":{"line":1075,"column":8},"end":{"line":1075,"column":8}}]},"101":{"line":1093,"type":"if","locations":[{"start":{"line":1093,"column":8},"end":{"line":1093,"column":8}},{"start":{"line":1093,"column":8},"end":{"line":1093,"column":8}}]},"102":{"line":1131,"type":"if","locations":[{"start":{"line":1131,"column":12},"end":{"line":1131,"column":12}},{"start":{"line":1131,"column":12},"end":{"line":1131,"column":12}}]},"103":{"line":1185,"type":"if","locations":[{"start":{"line":1185,"column":14},"end":{"line":1185,"column":47}},{"start":{"line":1186,"column":14},"end":{"line":1186,"column":14}}]},"104":{"line":1188,"type":"if","locations":[{"start":{"line":1188,"column":8},"end":{"line":1188,"column":8}},{"start":{"line":1188,"column":8},"end":{"line":1188,"column":8}}]},"105":{"line":1218,"type":"if","locations":[{"start":{"line":1218,"column":8},"end":{"line":1218,"column":8}},{"start":{"line":1218,"column":8},"end":{"line":1218,"column":8}}]},"106":{"line":1309,"type":"if","locations":[{"start":{"line":1309,"column":15},"end":{"line":1309,"column":15}},{"start":{"line":1309,"column":15},"end":{"line":1309,"column":15}}]},"107":{"line":1309,"type":"if","locations":[{"start":{"line":1309,"column":29},"end":{"line":1309,"column":29}},{"start":{"line":1309,"column":29},"end":{"line":1309,"column":29}}]},"108":{"line":1310,"type":"if","locations":[{"start":{"line":1310,"column":8},"end":{"line":1310,"column":8}},{"start":{"line":1310,"column":8},"end":{"line":1310,"column":8}}]},"109":{"line":1322,"type":"if","locations":[{"start":{"line":1322,"column":8},"end":{"line":1322,"column":8}},{"start":{"line":1322,"column":8},"end":{"line":1322,"column":8}}]},"110":{"line":1323,"type":"if","locations":[{"start":{"line":1323,"column":8},"end":{"line":1323,"column":8}},{"start":{"line":1323,"column":8},"end":{"line":1323,"column":8}}]},"111":{"line":1341,"type":"if","locations":[{"start":{"line":1341,"column":8},"end":{"line":1341,"column":8}},{"start":{"line":1341,"column":8},"end":{"line":1341,"column":8}}]},"112":{"line":1342,"type":"if","locations":[{"start":{"line":1342,"column":8},"end":{"line":1342,"column":8}},{"start":{"line":1342,"column":8},"end":{"line":1342,"column":8}}]},"113":{"line":1343,"type":"if","locations":[{"start":{"line":1343,"column":8},"end":{"line":1343,"column":8}},{"start":{"line":1343,"column":8},"end":{"line":1343,"column":8}}]},"114":{"line":1344,"type":"if","locations":[{"start":{"line":1344,"column":8},"end":{"line":1344,"column":8}},{"start":{"line":1344,"column":8},"end":{"line":1344,"column":8}}]},"115":{"line":1354,"type":"if","locations":[{"start":{"line":1354,"column":8},"end":{"line":1354,"column":8}},{"start":{"line":1354,"column":8},"end":{"line":1354,"column":8}}]},"116":{"line":1355,"type":"if","locations":[{"start":{"line":1355,"column":8},"end":{"line":1355,"column":8}},{"start":{"line":1355,"column":8},"end":{"line":1355,"column":8}}]},"117":{"line":1359,"type":"if","locations":[{"start":{"line":1359,"column":8},"end":{"line":1359,"column":8}},{"start":{"line":1359,"column":8},"end":{"line":1359,"column":8}}]},"118":{"line":1368,"type":"if","locations":[{"start":{"line":1368,"column":14},"end":{"line":1368,"column":35}},{"start":{"line":1369,"column":14},"end":{"line":1369,"column":24}}]},"119":{"line":1372,"type":"if","locations":[{"start":{"line":1372,"column":8},"end":{"line":1372,"column":8}},{"start":{"line":1372,"column":8},"end":{"line":1372,"column":8}}]},"120":{"line":1373,"type":"if","locations":[{"start":{"line":1373,"column":12},"end":{"line":1373,"column":12}},{"start":{"line":1373,"column":12},"end":{"line":1373,"column":12}}]},"121":{"line":1377,"type":"if","locations":[{"start":{"line":1377,"column":12},"end":{"line":1377,"column":12}},{"start":{"line":1377,"column":12},"end":{"line":1377,"column":12}}]},"122":{"line":1381,"type":"if","locations":[{"start":{"line":1381,"column":15},"end":{"line":1381,"column":15}},{"start":{"line":1381,"column":15},"end":{"line":1381,"column":15}}]},"123":{"line":1382,"type":"if","locations":[{"start":{"line":1382,"column":12},"end":{"line":1382,"column":12}},{"start":{"line":1382,"column":12},"end":{"line":1382,"column":12}}]},"124":{"line":1386,"type":"if","locations":[{"start":{"line":1386,"column":12},"end":{"line":1386,"column":12}},{"start":{"line":1386,"column":12},"end":{"line":1386,"column":12}}]},"125":{"line":1390,"type":"if","locations":[{"start":{"line":1390,"column":12},"end":{"line":1390,"column":12}},{"start":{"line":1390,"column":12},"end":{"line":1390,"column":12}}]},"126":{"line":1393,"type":"if","locations":[{"start":{"line":1393,"column":8},"end":{"line":1393,"column":8}},{"start":{"line":1393,"column":8},"end":{"line":1393,"column":8}}]},"127":{"line":1394,"type":"if","locations":[{"start":{"line":1394,"column":12},"end":{"line":1394,"column":12}},{"start":{"line":1394,"column":12},"end":{"line":1394,"column":12}}]},"128":{"line":1395,"type":"if","locations":[{"start":{"line":1395,"column":12},"end":{"line":1395,"column":12}},{"start":{"line":1395,"column":12},"end":{"line":1395,"column":12}}]},"129":{"line":1396,"type":"cond-expr","locations":[{"start":{"line":1396,"column":16},"end":{"line":1397,"column":49}},{"start":{"line":1398,"column":20},"end":{"line":1398,"column":34}}]},"130":{"line":1414,"type":"if","locations":[{"start":{"line":1414,"column":8},"end":{"line":1414,"column":8}},{"start":{"line":1414,"column":8},"end":{"line":1414,"column":8}}]},"131":{"line":1422,"type":"if","locations":[{"start":{"line":1422,"column":15},"end":{"line":1422,"column":15}},{"start":{"line":1422,"column":15},"end":{"line":1422,"column":15}}]},"132":{"line":1422,"type":"if","locations":[{"start":{"line":1422,"column":25},"end":{"line":1422,"column":25}},{"start":{"line":1422,"column":25},"end":{"line":1422,"column":25}}]},"133":{"line":1425,"type":"if","locations":[{"start":{"line":1425,"column":8},"end":{"line":1425,"column":8}},{"start":{"line":1425,"column":8},"end":{"line":1425,"column":8}}]},"134":{"line":1426,"type":"if","locations":[{"start":{"line":1426,"column":8},"end":{"line":1426,"column":8}},{"start":{"line":1426,"column":8},"end":{"line":1426,"column":8}}]},"135":{"line":1435,"type":"if","locations":[{"start":{"line":1435,"column":14},"end":{"line":1435,"column":46}},{"start":{"line":1436,"column":14},"end":{"line":1436,"column":14}}]},"136":{"line":1441,"type":"if","locations":[{"start":{"line":1441,"column":48},"end":{"line":1441,"column":66}},{"start":{"line":1441,"column":70},"end":{"line":1441,"column":70}}]},"137":{"line":1443,"type":"if","locations":[{"start":{"line":1443,"column":8},"end":{"line":1443,"column":8}},{"start":{"line":1443,"column":8},"end":{"line":1443,"column":8}}]},"138":{"line":1464,"type":"if","locations":[{"start":{"line":1464,"column":15},"end":{"line":1464,"column":15}},{"start":{"line":1464,"column":15},"end":{"line":1464,"column":15}}]},"139":{"line":1465,"type":"if","locations":[{"start":{"line":1465,"column":8},"end":{"line":1465,"column":8}},{"start":{"line":1465,"column":8},"end":{"line":1465,"column":8}}]},"140":{"line":1470,"type":"if","locations":[{"start":{"line":1470,"column":8},"end":{"line":1470,"column":8}},{"start":{"line":1470,"column":8},"end":{"line":1470,"column":8}}]},"141":{"line":1471,"type":"if","locations":[{"start":{"line":1471,"column":8},"end":{"line":1471,"column":8}},{"start":{"line":1471,"column":8},"end":{"line":1471,"column":8}}]},"142":{"line":1480,"type":"if","locations":[{"start":{"line":1480,"column":8},"end":{"line":1480,"column":8}},{"start":{"line":1480,"column":8},"end":{"line":1480,"column":8}}]},"143":{"line":1481,"type":"if","locations":[{"start":{"line":1481,"column":8},"end":{"line":1481,"column":8}},{"start":{"line":1481,"column":8},"end":{"line":1481,"column":8}}]},"144":{"line":1494,"type":"if","locations":[{"start":{"line":1494,"column":14},"end":{"line":1494,"column":46}},{"start":{"line":1495,"column":14},"end":{"line":1495,"column":14}}]},"145":{"line":1500,"type":"if","locations":[{"start":{"line":1500,"column":48},"end":{"line":1500,"column":66}},{"start":{"line":1500,"column":70},"end":{"line":1500,"column":70}}]},"146":{"line":1502,"type":"if","locations":[{"start":{"line":1502,"column":8},"end":{"line":1502,"column":8}},{"start":{"line":1502,"column":8},"end":{"line":1502,"column":8}}]},"147":{"line":1528,"type":"if","locations":[{"start":{"line":1528,"column":15},"end":{"line":1528,"column":15}},{"start":{"line":1528,"column":15},"end":{"line":1528,"column":15}}]},"148":{"line":1529,"type":"if","locations":[{"start":{"line":1529,"column":8},"end":{"line":1529,"column":8}},{"start":{"line":1529,"column":8},"end":{"line":1529,"column":8}}]},"149":{"line":1534,"type":"if","locations":[{"start":{"line":1534,"column":8},"end":{"line":1534,"column":8}},{"start":{"line":1534,"column":8},"end":{"line":1534,"column":8}}]},"150":{"line":1535,"type":"if","locations":[{"start":{"line":1535,"column":8},"end":{"line":1535,"column":8}},{"start":{"line":1535,"column":8},"end":{"line":1535,"column":8}}]},"151":{"line":1544,"type":"if","locations":[{"start":{"line":1544,"column":8},"end":{"line":1544,"column":8}},{"start":{"line":1544,"column":8},"end":{"line":1544,"column":8}}]},"152":{"line":1545,"type":"if","locations":[{"start":{"line":1545,"column":8},"end":{"line":1545,"column":8}},{"start":{"line":1545,"column":8},"end":{"line":1545,"column":8}}]},"153":{"line":1546,"type":"if","locations":[{"start":{"line":1546,"column":8},"end":{"line":1546,"column":8}},{"start":{"line":1546,"column":8},"end":{"line":1546,"column":8}}]},"154":{"line":1552,"type":"if","locations":[{"start":{"line":1552,"column":8},"end":{"line":1552,"column":8}},{"start":{"line":1552,"column":8},"end":{"line":1552,"column":8}}]},"155":{"line":1553,"type":"if","locations":[{"start":{"line":1553,"column":8},"end":{"line":1553,"column":8}},{"start":{"line":1553,"column":8},"end":{"line":1553,"column":8}}]},"156":{"line":1555,"type":"if","locations":[{"start":{"line":1555,"column":8},"end":{"line":1555,"column":8}},{"start":{"line":1555,"column":8},"end":{"line":1555,"column":8}}]},"157":{"line":1556,"type":"if","locations":[{"start":{"line":1556,"column":12},"end":{"line":1556,"column":12}},{"start":{"line":1556,"column":12},"end":{"line":1556,"column":12}}]},"158":{"line":1559,"type":"if","locations":[{"start":{"line":1559,"column":16},"end":{"line":1559,"column":16}},{"start":{"line":1559,"column":16},"end":{"line":1559,"column":16}}]},"159":{"line":1560,"type":"if","locations":[{"start":{"line":1560,"column":16},"end":{"line":1560,"column":16}},{"start":{"line":1560,"column":16},"end":{"line":1560,"column":16}}]},"160":{"line":1584,"type":"if","locations":[{"start":{"line":1584,"column":15},"end":{"line":1584,"column":15}},{"start":{"line":1584,"column":15},"end":{"line":1584,"column":15}}]},"161":{"line":1585,"type":"if","locations":[{"start":{"line":1585,"column":8},"end":{"line":1585,"column":8}},{"start":{"line":1585,"column":8},"end":{"line":1585,"column":8}}]},"162":{"line":1589,"type":"if","locations":[{"start":{"line":1589,"column":8},"end":{"line":1589,"column":8}},{"start":{"line":1589,"column":8},"end":{"line":1589,"column":8}}]},"163":{"line":1603,"type":"if","locations":[{"start":{"line":1603,"column":8},"end":{"line":1603,"column":8}},{"start":{"line":1603,"column":8},"end":{"line":1603,"column":8}}]},"164":{"line":1604,"type":"if","locations":[{"start":{"line":1604,"column":8},"end":{"line":1604,"column":8}},{"start":{"line":1604,"column":8},"end":{"line":1604,"column":8}}]},"165":{"line":1617,"type":"if","locations":[{"start":{"line":1617,"column":12},"end":{"line":1617,"column":12}},{"start":{"line":1617,"column":12},"end":{"line":1617,"column":12}}]},"166":{"line":1626,"type":"if","locations":[{"start":{"line":1626,"column":12},"end":{"line":1626,"column":12}},{"start":{"line":1626,"column":12},"end":{"line":1626,"column":12}}]},"167":{"line":1627,"type":"if","locations":[{"start":{"line":1627,"column":12},"end":{"line":1627,"column":12}},{"start":{"line":1627,"column":12},"end":{"line":1627,"column":12}}]},"168":{"line":1634,"type":"if","locations":[{"start":{"line":1634,"column":12},"end":{"line":1634,"column":12}},{"start":{"line":1634,"column":12},"end":{"line":1634,"column":12}}]},"169":{"line":1646,"type":"if","locations":[{"start":{"line":1646,"column":8},"end":{"line":1646,"column":8}},{"start":{"line":1646,"column":8},"end":{"line":1646,"column":8}}]},"170":{"line":1647,"type":"if","locations":[{"start":{"line":1647,"column":8},"end":{"line":1647,"column":8}},{"start":{"line":1647,"column":8},"end":{"line":1647,"column":8}}]},"171":{"line":1670,"type":"if","locations":[{"start":{"line":1670,"column":14},"end":{"line":1670,"column":35}},{"start":{"line":1671,"column":14},"end":{"line":1671,"column":24}}]}}}}