TN:
SF:/Volumes/Data/DPMC/dpmc-github-repo_jan06/dpmc-smart-contracts/contracts/dp-token-smart-contract.sol
FN:121,_msgSender
FN:125,_msgData
FN:129,_contextSuffixLength
FN:322,constructor
FN:330,name
FN:338,symbol
FN:355,decimals
FN:362,totalSupply
FN:369,balanceOf
FN:381,transfer
FN:390,allowance
FN:407,approve
FN:432,transferFrom
FN:453,_transfer
FN:470,_update
FN:508,_mint
FN:523,_burn
FN:545,_approve
FN:566,_approve
FN:592,_spendAllowance
FN:614,sub
FN:620,add
FN:626,mul
FN:630,div
FN:636,safeTransfer
FN:649,constructor
FN:653,onlyOwner
FN:658,owner
FN:662,_checkOwner
FN:666,renounceOwnership
FN:670,transferOwnership
FN:678,_transferOwnership
FN:694,paused
FN:701,whenNotPaused
FN:709,whenPaused
FN:717,constructor
FN:724,pause
FN:732,unpause
FN:744,constructor
FN:748,nonReentrant
FN:754,_nonReentrantBefore
FN:760,_nonReentrantAfter
FN:764,_reentrancyGuardEntered
FN:805,onlyStakingContract
FN:810,constructor
FN:825,decimals
FN:829,increaseAllowance
FN:841,decreaseAllowance
FN:858,updateLockedAmount
FN:879,setStakingContract
FN:888,updateBuyTaxPercentage
FN:898,updateTaxAddress
FN:907,updateV4PoolManager
FN:916,updateV4Router
FN:922,updatePermit2
FN:930,addBlacklist
FN:938,removeFromBlacklist
FN:945,addWhitelist
FN:953,removeFromWhitelist
FN:960,setDebug
FN:965,isWhitelisted
FN:969,isBlacklisted
FN:973,isContract
FN:985,isWhitelistedOrUniswapAdress
FN:997,isUniswapRouter
FN:1002,isUniswapV4Manager
FN:1006,isUniswapV4Router
FN:1010,isUniswapV4
FN:1020,calculateFee
FN:1029,transfer
FN:1083,transferFrom
FN:1143,_tokenTransfer
FNF:72
FNH:47
FNDA:212,_msgSender
FNDA:0,_msgData
FNDA:0,_contextSuffixLength
FNDA:12,constructor
FNDA:0,name
FNDA:0,symbol
FNDA:0,decimals
FNDA:14,totalSupply
FNDA:818,balanceOf
FNDA:0,transfer
FNDA:265,allowance
FNDA:0,approve
FNDA:0,transferFrom
FNDA:228,_transfer
FNDA:240,_update
FNDA:12,_mint
FNDA:0,_burn
FNDA:259,_approve
FNDA:259,_approve
FNDA:0,_spendAllowance
FNDA:0,sub
FNDA:0,add
FNDA:0,mul
FNDA:0,div
FNDA:0,safeTransfer
FNDA:12,constructor
FNDA:48,onlyOwner
FNDA:48,owner
FNDA:48,_checkOwner
FNDA:0,renounceOwnership
FNDA:0,transferOwnership
FNDA:12,_transferOwnership
FNDA:413,paused
FNDA:7,whenNotPaused
FNDA:7,whenPaused
FNDA:12,constructor
FNDA:7,pause
FNDA:7,unpause
FNDA:12,constructor
FNDA:0,nonReentrant
FNDA:0,_nonReentrantBefore
FNDA:0,_nonReentrantAfter
FNDA:0,_reentrancyGuardEntered
FNDA:111,onlyStakingContract
FNDA:12,constructor
FNDA:13,decimals
FNDA:69,increaseAllowance
FNDA:0,decreaseAllowance
FNDA:109,updateLockedAmount
FNDA:10,setStakingContract
FNDA:4,updateBuyTaxPercentage
FNDA:3,updateTaxAddress
FNDA:2,updateV4PoolManager
FNDA:1,updateV4Router
FNDA:1,updatePermit2
FNDA:2,addBlacklist
FNDA:2,removeFromBlacklist
FNDA:2,addWhitelist
FNDA:2,removeFromWhitelist
FNDA:1,setDebug
FNDA:465,isWhitelisted
FNDA:469,isBlacklisted
FNDA:466,isContract
FNDA:465,isWhitelistedOrUniswapAdress
FNDA:0,isUniswapRouter
FNDA:227,isUniswapV4Manager
FNDA:0,isUniswapV4Router
FNDA:0,isUniswapV4
FNDA:227,calculateFee
FNDA:42,transfer
FNDA:193,transferFrom
FNDA:228,_tokenTransfer
DA:122,212
DA:126,0
DA:130,0
DA:323,12
DA:324,12
DA:331,0
DA:339,0
DA:356,0
DA:363,14
DA:370,818
DA:382,0
DA:383,0
DA:384,0
DA:394,265
DA:411,0
DA:412,0
DA:413,0
DA:437,0
DA:438,0
DA:439,0
DA:440,0
DA:454,228
DA:455,0
DA:457,228
DA:458,0
DA:460,228
DA:471,240
DA:473,12
DA:475,228
DA:476,228
DA:477,0
DA:479,228
DA:481,228
DA:485,240
DA:486,0
DA:488,0
DA:491,240
DA:493,240
DA:497,240
DA:509,12
DA:510,0
DA:512,12
DA:524,0
DA:525,0
DA:527,0
DA:546,259
DA:572,259
DA:573,0
DA:575,259
DA:576,0
DA:578,259
DA:579,259
DA:580,259
DA:597,0
DA:598,0
DA:599,0
DA:600,0
DA:606,0
DA:607,0
DA:615,0
DA:616,0
DA:617,0
DA:621,0
DA:622,0
DA:623,0
DA:627,0
DA:631,0
DA:637,0
DA:650,12
DA:654,48
DA:655,44
DA:659,48
DA:663,48
DA:667,0
DA:671,0
DA:675,0
DA:679,12
DA:680,12
DA:681,12
DA:695,413
DA:702,7
DA:703,7
DA:710,7
DA:711,7
DA:718,12
DA:725,7
DA:726,7
DA:733,7
DA:734,7
DA:745,12
DA:749,0
DA:750,0
DA:751,0
DA:755,0
DA:757,0
DA:761,0
DA:765,0
DA:806,111
DA:807,109
DA:811,12
DA:812,12
DA:813,12
DA:814,12
DA:815,12
DA:816,12
DA:817,12
DA:818,12
DA:819,12
DA:820,12
DA:821,12
DA:822,12
DA:826,13
DA:833,69
DA:838,69
DA:845,0
DA:846,0
DA:850,0
DA:851,0
DA:859,109
DA:861,109
DA:863,107
DA:866,2
DA:870,2
DA:873,109
DA:880,10
DA:881,10
DA:882,10
DA:889,4
DA:893,2
DA:894,2
DA:899,3
DA:900,2
DA:901,2
DA:908,2
DA:912,2
DA:913,2
DA:917,1
DA:918,1
DA:919,1
DA:923,1
DA:924,1
DA:925,1
DA:931,2
DA:932,2
DA:933,2
DA:934,2
DA:935,2
DA:939,2
DA:940,2
DA:941,2
DA:942,2
DA:946,2
DA:947,2
DA:948,2
DA:949,2
DA:950,2
DA:954,2
DA:955,2
DA:956,2
DA:957,2
DA:961,1
DA:962,1
DA:966,465
DA:970,469
DA:978,466
DA:979,466
DA:982,466
DA:988,465
DA:989,0
DA:993,465
DA:998,0
DA:1003,227
DA:1007,0
DA:1011,0
DA:1024,227
DA:1025,227
DA:1026,227
DA:1034,42
DA:1038,41
DA:1044,41
DA:1045,2
DA:1052,40
DA:1053,39
DA:1060,38
DA:1063,38
DA:1066,38
DA:1067,38
DA:1070,38
DA:1071,1
DA:1075,38
DA:1076,2
DA:1080,38
DA:1089,193
DA:1093,193
DA:1098,193
DA:1099,185
DA:1104,191
DA:1105,187
DA:1111,190
DA:1112,190
DA:1117,190
DA:1120,190
DA:1126,189
DA:1127,0
DA:1131,189
DA:1132,189
DA:1133,189
DA:1134,189
DA:1136,189
DA:1137,0
DA:1140,189
DA:1148,228
DA:1152,228
DA:1156,228
DA:1158,228
LF:215
LH:154
BRDA:454,1,0,0
BRDA:454,1,1,228
BRDA:457,2,0,0
BRDA:457,2,1,228
BRDA:471,3,0,12
BRDA:471,3,1,228
BRDA:476,4,0,0
BRDA:476,4,1,228
BRDA:485,5,0,0
BRDA:485,5,1,240
BRDA:509,6,0,0
BRDA:509,6,1,12
BRDA:524,7,0,0
BRDA:524,7,1,0
BRDA:572,8,0,0
BRDA:572,8,1,259
BRDA:575,9,0,0
BRDA:575,9,1,259
BRDA:579,10,0,259
BRDA:579,10,1,0
BRDA:598,11,0,0
BRDA:598,11,1,0
BRDA:599,12,0,0
BRDA:599,12,1,0
BRDA:637,13,0,0
BRDA:637,13,1,0
BRDA:663,14,0,44
BRDA:663,14,1,4
BRDA:666,15,0,0
BRDA:666,15,1,0
BRDA:670,16,0,0
BRDA:670,16,1,0
BRDA:671,17,0,0
BRDA:671,17,1,0
BRDA:702,18,0,7
BRDA:702,18,1,0
BRDA:710,19,0,7
BRDA:710,19,1,0
BRDA:724,20,0,7
BRDA:724,20,1,1
BRDA:724,21,0,7
BRDA:724,21,1,0
BRDA:732,22,0,7
BRDA:732,22,1,0
BRDA:732,23,0,7
BRDA:732,23,1,0
BRDA:755,24,0,0
BRDA:755,24,1,0
BRDA:806,25,0,109
BRDA:806,25,1,2
BRDA:811,26,0,12
BRDA:811,26,1,0
BRDA:812,27,0,12
BRDA:812,27,1,0
BRDA:813,28,0,12
BRDA:813,28,1,0
BRDA:846,29,0,0
BRDA:846,29,1,0
BRDA:858,30,0,109
BRDA:858,30,1,2
BRDA:859,31,0,109
BRDA:859,31,1,0
BRDA:861,32,0,107
BRDA:861,32,1,2
BRDA:866,33,0,2
BRDA:866,33,1,0
BRDA:879,34,0,10
BRDA:879,34,1,2
BRDA:880,35,0,10
BRDA:880,35,1,0
BRDA:888,36,0,4
BRDA:888,36,1,0
BRDA:889,37,0,2
BRDA:889,37,1,2
BRDA:898,38,0,3
BRDA:898,38,1,1
BRDA:899,39,0,2
BRDA:899,39,1,1
BRDA:907,40,0,2
BRDA:907,40,1,0
BRDA:908,41,0,2
BRDA:908,41,1,0
BRDA:916,42,0,1
BRDA:916,42,1,0
BRDA:917,43,0,1
BRDA:917,43,1,0
BRDA:922,44,0,1
BRDA:922,44,1,0
BRDA:923,45,0,1
BRDA:923,45,1,0
BRDA:930,46,0,2
BRDA:930,46,1,0
BRDA:931,47,0,2
BRDA:931,47,1,0
BRDA:932,48,0,2
BRDA:932,48,1,0
BRDA:933,49,0,2
BRDA:933,49,1,0
BRDA:938,50,0,2
BRDA:938,50,1,0
BRDA:939,51,0,2
BRDA:939,51,1,0
BRDA:940,52,0,2
BRDA:940,52,1,0
BRDA:945,53,0,2
BRDA:945,53,1,0
BRDA:946,54,0,2
BRDA:946,54,1,0
BRDA:947,55,0,2
BRDA:947,55,1,0
BRDA:948,56,0,2
BRDA:948,56,1,0
BRDA:953,57,0,2
BRDA:953,57,1,0
BRDA:954,58,0,2
BRDA:954,58,1,0
BRDA:955,59,0,2
BRDA:955,59,1,0
BRDA:960,60,0,1
BRDA:960,60,1,0
BRDA:988,61,0,0
BRDA:988,61,1,465
BRDA:989,62,0,0
BRDA:989,62,1,0
BRDA:989,63,0,0
BRDA:989,63,1,0
BRDA:1012,64,0,0
BRDA:1012,64,1,0
BRDA:1012,65,0,0
BRDA:1012,65,1,0
BRDA:1025,66,0,227
BRDA:1025,66,1,0
BRDA:1034,67,0,41
BRDA:1034,67,1,1
BRDA:1038,68,0,41
BRDA:1038,68,1,0
BRDA:1044,69,0,2
BRDA:1044,69,1,39
BRDA:1045,70,0,1
BRDA:1045,70,1,1
BRDA:1052,71,0,39
BRDA:1052,71,1,1
BRDA:1053,72,0,37
BRDA:1053,72,1,2
BRDA:1063,73,0,1
BRDA:1063,73,1,37
BRDA:1070,74,0,1
BRDA:1070,74,1,37
BRDA:1075,75,0,2
BRDA:1075,75,1,36
BRDA:1089,76,0,193
BRDA:1089,76,1,0
BRDA:1093,77,0,193
BRDA:1093,77,1,0
BRDA:1098,78,0,185
BRDA:1098,78,1,8
BRDA:1099,79,0,183
BRDA:1099,79,1,2
BRDA:1104,80,0,187
BRDA:1104,80,1,4
BRDA:1105,81,0,186
BRDA:1105,81,1,1
BRDA:1112,82,0,190
BRDA:1112,82,1,0
BRDA:1120,83,0,189
BRDA:1120,83,1,1
BRDA:1126,84,0,0
BRDA:1126,84,1,189
BRDA:1132,85,0,0
BRDA:1132,85,1,189
BRDA:1136,86,0,0
BRDA:1136,86,1,189
BRDA:1148,87,0,228
BRDA:1148,87,1,0
BRDA:1152,88,0,228
BRDA:1152,88,1,0
BRF:176
BRH:98
end_of_record
TN:
SF:/Volumes/Data/DPMC/dpmc-github-repo_jan06/dpmc-smart-contracts/contracts/governance-dao-smart-contract.sol
FN:200,onlyAdmin
FN:208,whenNotPaused
FN:216,addOrRemoveAdmin
FN:221,createSession
FN:242,updateNoRulesVoteTier
FN:251,updateNoRulesProposalTier
FN:259,updateRulesVoteConfig
FN:268,updateRulesProposalConfig
FN:278,withRulesVote
FN:293,withRulesProposal
FN:307,noRulesPermission
FN:326,checkEligibility
FN:348,updateTokenLock
FN:356,updateUsdtStake
FN:364,updateUsdcStake
FN:376,updateTierThresholds
FN:411,getTier
FN:429,setMaxPercentage
FN:440,updateMaxProposalsPerSession
FN:449,getTotalSupply
FN:453,calculateVotePercentage
FN:463,cappedPercentage
FN:471,getStatusString
FN:489,submitProposal
FN:586,selectProposal
FN:664,getTierWeight
FN:681,vote
FN:751,cancelProposal
FN:782,updateProposalStatus
FN:799,updateVotingDuration
FN:804,setVoteMethod
FN:812,pauseDAO
FN:817,getProposalVote
FN:824,getFinalizedVotes
FN:837,getWinningChoice
FN:861,getActiveProposal
FNF:36
FNH:31
FNDA:65,onlyAdmin
FNDA:21,whenNotPaused
FNDA:12,addOrRemoveAdmin
FNDA:2,createSession
FNDA:3,updateNoRulesVoteTier
FNDA:11,updateNoRulesProposalTier
FNDA:3,updateRulesVoteConfig
FNDA:3,updateRulesProposalConfig
FNDA:1,withRulesVote
FNDA:1,withRulesProposal
FNDA:16,noRulesPermission
FNDA:2,checkEligibility
FNDA:6,updateTokenLock
FNDA:3,updateUsdtStake
FNDA:3,updateUsdcStake
FNDA:0,updateTierThresholds
FNDA:24,getTier
FNDA:2,setMaxPercentage
FNDA:0,updateMaxProposalsPerSession
FNDA:12,getTotalSupply
FNDA:6,calculateVotePercentage
FNDA:3,cappedPercentage
FNDA:29,getStatusString
FNDA:11,submitProposal
FNDA:9,selectProposal
FNDA:3,getTierWeight
FNDA:5,vote
FNDA:6,cancelProposal
FNDA:0,updateProposalStatus
FNDA:0,updateVotingDuration
FNDA:5,setVoteMethod
FNDA:8,pauseDAO
FNDA:0,getProposalVote
FNDA:4,getFinalizedVotes
FNDA:1,getWinningChoice
FNDA:2,getActiveProposal
DA:201,65
DA:205,64
DA:209,21
DA:210,16
DA:217,12
DA:218,12
DA:223,2
DA:224,2
DA:229,1
DA:230,1
DA:231,1
DA:232,1
DA:237,1
DA:238,1
DA:244,3
DA:247,3
DA:253,11
DA:256,11
DA:260,3
DA:264,2
DA:265,2
DA:269,3
DA:273,2
DA:274,2
DA:280,1
DA:281,1
DA:284,1
DA:287,1
DA:295,1
DA:296,1
DA:299,1
DA:302,1
DA:311,16
DA:313,16
DA:314,16
DA:317,0
DA:330,2
DA:332,1
DA:333,1
DA:335,0
DA:339,1
DA:340,1
DA:342,0
DA:349,6
DA:350,6
DA:351,6
DA:352,6
DA:357,3
DA:358,3
DA:359,3
DA:360,3
DA:365,3
DA:366,3
DA:367,3
DA:368,3
DA:378,0
DA:379,0
DA:380,0
DA:381,0
DA:384,0
DA:385,0
DA:386,0
DA:390,0
DA:393,0
DA:394,0
DA:395,0
DA:396,0
DA:399,0
DA:412,24
DA:413,24
DA:414,24
DA:416,24
DA:417,15
DA:419,2
DA:421,0
DA:423,6
DA:425,1
DA:430,2
DA:431,2
DA:433,2
DA:435,2
DA:441,0
DA:442,0
DA:446,0
DA:450,12
DA:456,6
DA:457,6
DA:458,6
DA:459,6
DA:460,6
DA:464,3
DA:465,3
DA:474,29
DA:475,18
DA:476,18
DA:477,18
DA:478,18
DA:479,18
DA:480,9
DA:481,9
DA:482,0
DA:491,11
DA:492,0
DA:497,11
DA:503,11
DA:508,11
DA:511,11
DA:516,1
DA:517,1
DA:519,1
DA:522,1
DA:523,1
DA:527,11
DA:532,11
DA:538,11
DA:543,11
DA:545,11
DA:559,11
DA:560,11
DA:563,11
DA:565,11
DA:568,11
DA:570,11
DA:587,9
DA:588,9
DA:589,8
DA:593,8
DA:597,8
DA:598,8
DA:601,9
DA:606,9
DA:607,9
DA:608,9
DA:609,9
DA:611,9
DA:612,10
DA:615,10
DA:619,2
DA:623,9
DA:624,9
DA:625,9
DA:626,9
DA:627,9
DA:628,9
DA:629,9
DA:630,9
DA:631,9
DA:632,9
DA:634,9
DA:637,9
DA:643,9
DA:650,9
DA:665,3
DA:666,3
DA:667,1
DA:669,1
DA:671,0
DA:673,1
DA:675,0
DA:682,5
DA:683,0
DA:685,5
DA:691,5
DA:693,5
DA:697,5
DA:698,5
DA:699,5
DA:700,5
DA:703,5
DA:708,5
DA:710,5
DA:712,3
DA:713,3
DA:716,1
DA:719,1
DA:722,1
DA:723,1
DA:727,1
DA:731,5
DA:734,5
DA:742,5
DA:752,6
DA:753,6
DA:755,6
DA:756,6
DA:759,6
DA:762,6
DA:763,6
DA:766,6
DA:767,6
DA:769,6
DA:770,6
DA:771,6
DA:774,6
DA:775,6
DA:776,6
DA:783,0
DA:784,0
DA:790,0
DA:792,0
DA:793,0
DA:796,0
DA:800,0
DA:801,0
DA:805,5
DA:809,4
DA:813,8
DA:814,8
DA:821,0
DA:827,4
DA:828,4
DA:830,4
DA:831,4
DA:834,4
DA:844,1
DA:845,1
DA:847,1
DA:848,1
DA:850,1
DA:851,2
DA:852,2
DA:853,1
DA:854,1
DA:858,1
DA:862,2
DA:863,2
DA:867,0
DA:869,2
LF:228
LH:193
BRDA:201,1,0,64
BRDA:201,1,1,1
BRDA:202,2,0,64
BRDA:202,2,1,0
BRDA:209,3,0,16
BRDA:209,3,1,5
BRDA:216,4,0,12
BRDA:216,4,1,1
BRDA:221,5,0,2
BRDA:221,5,1,0
BRDA:223,6,0,2
BRDA:223,6,1,0
BRDA:224,7,0,1
BRDA:224,7,1,1
BRDA:242,8,0,3
BRDA:242,8,1,0
BRDA:251,9,0,11
BRDA:251,9,1,1
BRDA:259,10,0,3
BRDA:259,10,1,0
BRDA:260,11,0,2
BRDA:260,11,1,1
BRDA:268,12,0,3
BRDA:268,12,1,0
BRDA:269,13,0,2
BRDA:269,13,1,1
BRDA:288,14,0,0
BRDA:288,14,1,0
BRDA:303,15,0,0
BRDA:303,15,1,0
BRDA:313,16,0,16
BRDA:313,16,1,0
BRDA:330,17,0,1
BRDA:330,17,1,1
BRDA:332,18,0,1
BRDA:332,18,1,0
BRDA:339,19,0,1
BRDA:339,19,1,0
BRDA:348,20,0,6
BRDA:348,20,1,0
BRDA:349,21,0,6
BRDA:349,21,1,0
BRDA:356,22,0,3
BRDA:356,22,1,0
BRDA:357,23,0,3
BRDA:357,23,1,0
BRDA:364,24,0,3
BRDA:364,24,1,0
BRDA:365,25,0,3
BRDA:365,25,1,0
BRDA:376,26,0,0
BRDA:376,26,1,0
BRDA:384,27,0,0
BRDA:384,27,1,0
BRDA:385,28,0,0
BRDA:385,28,1,0
BRDA:386,29,0,0
BRDA:386,29,1,0
BRDA:390,30,0,0
BRDA:390,30,1,0
BRDA:416,31,0,15
BRDA:416,31,1,9
BRDA:418,32,0,2
BRDA:418,32,1,7
BRDA:420,33,0,0
BRDA:420,33,1,7
BRDA:422,34,0,6
BRDA:422,34,1,1
BRDA:424,35,0,1
BRDA:424,35,1,0
BRDA:429,36,0,2
BRDA:429,36,1,0
BRDA:431,37,0,2
BRDA:431,37,1,0
BRDA:440,38,0,0
BRDA:440,38,1,0
BRDA:441,39,0,0
BRDA:441,39,1,0
BRDA:459,40,0,0
BRDA:459,40,1,6
BRDA:467,41,0,1
BRDA:467,41,1,2
BRDA:474,42,0,11
BRDA:474,42,1,18
BRDA:475,43,0,0
BRDA:475,43,1,18
BRDA:476,44,0,0
BRDA:476,44,1,18
BRDA:477,45,0,0
BRDA:477,45,1,18
BRDA:478,46,0,0
BRDA:478,46,1,18
BRDA:479,47,0,9
BRDA:479,47,1,9
BRDA:480,48,0,0
BRDA:480,48,1,9
BRDA:481,49,0,9
BRDA:481,49,1,0
BRDA:489,50,0,11
BRDA:489,50,1,3
BRDA:491,51,0,0
BRDA:491,51,1,11
BRDA:492,52,0,0
BRDA:492,52,1,0
BRDA:497,53,0,11
BRDA:497,53,1,0
BRDA:503,54,0,11
BRDA:503,54,1,0
BRDA:511,55,0,1
BRDA:511,55,1,10
BRDA:527,56,0,11
BRDA:527,56,1,0
BRDA:532,57,0,11
BRDA:532,57,1,0
BRDA:538,58,0,11
BRDA:538,58,1,0
BRDA:586,59,0,9
BRDA:586,59,1,0
BRDA:588,60,0,8
BRDA:588,60,1,1
BRDA:589,61,0,8
BRDA:589,61,1,0
BRDA:593,62,0,8
BRDA:593,62,1,0
BRDA:601,63,0,9
BRDA:601,63,1,0
BRDA:615,64,0,2
BRDA:615,64,1,8
BRDA:666,65,0,1
BRDA:666,65,1,2
BRDA:668,66,0,1
BRDA:668,66,1,1
BRDA:670,67,0,0
BRDA:670,67,1,1
BRDA:672,68,0,1
BRDA:672,68,1,0
BRDA:681,69,0,5
BRDA:681,69,1,2
BRDA:681,70,0,5
BRDA:681,70,1,0
BRDA:682,71,0,0
BRDA:682,71,1,5
BRDA:683,72,0,0
BRDA:683,72,1,0
BRDA:685,73,0,5
BRDA:685,73,1,0
BRDA:693,74,0,5
BRDA:693,74,1,0
BRDA:698,75,0,5
BRDA:698,75,1,0
BRDA:699,76,0,5
BRDA:699,76,1,0
BRDA:700,77,0,5
BRDA:700,77,1,0
BRDA:703,78,0,5
BRDA:703,78,1,0
BRDA:710,79,0,3
BRDA:710,79,1,2
BRDA:714,80,0,1
BRDA:714,80,1,1
BRDA:720,81,0,1
BRDA:720,81,1,0
BRDA:725,82,0,0
BRDA:725,82,1,1
BRDA:751,83,0,6
BRDA:751,83,1,0
BRDA:753,84,0,6
BRDA:753,84,1,0
BRDA:755,85,0,6
BRDA:755,85,1,0
BRDA:762,86,0,6
BRDA:762,86,1,0
BRDA:782,87,0,0
BRDA:782,87,1,0
BRDA:784,88,0,0
BRDA:784,88,1,0
BRDA:785,89,0,0
BRDA:785,89,1,0
BRDA:785,90,0,0
BRDA:785,90,1,0
BRDA:792,91,0,0
BRDA:792,91,1,0
BRDA:799,92,0,0
BRDA:799,92,1,0
BRDA:800,93,0,0
BRDA:800,93,1,0
BRDA:804,94,0,5
BRDA:804,94,1,0
BRDA:805,95,0,4
BRDA:805,95,1,1
BRDA:812,96,0,8
BRDA:812,96,1,0
BRDA:852,97,0,1
BRDA:852,97,1,1
BRDA:863,98,0,0
BRDA:863,98,1,2
BRF:196
BRH:105
end_of_record
TN:
SF:/Volumes/Data/DPMC/dpmc-github-repo_jan06/dpmc-smart-contracts/contracts/mocks/MockLockToken.sol
FN:14,constructor
FN:18,tokenLocked
FN:22,updateLockedAmount
FNF:3
FNH:3
FNDA:16,constructor
FNDA:201,tokenLocked
FNDA:82,updateLockedAmount
DA:15,16
DA:19,201
DA:23,82
DA:24,81
DA:26,1
DA:27,1
LF:6
LH:6
BRDA:23,1,0,81
BRDA:23,1,1,1
BRDA:26,2,0,1
BRDA:26,2,1,0
BRF:4
BRH:3
end_of_record
TN:
SF:/Volumes/Data/DPMC/dpmc-github-repo_jan06/dpmc-smart-contracts/contracts/mocks/MockNFE721.sol
FN:13,constructor
FN:15,mint
FN:19,setTokenValue
FN:23,tokenValue
FNF:4
FNH:4
FNDA:5,constructor
FNDA:13,mint
FNDA:13,setTokenValue
FNDA:28,tokenValue
DA:16,13
DA:20,13
DA:24,28
LF:3
LH:3
BRDA:15,1,0,13
BRDA:15,1,1,0
BRDA:19,2,0,13
BRDA:19,2,1,0
BRF:4
BRH:2
end_of_record
TN:
SF:/Volumes/Data/DPMC/dpmc-github-repo_jan06/dpmc-smart-contracts/contracts/mocks/ReentrancyAttacker.sol
FN:33,setup
FN:38,approveForStake
FN:42,stakeOnce
FN:52,setReenterParams
FN:64,triggerUnstake
FN:73,onERC721Received
FNF:6
FNH:5
FNDA:1,setup
FNDA:1,approveForStake
FNDA:1,stakeOnce
FNDA:1,setReenterParams
FNDA:0,triggerUnstake
FNDA:2,onERC721Received
DA:34,1
DA:35,1
DA:39,1
DA:49,1
DA:58,1
DA:59,1
DA:60,1
DA:61,1
DA:70,0
DA:79,2
DA:80,1
DA:82,1
LF:12
LH:11
BRDA:79,1,0,1
BRDA:79,1,1,1
BRF:2
BRH:2
end_of_record
TN:
SF:/Volumes/Data/DPMC/dpmc-github-repo_jan06/dpmc-smart-contracts/contracts/nft-minting-smart-contract.sol
FN:37,_daysFromDate
FN:77,_daysToDate
FN:98,getYear
FN:102,getMonth
FN:106,getDay
FN:110,getHour
FN:115,getMinute
FN:120,getSecond
FN:128,utfStringLength
FN:147,substring
FN:160,weiToString
FN:187,numToFixedLengthStr
FN:281,whenNotRestricted
FN:295,whenNotRestrictedExecutedFrom
FN:308,whenNotPaused
FN:313,whenPaused
FN:318,constructor
FN:328,onlyAdmin
FN:333,splitSignature
FN:352,recoverSigner
FN:363,addOrRemoveAdmin
FN:368,updateMaxOwnership
FN:374,pause
FN:380,unpause
FN:386,updatePaymentToken
FN:391,updatePaymentPool
FN:396,updateRedeem
FN:401,updateStaking
FN:406,updateMinMintAmount
FN:416,updateMaxMintAmount
FN:426,setAllowedAddress
FN:434,updateAllowedAddress
FN:442,removeAllowedAddress
FN:451,updateTransferRestriction
FN:461,mint
FN:503,transfer
FN:516,transferFrom
FN:524,tokenURI
FN:532,partOne
FN:548,partTwo
FN:568,partThree
FN:590,partFour
FN:610,generateImage
FN:624,generateDateTime
FN:721,generateAttributes
FN:736,getSvg
FNF:46
FNH:15
FNDA:0,_daysFromDate
FNDA:0,_daysToDate
FNDA:0,getYear
FNDA:0,getMonth
FNDA:0,getDay
FNDA:0,getHour
FNDA:0,getMinute
FNDA:0,getSecond
FNDA:0,utfStringLength
FNDA:0,substring
FNDA:0,weiToString
FNDA:0,numToFixedLengthStr
FNDA:0,whenNotRestricted
FNDA:0,whenNotRestrictedExecutedFrom
FNDA:1,whenNotPaused
FNDA:0,whenPaused
FNDA:3,constructor
FNDA:16,onlyAdmin
FNDA:1,splitSignature
FNDA:1,recoverSigner
FNDA:3,addOrRemoveAdmin
FNDA:0,updateMaxOwnership
FNDA:0,pause
FNDA:0,unpause
FNDA:3,updatePaymentToken
FNDA:3,updatePaymentPool
FNDA:2,updateRedeem
FNDA:2,updateStaking
FNDA:0,updateMinMintAmount
FNDA:0,updateMaxMintAmount
FNDA:1,setAllowedAddress
FNDA:0,updateAllowedAddress
FNDA:1,removeAllowedAddress
FNDA:3,updateTransferRestriction
FNDA:1,mint
FNDA:0,transfer
FNDA:0,transferFrom
FNDA:1,tokenURI
FNDA:0,partOne
FNDA:0,partTwo
FNDA:0,partThree
FNDA:0,partFour
FNDA:0,generateImage
FNDA:0,generateDateTime
FNDA:0,generateAttributes
FNDA:0,getSvg
DA:42,0
DA:43,0
DA:44,0
DA:45,0
DA:47,0
DA:57,0
DA:80,0
DA:82,0
DA:83,0
DA:84,0
DA:85,0
DA:86,0
DA:87,0
DA:88,0
DA:89,0
DA:90,0
DA:91,0
DA:93,0
DA:94,0
DA:95,0
DA:99,0
DA:103,0
DA:107,0
DA:111,0
DA:112,0
DA:116,0
DA:117,0
DA:121,0
DA:131,0
DA:132,0
DA:134,0
DA:135,0
DA:139,0
DA:143,0
DA:152,0
DA:153,0
DA:154,0
DA:155,0
DA:157,0
DA:164,0
DA:165,0
DA:166,0
DA:168,0
DA:170,0
DA:171,0
DA:173,0
DA:180,0
DA:181,0
DA:182,0
DA:191,0
DA:192,0
DA:193,0
DA:194,0
DA:195,0
DA:197,0
DA:285,0
DA:291,0
DA:299,0
DA:305,0
DA:309,1
DA:310,1
DA:314,0
DA:315,0
DA:319,3
DA:320,3
DA:321,3
DA:322,3
DA:323,3
DA:324,3
DA:325,3
DA:329,16
DA:330,15
DA:336,1
DA:337,1
DA:338,1
DA:339,1
DA:340,1
DA:349,1
DA:356,1
DA:357,1
DA:358,1
DA:359,1
DA:360,1
DA:364,3
DA:365,3
DA:369,0
DA:370,0
DA:371,0
DA:375,0
DA:376,0
DA:377,0
DA:381,0
DA:382,0
DA:383,0
DA:387,3
DA:388,3
DA:392,3
DA:393,3
DA:397,2
DA:398,2
DA:402,2
DA:403,2
DA:407,0
DA:412,0
DA:413,0
DA:417,0
DA:422,0
DA:423,0
DA:427,1
DA:428,1
DA:435,0
DA:436,0
DA:437,0
DA:438,0
DA:439,0
DA:443,1
DA:447,1
DA:448,1
DA:452,3
DA:453,3
DA:462,1
DA:463,1
DA:464,1
DA:468,0
DA:469,0
DA:473,0
DA:477,0
DA:478,0
DA:482,0
DA:487,0
DA:488,0
DA:489,0
DA:492,0
DA:494,0
DA:495,0
DA:496,0
DA:497,0
DA:504,0
DA:518,0
DA:519,0
DA:521,0
DA:527,1
DA:529,0
DA:533,0
DA:549,0
DA:569,0
DA:570,0
DA:591,0
DA:613,0
DA:627,0
DA:641,0
DA:655,0
DA:669,0
DA:685,0
DA:701,0
DA:724,0
DA:737,0
DA:738,0
LF:158
LH:43
BRDA:42,1,0,0
BRDA:42,1,1,0
BRDA:135,2,0,0
BRDA:135,2,1,0
BRDA:136,3,0,0
BRDA:136,3,1,0
BRDA:137,4,0,0
BRDA:137,4,1,0
BRDA:138,5,0,0
BRDA:138,5,1,0
BRDA:170,6,0,0
BRDA:170,6,1,0
BRDA:183,7,0,0
BRDA:183,7,1,0
BRDA:285,8,0,0
BRDA:285,8,1,0
BRDA:286,9,0,0
BRDA:286,9,1,0
BRDA:286,10,0,0
BRDA:286,10,1,0
BRDA:299,11,0,0
BRDA:299,11,1,0
BRDA:300,12,0,0
BRDA:300,12,1,0
BRDA:300,13,0,0
BRDA:300,13,1,0
BRDA:309,14,0,1
BRDA:309,14,1,0
BRDA:314,15,0,0
BRDA:314,15,1,0
BRDA:329,16,0,15
BRDA:329,16,1,1
BRDA:329,17,0,15
BRDA:329,17,1,0
BRDA:336,18,0,1
BRDA:336,18,1,0
BRDA:363,19,0,3
BRDA:363,19,1,0
BRDA:368,20,0,0
BRDA:368,20,1,0
BRDA:374,21,0,0
BRDA:374,21,1,0
BRDA:375,22,0,0
BRDA:375,22,1,0
BRDA:380,23,0,0
BRDA:380,23,1,0
BRDA:381,24,0,0
BRDA:381,24,1,0
BRDA:386,25,0,3
BRDA:386,25,1,1
BRDA:391,26,0,3
BRDA:391,26,1,0
BRDA:396,27,0,2
BRDA:396,27,1,0
BRDA:401,28,0,2
BRDA:401,28,1,0
BRDA:406,29,0,0
BRDA:406,29,1,0
BRDA:407,30,0,0
BRDA:407,30,1,0
BRDA:408,31,0,0
BRDA:408,31,1,0
BRDA:416,32,0,0
BRDA:416,32,1,0
BRDA:417,33,0,0
BRDA:417,33,1,0
BRDA:418,34,0,0
BRDA:418,34,1,0
BRDA:426,35,0,1
BRDA:426,35,1,0
BRDA:434,36,0,0
BRDA:434,36,1,0
BRDA:435,37,0,0
BRDA:435,37,1,0
BRDA:442,38,0,1
BRDA:442,38,1,0
BRDA:443,39,0,1
BRDA:443,39,1,0
BRDA:451,40,0,3
BRDA:451,40,1,0
BRDA:461,41,0,1
BRDA:461,41,1,0
BRDA:461,42,0,1
BRDA:461,42,1,0
BRDA:462,43,0,1
BRDA:462,43,1,0
BRDA:464,44,0,0
BRDA:464,44,1,1
BRDA:469,45,0,0
BRDA:469,45,1,0
BRDA:470,46,0,0
BRDA:470,46,1,0
BRDA:473,47,0,0
BRDA:473,47,1,0
BRDA:477,48,0,0
BRDA:477,48,1,0
BRDA:478,49,0,0
BRDA:478,49,1,0
BRDA:479,50,0,0
BRDA:479,50,1,0
BRDA:482,51,0,0
BRDA:482,51,1,0
BRDA:503,52,0,0
BRDA:503,52,1,0
BRDA:503,53,0,0
BRDA:503,53,1,0
BRDA:503,54,0,0
BRDA:503,54,1,0
BRDA:514,55,0,0
BRDA:514,55,1,0
BRDA:515,56,0,0
BRDA:515,56,1,0
BRDA:516,57,0,0
BRDA:516,57,1,0
BRDA:518,58,0,0
BRDA:518,58,1,0
BRDA:527,59,0,0
BRDA:527,59,1,1
BRDA:630,60,0,0
BRDA:630,60,1,0
BRDA:644,61,0,0
BRDA:644,61,1,0
BRDA:658,62,0,0
BRDA:658,62,1,0
BRDA:672,63,0,0
BRDA:672,63,1,0
BRDA:688,64,0,0
BRDA:688,64,1,0
BRF:128
BRH:20
end_of_record
TN:
SF:/Volumes/Data/DPMC/dpmc-github-repo_jan06/dpmc-smart-contracts/contracts/nft-redeem-smart-contract.sol
FN:40,constructor
FN:52,onERC721Received
FN:57,onlyAdmin
FN:62,setIsRedeemable
FN:67,addOrRemoveAdmin
FN:72,updateBlacklistedAddress
FN:77,updateBlacklistedTokenId
FN:82,updateNFEaddress
FN:87,updateDPMCaddress
FN:92,updatePayoutAddress
FN:97,redeem
FN:115,supportsInterface
FNF:12
FNH:9
FNDA:3,constructor
FNDA:0,onERC721Received
FNDA:3,onlyAdmin
FNDA:1,setIsRedeemable
FNDA:4,addOrRemoveAdmin
FNDA:2,updateBlacklistedAddress
FNDA:0,updateBlacklistedTokenId
FNDA:3,updateNFEaddress
FNDA:3,updateDPMCaddress
FNDA:3,updatePayoutAddress
FNDA:3,redeem
FNDA:0,supportsInterface
DA:41,3
DA:42,3
DA:43,3
DA:44,3
DA:46,3
DA:47,3
DA:48,3
DA:49,3
DA:53,0
DA:54,0
DA:58,3
DA:59,3
DA:63,1
DA:64,1
DA:68,4
DA:69,4
DA:73,2
DA:74,2
DA:78,0
DA:79,0
DA:83,3
DA:84,3
DA:88,3
DA:89,3
DA:93,3
DA:94,3
DA:98,3
DA:99,3
DA:100,2
DA:101,2
DA:102,2
DA:104,2
DA:105,2
DA:107,2
DA:108,2
DA:109,2
DA:110,2
DA:112,2
DA:116,0
LF:39
LH:34
BRDA:58,1,0,3
BRDA:58,1,1,0
BRDA:58,2,0,3
BRDA:58,2,1,0
BRDA:62,3,0,1
BRDA:62,3,1,0
BRDA:67,4,0,4
BRDA:67,4,1,0
BRDA:72,5,0,2
BRDA:72,5,1,0
BRDA:77,6,0,0
BRDA:77,6,1,0
BRDA:82,7,0,3
BRDA:82,7,1,1
BRDA:87,8,0,3
BRDA:87,8,1,0
BRDA:92,9,0,3
BRDA:92,9,1,0
BRDA:97,10,0,3
BRDA:97,10,1,0
BRDA:98,11,0,3
BRDA:98,11,1,0
BRDA:99,12,0,2
BRDA:99,12,1,1
BRDA:100,13,0,2
BRDA:100,13,1,0
BRDA:101,14,0,2
BRDA:101,14,1,0
BRDA:102,15,0,2
BRDA:102,15,1,0
BRDA:108,16,0,2
BRDA:108,16,1,0
BRDA:109,17,0,2
BRDA:109,17,1,0
BRDA:116,18,0,0
BRDA:116,18,1,0
BRF:36
BRH:18
end_of_record
TN:
SF:/Volumes/Data/DPMC/dpmc-github-repo_jan06/dpmc-smart-contracts/contracts/nft-staking-smart-contract.sol
FN:29,constructor
FN:40,whenNotPaused
FN:52,whenPaused
FN:60,paused
FN:67,_requireNotPaused
FN:74,_requirePaused
FN:85,_pause
FN:97,_unpause
FN:109,tryAdd
FN:125,trySub
FN:140,tryMul
FN:160,tryDiv
FN:175,tryMod
FN:195,add
FN:209,sub
FN:223,mul
FN:237,div
FN:253,mod
FN:270,sub
FN:293,div
FN:319,mod
FN:339,current
FN:343,increment
FN:349,decrement
FN:357,reset
FN:389,_daysFromDate
FN:429,_daysToDate
FN:450,timestampFromDate
FN:458,timestampFromDateTime
FN:476,timestampToDate
FN:482,timestampToDateTime
FN:504,isValidDate
FN:517,isValidDateTime
FN:532,isLeapYear
FN:537,_isLeapYear
FN:541,isWeekDay
FN:545,isWeekEnd
FN:549,getDaysInMonth
FN:556,_getDaysInMonth
FN:578,getDayOfWeek
FN:585,getYear
FN:589,getMonth
FN:593,getDay
FN:597,getHour
FN:602,getMinute
FN:607,getSecond
FN:611,addYears
FN:630,addMonths
FN:651,addDays
FN:659,addHours
FN:667,addMinutes
FN:675,addSeconds
FN:683,subYears
FN:702,subMonths
FN:723,subDays
FN:731,subHours
FN:739,subMinutes
FN:747,subSeconds
FN:755,diffYears
FN:765,diffMonths
FN:779,diffDays
FN:787,diffHours
FN:795,diffMinutes
FN:803,diffSeconds
FN:938,constructor
FN:960,pause
FN:964,unpause
FN:968,onERC721Received
FN:983,splitSignature
FN:1002,recoverSigner
FN:1009,onlyAdmin
FN:1017,addOrRemoveAdmin
FN:1024,updateMaxStakingPool
FN:1033,updateBlacklistedAddress
FN:1041,updateBlacklistedTokenId
FN:1046,updateForceUnstakeInDays
FN:1051,updateMinStake
FN:1056,updateRestrictedReStaking
FN:1061,updateSignerAddress
FN:1066,updateNFEaddress
FN:1071,updateDPMCaddress
FN:1076,updateRewardAddress
FN:1081,updatePercentageUsed
FN:1089,updateAprPercentage
FN:1103,updatePenaltyPercentage
FN:1116,isRestricted
FN:1120,calculatePenaltyValue
FN:1130,calculatePenaltyBRV
FN:1138,GPV
FN:1145,AMP
FN:1150,SPP
FN:1158,BRV
FN:1164,calculateBasedRewardValue
FN:1180,convertUsdtToToken
FN:1188,getCertPriceInUsdt
FN:1195,periodList
FN:1214,periodInUnixTimestamp
FN:1226,forcedUnstakePeriodInUnixTimestamp
FN:1237,calculatePercentage
FN:1245,_calculateRewards
FN:1275,staking
FN:1371,forceStop
FN:1396,getTokenValue
FN:1401,createStake
FN:1426,calculateEstimatedBRV
FN:1435,emitStakingEvent
FN:1468,unStaking
FN:1552,supportsInterface
FNF:108
FNH:54
FNDA:4,constructor
FNDA:26,whenNotPaused
FNDA:2,whenPaused
FNDA:28,paused
FNDA:26,_requireNotPaused
FNDA:2,_requirePaused
FNDA:2,_pause
FNDA:2,_unpause
FNDA:0,tryAdd
FNDA:0,trySub
FNDA:0,tryMul
FNDA:0,tryDiv
FNDA:0,tryMod
FNDA:0,add
FNDA:0,sub
FNDA:36,mul
FNDA:12,div
FNDA:0,mod
FNDA:0,sub
FNDA:0,div
FNDA:0,mod
FNDA:8,current
FNDA:12,increment
FNDA:0,decrement
FNDA:0,reset
FNDA:0,_daysFromDate
FNDA:0,_daysToDate
FNDA:0,timestampFromDate
FNDA:0,timestampFromDateTime
FNDA:0,timestampToDate
FNDA:0,timestampToDateTime
FNDA:0,isValidDate
FNDA:0,isValidDateTime
FNDA:0,isLeapYear
FNDA:0,_isLeapYear
FNDA:0,isWeekDay
FNDA:0,isWeekEnd
FNDA:0,getDaysInMonth
FNDA:0,_getDaysInMonth
FNDA:0,getDayOfWeek
FNDA:0,getYear
FNDA:0,getMonth
FNDA:0,getDay
FNDA:0,getHour
FNDA:0,getMinute
FNDA:0,getSecond
FNDA:0,addYears
FNDA:0,addMonths
FNDA:0,addDays
FNDA:0,addHours
FNDA:25,addMinutes
FNDA:0,addSeconds
FNDA:0,subYears
FNDA:0,subMonths
FNDA:0,subDays
FNDA:0,subHours
FNDA:17,subMinutes
FNDA:0,subSeconds
FNDA:0,diffYears
FNDA:0,diffMonths
FNDA:0,diffDays
FNDA:0,diffHours
FNDA:0,diffMinutes
FNDA:0,diffSeconds
FNDA:4,constructor
FNDA:2,pause
FNDA:2,unpause
FNDA:9,onERC721Received
FNDA:0,splitSignature
FNDA:21,recoverSigner
FNDA:48,onlyAdmin
FNDA:4,addOrRemoveAdmin
FNDA:2,updateMaxStakingPool
FNDA:6,updateBlacklistedAddress
FNDA:2,updateBlacklistedTokenId
FNDA:0,updateForceUnstakeInDays
FNDA:2,updateMinStake
FNDA:5,updateRestrictedReStaking
FNDA:4,updateSignerAddress
FNDA:4,updateNFEaddress
FNDA:4,updateDPMCaddress
FNDA:4,updateRewardAddress
FNDA:2,updatePercentageUsed
FNDA:3,updateAprPercentage
FNDA:3,updatePenaltyPercentage
FNDA:18,isRestricted
FNDA:1,calculatePenaltyValue
FNDA:9,calculatePenaltyBRV
FNDA:12,GPV
FNDA:12,AMP
FNDA:12,SPP
FNDA:12,BRV
FNDA:11,calculateBasedRewardValue
FNDA:19,convertUsdtToToken
FNDA:9,getCertPriceInUsdt
FNDA:1,periodList
FNDA:25,periodInUnixTimestamp
FNDA:17,forcedUnstakePeriodInUnixTimestamp
FNDA:1,calculatePercentage
FNDA:8,_calculateRewards
FNDA:23,staking
FNDA:2,forceStop
FNDA:23,getTokenValue
FNDA:8,createStake
FNDA:0,calculateEstimatedBRV
FNDA:8,emitStakingEvent
FNDA:8,unStaking
FNDA:0,supportsInterface
DA:30,4
DA:41,26
DA:42,25
DA:53,2
DA:54,2
DA:61,28
DA:68,26
DA:75,2
DA:86,2
DA:87,2
DA:98,2
DA:99,2
DA:113,0
DA:114,0
DA:115,0
DA:116,0
DA:129,0
DA:130,0
DA:131,0
DA:144,0
DA:148,0
DA:149,0
DA:150,0
DA:151,0
DA:164,0
DA:165,0
DA:166,0
DA:179,0
DA:180,0
DA:181,0
DA:196,0
DA:210,0
DA:224,36
DA:238,12
DA:254,0
DA:275,0
DA:276,0
DA:277,0
DA:298,0
DA:299,0
DA:300,0
DA:324,0
DA:325,0
DA:326,0
DA:340,8
DA:344,12
DA:345,12
DA:350,0
DA:351,0
DA:352,0
DA:353,0
DA:358,0
DA:394,0
DA:395,0
DA:396,0
DA:397,0
DA:399,0
DA:409,0
DA:432,0
DA:434,0
DA:435,0
DA:436,0
DA:437,0
DA:438,0
DA:439,0
DA:440,0
DA:441,0
DA:442,0
DA:443,0
DA:445,0
DA:446,0
DA:447,0
DA:455,0
DA:466,0
DA:479,0
DA:496,0
DA:497,0
DA:498,0
DA:499,0
DA:500,0
DA:501,0
DA:509,0
DA:510,0
DA:511,0
DA:512,0
DA:525,0
DA:526,0
DA:527,0
DA:533,0
DA:534,0
DA:538,0
DA:542,0
DA:546,0
DA:552,0
DA:553,0
DA:560,0
DA:569,0
DA:571,0
DA:573,0
DA:581,0
DA:582,0
DA:586,0
DA:590,0
DA:594,0
DA:598,0
DA:599,0
DA:603,0
DA:604,0
DA:608,0
DA:615,0
DA:618,0
DA:619,0
DA:620,0
DA:621,0
DA:623,0
DA:627,0
DA:634,0
DA:637,0
DA:638,0
DA:639,0
DA:640,0
DA:641,0
DA:642,0
DA:644,0
DA:648,0
DA:655,0
DA:656,0
DA:663,0
DA:664,0
DA:671,25
DA:672,25
DA:679,0
DA:680,0
DA:687,0
DA:690,0
DA:691,0
DA:692,0
DA:693,0
DA:695,0
DA:699,0
DA:706,0
DA:709,0
DA:710,0
DA:711,0
DA:712,0
DA:713,0
DA:714,0
DA:716,0
DA:720,0
DA:727,0
DA:728,0
DA:735,0
DA:736,0
DA:743,17
DA:744,17
DA:751,0
DA:752,0
DA:759,0
DA:760,0
DA:761,0
DA:762,0
DA:769,0
DA:770,0
DA:773,0
DA:776,0
DA:783,0
DA:784,0
DA:791,0
DA:792,0
DA:799,0
DA:800,0
DA:807,0
DA:808,0
DA:939,4
DA:940,4
DA:941,4
DA:942,4
DA:943,4
DA:944,4
DA:945,4
DA:946,4
DA:947,4
DA:948,4
DA:949,4
DA:950,4
DA:951,4
DA:952,4
DA:953,4
DA:954,4
DA:955,4
DA:956,4
DA:957,4
DA:961,2
DA:965,2
DA:975,9
DA:976,9
DA:977,9
DA:978,9
DA:979,9
DA:980,9
DA:986,0
DA:987,0
DA:988,0
DA:989,0
DA:990,0
DA:999,0
DA:1006,21
DA:1010,48
DA:1014,47
DA:1018,4
DA:1019,4
DA:1025,2
DA:1026,2
DA:1027,2
DA:1034,6
DA:1035,6
DA:1042,2
DA:1043,2
DA:1047,0
DA:1048,0
DA:1052,2
DA:1053,2
DA:1057,5
DA:1058,5
DA:1062,4
DA:1063,4
DA:1067,4
DA:1068,4
DA:1072,4
DA:1073,4
DA:1077,4
DA:1078,4
DA:1082,2
DA:1083,2
DA:1090,3
DA:1094,2
DA:1096,2
DA:1097,2
DA:1104,3
DA:1108,2
DA:1112,1
DA:1113,1
DA:1117,18
DA:1125,1
DA:1126,1
DA:1127,1
DA:1134,9
DA:1135,9
DA:1142,12
DA:1146,12
DA:1147,12
DA:1154,12
DA:1155,12
DA:1160,12
DA:1161,12
DA:1170,11
DA:1171,11
DA:1172,11
DA:1173,11
DA:1177,11
DA:1184,19
DA:1185,19
DA:1192,9
DA:1196,1
DA:1197,1
DA:1199,1
DA:1200,13
DA:1201,4
DA:1202,4
DA:1207,1
DA:1211,1
DA:1217,25
DA:1219,25
DA:1223,25
DA:1230,17
DA:1234,17
DA:1241,1
DA:1242,1
DA:1255,8
DA:1259,8
DA:1265,8
DA:1266,8
DA:1276,23
DA:1277,23
DA:1278,23
DA:1282,22
DA:1283,20
DA:1284,20
DA:1285,19
DA:1289,16
DA:1293,15
DA:1299,14
DA:1308,14
DA:1312,12
DA:1316,10
DA:1321,9
DA:1326,8
DA:1328,8
DA:1334,8
DA:1344,8
DA:1345,8
DA:1354,8
DA:1356,8
DA:1358,8
DA:1360,8
DA:1372,2
DA:1373,2
DA:1375,2
DA:1376,2
DA:1378,2
DA:1379,2
DA:1381,2
DA:1387,1
DA:1397,23
DA:1398,23
DA:1409,8
DA:1410,8
DA:1411,8
DA:1412,8
DA:1413,8
DA:1414,8
DA:1415,8
DA:1416,8
DA:1417,8
DA:1418,8
DA:1421,8
DA:1422,8
DA:1423,8
DA:1444,8
DA:1445,8
DA:1447,8
DA:1469,8
DA:1470,7
DA:1471,7
DA:1473,7
DA:1476,7
DA:1481,6
DA:1482,5
DA:1486,4
DA:1491,2
DA:1492,2
DA:1495,2
DA:1499,2
DA:1501,2
DA:1502,0
DA:1507,0
DA:1511,0
DA:1513,2
DA:1519,2
DA:1522,2
DA:1523,1
DA:1526,1
DA:1531,1
DA:1533,1
DA:1534,1
DA:1537,1
DA:1538,1
DA:1541,1
DA:1553,0
LF:359
LH:195
BRDA:68,1,0,25
BRDA:68,1,1,1
BRDA:75,2,0,2
BRDA:75,2,1,0
BRDA:85,3,0,2
BRDA:85,3,1,0
BRDA:97,4,0,2
BRDA:97,4,1,0
BRDA:115,5,0,0
BRDA:115,5,1,0
BRDA:130,6,0,0
BRDA:130,6,1,0
BRDA:148,7,0,0
BRDA:148,7,1,0
BRDA:150,8,0,0
BRDA:150,8,1,0
BRDA:165,9,0,0
BRDA:165,9,1,0
BRDA:180,10,0,0
BRDA:180,10,1,0
BRDA:276,11,0,0
BRDA:276,11,1,0
BRDA:299,12,0,0
BRDA:299,12,1,0
BRDA:325,13,0,0
BRDA:325,13,1,0
BRDA:351,14,0,0
BRDA:351,14,1,0
BRDA:394,15,0,0
BRDA:394,15,1,0
BRDA:509,16,0,0
BRDA:509,16,1,0
BRDA:511,17,0,0
BRDA:511,17,1,0
BRDA:525,18,0,0
BRDA:525,18,1,0
BRDA:526,19,0,0
BRDA:526,19,1,0
BRDA:560,20,0,0
BRDA:560,20,1,0
BRDA:561,21,0,0
BRDA:561,21,1,0
BRDA:561,22,0,0
BRDA:561,22,1,0
BRDA:561,23,0,0
BRDA:561,23,1,0
BRDA:561,24,0,0
BRDA:561,24,1,0
BRDA:561,25,0,0
BRDA:561,25,1,0
BRDA:561,26,0,0
BRDA:561,26,1,0
BRDA:570,27,0,0
BRDA:570,27,1,0
BRDA:573,28,0,0
BRDA:573,28,1,0
BRDA:620,29,0,0
BRDA:620,29,1,0
BRDA:627,30,0,0
BRDA:627,30,1,0
BRDA:641,31,0,0
BRDA:641,31,1,0
BRDA:648,32,0,0
BRDA:648,32,1,0
BRDA:656,33,0,0
BRDA:656,33,1,0
BRDA:664,34,0,0
BRDA:664,34,1,0
BRDA:672,35,0,25
BRDA:672,35,1,0
BRDA:680,36,0,0
BRDA:680,36,1,0
BRDA:692,37,0,0
BRDA:692,37,1,0
BRDA:699,38,0,0
BRDA:699,38,1,0
BRDA:713,39,0,0
BRDA:713,39,1,0
BRDA:720,40,0,0
BRDA:720,40,1,0
BRDA:728,41,0,0
BRDA:728,41,1,0
BRDA:736,42,0,0
BRDA:736,42,1,0
BRDA:744,43,0,17
BRDA:744,43,1,0
BRDA:752,44,0,0
BRDA:752,44,1,0
BRDA:759,45,0,0
BRDA:759,45,1,0
BRDA:769,46,0,0
BRDA:769,46,1,0
BRDA:783,47,0,0
BRDA:783,47,1,0
BRDA:791,48,0,0
BRDA:791,48,1,0
BRDA:799,49,0,0
BRDA:799,49,1,0
BRDA:807,50,0,0
BRDA:807,50,1,0
BRDA:960,51,0,2
BRDA:960,51,1,0
BRDA:964,52,0,2
BRDA:964,52,1,0
BRDA:986,53,0,0
BRDA:986,53,1,0
BRDA:1010,54,0,47
BRDA:1010,54,1,1
BRDA:1011,55,0,47
BRDA:1011,55,1,0
BRDA:1017,56,0,4
BRDA:1017,56,1,0
BRDA:1024,57,0,2
BRDA:1024,57,1,0
BRDA:1033,58,0,6
BRDA:1033,58,1,0
BRDA:1041,59,0,2
BRDA:1041,59,1,0
BRDA:1046,60,0,0
BRDA:1046,60,1,0
BRDA:1051,61,0,2
BRDA:1051,61,1,0
BRDA:1056,62,0,5
BRDA:1056,62,1,1
BRDA:1061,63,0,4
BRDA:1061,63,1,0
BRDA:1066,64,0,4
BRDA:1066,64,1,0
BRDA:1071,65,0,4
BRDA:1071,65,1,0
BRDA:1076,66,0,4
BRDA:1076,66,1,0
BRDA:1081,67,0,2
BRDA:1081,67,1,0
BRDA:1089,68,0,3
BRDA:1089,68,1,0
BRDA:1090,69,0,2
BRDA:1090,69,1,1
BRDA:1103,70,0,3
BRDA:1103,70,1,0
BRDA:1104,71,0,2
BRDA:1104,71,1,1
BRDA:1108,72,0,1
BRDA:1108,72,1,1
BRDA:1200,73,0,4
BRDA:1200,73,1,9
BRDA:1275,74,0,23
BRDA:1275,74,1,1
BRDA:1275,75,0,23
BRDA:1275,75,1,0
BRDA:1278,76,0,22
BRDA:1278,76,1,1
BRDA:1279,77,0,22
BRDA:1279,77,1,0
BRDA:1282,78,0,20
BRDA:1282,78,1,2
BRDA:1283,79,0,20
BRDA:1283,79,1,0
BRDA:1284,80,0,19
BRDA:1284,80,1,1
BRDA:1285,81,0,16
BRDA:1285,81,1,3
BRDA:1289,82,0,15
BRDA:1289,82,1,1
BRDA:1293,83,0,14
BRDA:1293,83,1,1
BRDA:1308,84,0,12
BRDA:1308,84,1,2
BRDA:1312,85,0,10
BRDA:1312,85,1,2
BRDA:1316,86,0,9
BRDA:1316,86,1,1
BRDA:1321,87,0,8
BRDA:1321,87,1,1
BRDA:1371,88,0,2
BRDA:1371,88,1,0
BRDA:1371,89,0,2
BRDA:1371,89,1,0
BRDA:1373,90,0,2
BRDA:1373,90,1,0
BRDA:1468,91,0,8
BRDA:1468,91,1,1
BRDA:1469,92,0,7
BRDA:1469,92,1,1
BRDA:1470,93,0,7
BRDA:1470,93,1,0
BRDA:1476,94,0,6
BRDA:1476,94,1,1
BRDA:1481,95,0,5
BRDA:1481,95,1,1
BRDA:1482,96,0,4
BRDA:1482,96,1,1
BRDA:1486,97,0,2
BRDA:1486,97,1,2
BRDA:1493,98,0,0
BRDA:1493,98,1,2
BRDA:1496,99,0,0
BRDA:1496,99,1,2
BRDA:1501,100,0,0
BRDA:1501,100,1,2
BRDA:1522,101,0,1
BRDA:1522,101,1,1
BRDA:1523,102,0,1
BRDA:1523,102,1,0
BRDA:1553,103,0,0
BRDA:1553,103,1,0
BRF:206
BRH:81
end_of_record
TN:
SF:/Volumes/Data/DPMC/dpmc-github-repo_jan06/dpmc-smart-contracts/contracts/stable-staking-smart-contract.sol
FN:38,_daysFromDate
FN:78,_daysToDate
FN:99,timestampFromDate
FN:107,timestampFromDateTime
FN:125,timestampToDate
FN:131,timestampToDateTime
FN:153,isValidDate
FN:166,isValidDateTime
FN:181,isLeapYear
FN:186,_isLeapYear
FN:190,isWeekDay
FN:194,isWeekEnd
FN:198,getDaysInMonth
FN:205,_getDaysInMonth
FN:227,getDayOfWeek
FN:234,getYear
FN:238,getMonth
FN:242,getDay
FN:246,getHour
FN:251,getMinute
FN:256,getSecond
FN:260,addYears
FN:279,addMonths
FN:300,addDays
FN:308,addHours
FN:316,addMinutes
FN:324,addSeconds
FN:332,subYears
FN:351,subMonths
FN:372,subDays
FN:380,subHours
FN:388,subMinutes
FN:396,subSeconds
FN:404,diffYears
FN:414,diffMonths
FN:428,diffDays
FN:436,diffHours
FN:444,diffMinutes
FN:452,diffSeconds
FN:702,constructor
FN:740,onlyAdmin
FN:745,onlyValidAddress
FN:750,addOrRemoveAdmin
FN:755,pause
FN:760,unpause
FN:765,updateLockMode
FN:775,getLockedAmount
FN:782,updateUserLockedAmount
FN:792,recoverSigner
FN:799,updateThreshold
FN:819,updateStakingPoolAndReward
FN:826,updateLockingPool
FN:831,updateBondingPeriod
FN:840,updateWithdrawalPeriod
FN:847,updatePersonalMinStake
FN:856,updateInstitutionalMinStake
FN:863,updateTotalMaxStakingPool
FN:873,updateMaxStakeForTier
FN:882,updateAdditionalInterestForTier
FN:891,updateStakingToken
FN:900,updateLockingToken
FN:910,getUserTier
FN:918,getGlobalUserTier
FN:939,getTierName
FN:955,getAllTiers
FN:1001,calculateStakingInterest
FN:1019,calculateMonthlyStakingInterest
FN:1036,addStakingPeriod
FN:1057,updateStakingPeriod
FN:1074,disableStakingPeriod
FN:1089,enableStakingPeriod
FN:1108,periodList
FN:1161,executeStaking
FN:1239,createStakeInfo
FN:1288,updateTokenLockedInfo
FN:1309,stake
FN:1340,getTierMinimumLocked
FN:1348,validateStakeConditions
FN:1404,handleTransfers
FN:1422,forceStop
FN:1464,requestWithdrawPrincipal
FN:1528,withdrawPrincipal
FN:1584,withdrawInterest
FN:1662,getUserStakeInfo
FNF:84
FNH:47
FNDA:194,_daysFromDate
FNDA:194,_daysToDate
FNDA:0,timestampFromDate
FNDA:0,timestampFromDateTime
FNDA:0,timestampToDate
FNDA:0,timestampToDateTime
FNDA:0,isValidDate
FNDA:0,isValidDateTime
FNDA:0,isLeapYear
FNDA:0,_isLeapYear
FNDA:0,isWeekDay
FNDA:0,isWeekEnd
FNDA:0,getDaysInMonth
FNDA:194,_getDaysInMonth
FNDA:0,getDayOfWeek
FNDA:0,getYear
FNDA:0,getMonth
FNDA:0,getDay
FNDA:0,getHour
FNDA:0,getMinute
FNDA:0,getSecond
FNDA:0,addYears
FNDA:194,addMonths
FNDA:0,addDays
FNDA:0,addHours
FNDA:0,addMinutes
FNDA:0,addSeconds
FNDA:0,subYears
FNDA:0,subMonths
FNDA:0,subDays
FNDA:0,subHours
FNDA:0,subMinutes
FNDA:0,subSeconds
FNDA:0,diffYears
FNDA:0,diffMonths
FNDA:0,diffDays
FNDA:0,diffHours
FNDA:0,diffMinutes
FNDA:0,diffSeconds
FNDA:14,constructor
FNDA:159,onlyAdmin
FNDA:6,onlyValidAddress
FNDA:12,addOrRemoveAdmin
FNDA:3,pause
FNDA:3,unpause
FNDA:7,updateLockMode
FNDA:422,getLockedAmount
FNDA:185,updateUserLockedAmount
FNDA:221,recoverSigner
FNDA:52,updateThreshold
FNDA:2,updateStakingPoolAndReward
FNDA:2,updateLockingPool
FNDA:1,updateBondingPeriod
FNDA:1,updateWithdrawalPeriod
FNDA:2,updatePersonalMinStake
FNDA:0,updateInstitutionalMinStake
FNDA:7,updateTotalMaxStakingPool
FNDA:4,updateMaxStakeForTier
FNDA:12,updateAdditionalInterestForTier
FNDA:1,updateStakingToken
FNDA:1,updateLockingToken
FNDA:400,getUserTier
FNDA:1,getGlobalUserTier
FNDA:23,getTierName
FNDA:1,getAllTiers
FNDA:0,calculateStakingInterest
FNDA:184,calculateMonthlyStakingInterest
FNDA:57,addStakingPeriod
FNDA:2,updateStakingPeriod
FNDA:7,disableStakingPeriod
FNDA:8,enableStakingPeriod
FNDA:7,periodList
FNDA:200,executeStaking
FNDA:183,createStakeInfo
FNDA:63,updateTokenLockedInfo
FNDA:209,stake
FNDA:67,getTierMinimumLocked
FNDA:200,validateStakeConditions
FNDA:184,handleTransfers
FNDA:1,forceStop
FNDA:4,requestWithdrawPrincipal
FNDA:4,withdrawPrincipal
FNDA:12,withdrawInterest
FNDA:23,getUserStakeInfo
DA:43,194
DA:44,194
DA:45,194
DA:46,194
DA:48,194
DA:58,194
DA:81,194
DA:83,194
DA:84,194
DA:85,194
DA:86,194
DA:87,194
DA:88,194
DA:89,194
DA:90,194
DA:91,194
DA:92,194
DA:94,194
DA:95,194
DA:96,194
DA:104,0
DA:115,0
DA:128,0
DA:145,0
DA:146,0
DA:147,0
DA:148,0
DA:149,0
DA:150,0
DA:158,0
DA:159,0
DA:160,0
DA:161,0
DA:174,0
DA:175,0
DA:176,0
DA:182,0
DA:183,0
DA:187,0
DA:191,0
DA:195,0
DA:201,0
DA:202,0
DA:209,194
DA:218,194
DA:220,0
DA:222,0
DA:230,0
DA:231,0
DA:235,0
DA:239,0
DA:243,0
DA:247,0
DA:248,0
DA:252,0
DA:253,0
DA:257,0
DA:264,0
DA:267,0
DA:268,0
DA:269,0
DA:270,0
DA:272,0
DA:276,0
DA:283,194
DA:286,194
DA:287,194
DA:288,194
DA:289,194
DA:290,194
DA:291,0
DA:293,194
DA:297,194
DA:304,0
DA:305,0
DA:312,0
DA:313,0
DA:320,0
DA:321,0
DA:328,0
DA:329,0
DA:336,0
DA:339,0
DA:340,0
DA:341,0
DA:342,0
DA:344,0
DA:348,0
DA:355,0
DA:358,0
DA:359,0
DA:360,0
DA:361,0
DA:362,0
DA:363,0
DA:365,0
DA:369,0
DA:376,0
DA:377,0
DA:384,0
DA:385,0
DA:392,0
DA:393,0
DA:400,0
DA:401,0
DA:408,0
DA:409,0
DA:410,0
DA:411,0
DA:418,0
DA:419,0
DA:422,0
DA:425,0
DA:432,0
DA:433,0
DA:440,0
DA:441,0
DA:448,0
DA:449,0
DA:456,0
DA:457,0
DA:709,14
DA:710,14
DA:711,14
DA:713,14
DA:714,14
DA:715,14
DA:716,14
DA:717,14
DA:718,14
DA:719,14
DA:721,14
DA:722,14
DA:723,14
DA:724,14
DA:725,14
DA:727,14
DA:728,14
DA:729,14
DA:730,14
DA:731,14
DA:734,14
DA:735,14
DA:736,14
DA:737,14
DA:741,159
DA:742,158
DA:746,6
DA:747,4
DA:751,12
DA:752,12
DA:756,3
DA:757,3
DA:761,3
DA:762,3
DA:766,7
DA:770,7
DA:772,7
DA:776,422
DA:787,185
DA:788,185
DA:796,221
DA:800,52
DA:801,15
DA:803,12
DA:805,11
DA:807,11
DA:809,3
DA:811,0
DA:814,52
DA:820,2
DA:821,2
DA:827,2
DA:828,2
DA:832,1
DA:833,1
DA:835,1
DA:841,1
DA:842,1
DA:844,1
DA:848,2
DA:849,2
DA:851,2
DA:857,0
DA:858,0
DA:860,0
DA:864,7
DA:865,6
DA:867,6
DA:874,4
DA:875,3
DA:876,3
DA:883,12
DA:887,8
DA:888,8
DA:892,1
DA:893,0
DA:895,0
DA:897,0
DA:901,1
DA:902,0
DA:904,0
DA:905,0
DA:907,0
DA:911,400
DA:912,347
DA:913,264
DA:914,231
DA:915,107
DA:922,1
DA:924,1
DA:925,1
DA:927,1
DA:928,1
DA:931,1
DA:932,1
DA:933,0
DA:934,0
DA:936,0
DA:940,23
DA:948,23
DA:949,23
DA:952,0
DA:956,1
DA:959,1
DA:966,1
DA:974,1
DA:975,5
DA:976,5
DA:978,5
DA:979,4
DA:983,1
DA:987,5
DA:991,5
DA:992,5
DA:993,5
DA:998,1
DA:1007,0
DA:1008,0
DA:1012,0
DA:1013,0
DA:1016,0
DA:1024,184
DA:1027,184
DA:1029,184
DA:1037,57
DA:1038,56
DA:1039,56
DA:1040,56
DA:1049,56
DA:1050,56
DA:1058,2
DA:1062,1
DA:1063,0
DA:1064,0
DA:1065,0
DA:1075,7
DA:1079,7
DA:1080,7
DA:1093,8
DA:1097,7
DA:1098,7
DA:1099,7
DA:1120,7
DA:1121,7
DA:1122,7
DA:1123,7
DA:1124,7
DA:1125,7
DA:1126,7
DA:1128,7
DA:1129,28
DA:1130,28
DA:1131,28
DA:1132,28
DA:1133,28
DA:1134,28
DA:1135,28
DA:1136,28
DA:1137,28
DA:1138,28
DA:1142,7
DA:1151,7
DA:1169,200
DA:1175,184
DA:1176,184
DA:1177,184
DA:1178,184
DA:1179,184
DA:1180,184
DA:1181,184
DA:1182,184
DA:1183,184
DA:1184,184
DA:1187,184
DA:1188,184
DA:1192,38
DA:1194,146
DA:1196,184
DA:1197,184
DA:1198,184
DA:1203,184
DA:1204,184
DA:1210,183
DA:1211,183
DA:1212,183
DA:1215,183
DA:1218,179
DA:1219,63
DA:1223,175
DA:1243,183
DA:1246,183
DA:1247,183
DA:1251,183
DA:1267,183
DA:1268,183
DA:1271,183
DA:1272,183
DA:1273,183
DA:1274,183
DA:1277,183
DA:1278,183
DA:1279,183
DA:1280,183
DA:1282,183
DA:1283,183
DA:1285,179
DA:1292,63
DA:1310,209
DA:1311,204
DA:1322,204
DA:1323,203
DA:1328,200
DA:1330,200
DA:1341,67
DA:1342,66
DA:1343,35
DA:1344,19
DA:1345,3
DA:1354,200
DA:1355,193
DA:1359,192
DA:1364,191
DA:1366,191
DA:1370,191
DA:1371,191
DA:1372,191
DA:1373,189
DA:1377,188
DA:1382,2
DA:1386,2
DA:1390,2
DA:1393,187
DA:1394,64
DA:1395,62
DA:1409,184
DA:1414,183
DA:1415,63
DA:1424,1
DA:1425,1
DA:1426,1
DA:1429,1
DA:1430,1
DA:1433,1
DA:1434,1
DA:1439,1
DA:1440,1
DA:1441,1
DA:1443,1
DA:1444,0
DA:1445,0
DA:1449,1
DA:1450,1
DA:1452,1
DA:1453,1
DA:1457,1
DA:1465,4
DA:1466,4
DA:1470,4
DA:1471,4
DA:1476,4
DA:1479,4
DA:1480,4
DA:1481,4
DA:1488,3
DA:1489,3
DA:1492,3
DA:1493,3
DA:1498,3
DA:1499,3
DA:1500,3
DA:1502,3
DA:1503,1
DA:1504,1
DA:1508,3
DA:1509,3
DA:1511,3
DA:1512,3
DA:1516,3
DA:1529,4
DA:1530,4
DA:1534,4
DA:1535,4
DA:1540,4
DA:1543,4
DA:1544,4
DA:1545,3
DA:1546,3
DA:1549,2
DA:1550,2
DA:1552,2
DA:1553,2
DA:1554,2
DA:1555,2
DA:1556,1
DA:1557,1
DA:1558,1
DA:1559,1
DA:1560,1
DA:1561,1
DA:1562,1
DA:1563,1
DA:1564,1
DA:1569,2
DA:1585,12
DA:1589,11
DA:1592,10
DA:1603,10
DA:1604,10
DA:1606,10
DA:1608,10
DA:1609,10
DA:1610,10
DA:1612,10
DA:1613,10
DA:1614,10
DA:1617,10
DA:1626,8
DA:1627,6
DA:1632,3
DA:1634,3
DA:1636,2
DA:1637,2
DA:1643,2
DA:1646,2
DA:1647,2
DA:1648,1
DA:1650,1
DA:1651,1
DA:1653,1
DA:1666,23
DA:1667,23
DA:1668,23
DA:1672,23
DA:1673,23
DA:1675,23
DA:1681,23
DA:1686,23
LF:458
LH:342
BRDA:43,1,0,194
BRDA:43,1,1,0
BRDA:158,2,0,0
BRDA:158,2,1,0
BRDA:160,3,0,0
BRDA:160,3,1,0
BRDA:174,4,0,0
BRDA:174,4,1,0
BRDA:175,5,0,0
BRDA:175,5,1,0
BRDA:209,6,0,194
BRDA:209,6,1,0
BRDA:210,7,0,1
BRDA:210,7,1,0
BRDA:210,8,0,0
BRDA:210,8,1,0
BRDA:210,9,0,0
BRDA:210,9,1,182
BRDA:210,10,0,182
BRDA:210,10,1,10
BRDA:210,11,0,10
BRDA:210,11,1,1
BRDA:210,12,0,1
BRDA:210,12,1,0
BRDA:219,13,0,0
BRDA:219,13,1,0
BRDA:222,14,0,0
BRDA:222,14,1,0
BRDA:269,15,0,0
BRDA:269,15,1,0
BRDA:276,16,0,0
BRDA:276,16,1,0
BRDA:290,17,0,0
BRDA:290,17,1,194
BRDA:297,18,0,194
BRDA:297,18,1,0
BRDA:305,19,0,0
BRDA:305,19,1,0
BRDA:313,20,0,0
BRDA:313,20,1,0
BRDA:321,21,0,0
BRDA:321,21,1,0
BRDA:329,22,0,0
BRDA:329,22,1,0
BRDA:341,23,0,0
BRDA:341,23,1,0
BRDA:348,24,0,0
BRDA:348,24,1,0
BRDA:362,25,0,0
BRDA:362,25,1,0
BRDA:369,26,0,0
BRDA:369,26,1,0
BRDA:377,27,0,0
BRDA:377,27,1,0
BRDA:385,28,0,0
BRDA:385,28,1,0
BRDA:393,29,0,0
BRDA:393,29,1,0
BRDA:401,30,0,0
BRDA:401,30,1,0
BRDA:408,31,0,0
BRDA:408,31,1,0
BRDA:418,32,0,0
BRDA:418,32,1,0
BRDA:432,33,0,0
BRDA:432,33,1,0
BRDA:440,34,0,0
BRDA:440,34,1,0
BRDA:448,35,0,0
BRDA:448,35,1,0
BRDA:456,36,0,0
BRDA:456,36,1,0
BRDA:709,37,0,14
BRDA:709,37,1,0
BRDA:710,38,0,14
BRDA:710,38,1,0
BRDA:711,39,0,14
BRDA:711,39,1,0
BRDA:741,40,0,158
BRDA:741,40,1,1
BRDA:741,41,0,102
BRDA:741,41,1,56
BRDA:746,42,0,4
BRDA:746,42,1,2
BRDA:750,43,0,12
BRDA:750,43,1,2
BRDA:755,44,0,3
BRDA:755,44,1,1
BRDA:760,45,0,3
BRDA:760,45,1,0
BRDA:765,46,0,7
BRDA:765,46,1,0
BRDA:766,47,0,7
BRDA:766,47,1,0
BRDA:778,48,0,0
BRDA:778,48,1,422
BRDA:787,49,0,185
BRDA:787,49,1,0
BRDA:799,50,0,52
BRDA:799,50,1,0
BRDA:800,51,0,15
BRDA:800,51,1,37
BRDA:802,52,0,12
BRDA:802,52,1,25
BRDA:804,53,0,11
BRDA:804,53,1,14
BRDA:806,54,0,11
BRDA:806,54,1,3
BRDA:808,55,0,3
BRDA:808,55,1,0
BRDA:819,56,0,2
BRDA:819,56,1,1
BRDA:819,57,0,2
BRDA:819,57,1,0
BRDA:826,58,0,2
BRDA:826,58,1,1
BRDA:826,59,0,2
BRDA:826,59,1,0
BRDA:831,60,0,1
BRDA:831,60,1,0
BRDA:832,61,0,1
BRDA:832,61,1,0
BRDA:840,62,0,1
BRDA:840,62,1,0
BRDA:841,63,0,1
BRDA:841,63,1,0
BRDA:847,64,0,2
BRDA:847,64,1,0
BRDA:848,65,0,2
BRDA:848,65,1,0
BRDA:856,66,0,0
BRDA:856,66,1,0
BRDA:857,67,0,0
BRDA:857,67,1,0
BRDA:863,68,0,7
BRDA:863,68,1,0
BRDA:864,69,0,6
BRDA:864,69,1,1
BRDA:873,70,0,4
BRDA:873,70,1,0
BRDA:874,71,0,3
BRDA:874,71,1,1
BRDA:882,72,0,12
BRDA:882,72,1,0
BRDA:883,73,0,8
BRDA:883,73,1,4
BRDA:891,74,0,1
BRDA:891,74,1,0
BRDA:892,75,0,0
BRDA:892,75,1,1
BRDA:900,76,0,1
BRDA:900,76,1,0
BRDA:901,77,0,0
BRDA:901,77,1,1
BRDA:911,78,0,53
BRDA:911,78,1,347
BRDA:912,79,0,83
BRDA:912,79,1,264
BRDA:913,80,0,33
BRDA:913,80,1,231
BRDA:914,81,0,124
BRDA:914,81,1,107
BRDA:927,82,0,1
BRDA:927,82,1,0
BRDA:931,83,0,0
BRDA:931,83,1,1
BRDA:932,84,0,1
BRDA:932,84,1,0
BRDA:933,85,0,0
BRDA:933,85,1,0
BRDA:934,86,0,0
BRDA:934,86,1,0
BRDA:948,87,0,23
BRDA:948,87,1,0
BRDA:978,88,0,4
BRDA:978,88,1,1
BRDA:988,89,0,1
BRDA:988,89,1,4
BRDA:1007,90,0,0
BRDA:1007,90,1,0
BRDA:1014,91,0,0
BRDA:1014,91,1,0
BRDA:1036,92,0,57
BRDA:1036,92,1,0
BRDA:1037,93,0,56
BRDA:1037,93,1,1
BRDA:1038,94,0,56
BRDA:1038,94,1,0
BRDA:1039,95,0,56
BRDA:1039,95,1,0
BRDA:1057,96,0,2
BRDA:1057,96,1,0
BRDA:1058,97,0,1
BRDA:1058,97,1,1
BRDA:1062,98,0,0
BRDA:1062,98,1,1
BRDA:1063,99,0,0
BRDA:1063,99,1,0
BRDA:1075,100,0,7
BRDA:1075,100,1,0
BRDA:1093,101,0,7
BRDA:1093,101,1,1
BRDA:1131,102,0,28
BRDA:1131,102,1,0
BRDA:1185,103,0,66
BRDA:1185,103,1,118
BRDA:1188,104,0,38
BRDA:1188,104,1,146
BRDA:1218,105,0,63
BRDA:1218,105,1,116
BRDA:1309,106,0,209
BRDA:1309,106,1,1
BRDA:1309,107,0,209
BRDA:1309,107,1,0
BRDA:1310,108,0,204
BRDA:1310,108,1,5
BRDA:1322,109,0,203
BRDA:1322,109,1,1
BRDA:1323,110,0,200
BRDA:1323,110,1,3
BRDA:1341,111,0,1
BRDA:1341,111,1,66
BRDA:1342,112,0,31
BRDA:1342,112,1,35
BRDA:1343,113,0,16
BRDA:1343,113,1,19
BRDA:1344,114,0,16
BRDA:1344,114,1,3
BRDA:1354,115,0,193
BRDA:1354,115,1,7
BRDA:1355,116,0,192
BRDA:1355,116,1,1
BRDA:1359,117,0,191
BRDA:1359,117,1,1
BRDA:1368,118,0,55
BRDA:1368,118,1,136
BRDA:1372,119,0,189
BRDA:1372,119,1,2
BRDA:1373,120,0,188
BRDA:1373,120,1,1
BRDA:1377,121,0,186
BRDA:1377,121,1,2
BRDA:1381,122,0,2
BRDA:1381,122,1,0
BRDA:1382,123,0,2
BRDA:1382,123,1,0
BRDA:1386,124,0,2
BRDA:1386,124,1,0
BRDA:1390,125,0,1
BRDA:1390,125,1,1
BRDA:1393,126,0,64
BRDA:1393,126,1,123
BRDA:1394,127,0,62
BRDA:1394,127,1,2
BRDA:1395,128,0,61
BRDA:1395,128,1,1
BRDA:1396,129,0,61
BRDA:1396,129,1,0
BRDA:1414,130,0,63
BRDA:1414,130,1,120
BRDA:1422,131,0,1
BRDA:1422,131,1,0
BRDA:1422,132,0,1
BRDA:1422,132,1,0
BRDA:1425,133,0,1
BRDA:1425,133,1,0
BRDA:1426,134,0,1
BRDA:1426,134,1,0
BRDA:1435,135,0,1
BRDA:1435,135,1,0
BRDA:1441,136,0,1
BRDA:1441,136,1,0
BRDA:1443,137,0,0
BRDA:1443,137,1,1
BRDA:1464,138,0,4
BRDA:1464,138,1,0
BRDA:1465,139,0,4
BRDA:1465,139,1,0
BRDA:1470,140,0,4
BRDA:1470,140,1,0
BRDA:1471,141,0,4
BRDA:1471,141,1,0
BRDA:1480,142,0,4
BRDA:1480,142,1,0
BRDA:1481,143,0,3
BRDA:1481,143,1,1
BRDA:1494,144,0,3
BRDA:1494,144,1,0
BRDA:1500,145,0,3
BRDA:1500,145,1,0
BRDA:1502,146,0,1
BRDA:1502,146,1,2
BRDA:1528,147,0,4
BRDA:1528,147,1,0
BRDA:1529,148,0,4
BRDA:1529,148,1,0
BRDA:1534,149,0,4
BRDA:1534,149,1,0
BRDA:1535,150,0,4
BRDA:1535,150,1,0
BRDA:1544,151,0,3
BRDA:1544,151,1,1
BRDA:1545,152,0,3
BRDA:1545,152,1,0
BRDA:1546,153,0,2
BRDA:1546,153,1,1
BRDA:1552,154,0,2
BRDA:1552,154,1,0
BRDA:1553,155,0,2
BRDA:1553,155,1,0
BRDA:1555,156,0,1
BRDA:1555,156,1,1
BRDA:1556,157,0,1
BRDA:1556,157,1,0
BRDA:1559,158,0,1
BRDA:1559,158,1,0
BRDA:1560,159,0,1
BRDA:1560,159,1,0
BRDA:1584,160,0,12
BRDA:1584,160,1,0
BRDA:1585,161,0,11
BRDA:1585,161,1,1
BRDA:1589,162,0,10
BRDA:1589,162,1,1
BRDA:1603,163,0,10
BRDA:1603,163,1,0
BRDA:1604,164,0,10
BRDA:1604,164,1,0
BRDA:1617,165,0,8
BRDA:1617,165,1,2
BRDA:1626,166,0,6
BRDA:1626,166,1,2
BRDA:1627,167,0,3
BRDA:1627,167,1,3
BRDA:1634,168,0,2
BRDA:1634,168,1,1
BRDA:1646,169,0,2
BRDA:1646,169,1,0
BRDA:1647,170,0,1
BRDA:1647,170,1,1
BRDA:1670,171,0,4
BRDA:1670,171,1,19
BRF:342
BRH:198
end_of_record
